46.5964 	WARNING 	Monitor specification not found. Creating a temporary one...
46.5988 	WARNING 	User requested fullscreen with size [1680 1050], but screen is actually [2880, 1800]. Using actual size
47.6880 	EXP 	Created window1 = Window(allowGUI=False, allowStencil=False, args=UNKNOWN, autoLog=True, bitsMode=UNKNOWN, blendMode='avg', color=array([0., 0., 0.]), colorSpace='rgb', fullscr=<method-wrapper '__getattribute__' of attributeSetter object at 0x0000028996F85278>, gamma=None, kwargs=UNKNOWN, lms=UNKNOWN, monitor=<psychopy.monitors.calibTools.Monitor object at 0x0000028996F4CF98>, multiSample=False, name='window1', numSamples=2, pos=[0.0, 0.0], screen=0, size=array([2880, 1800]), stereo=False, units='height', useFBO=True, useRetina=False, viewOri=0.0, viewPos=None, viewScale=None, waitBlanking=True, winType='pyglet')
47.6880 	EXP 	window1: recordFrameIntervals = False
47.8535 	EXP 	window1: recordFrameIntervals = True
48.0371 	EXP 	window1: recordFrameIntervals = False
48.5003 	EXP 	Created gen_instr_txt = TextStim(__class__=<class 'psychopy.visual.text.TextStim'>, alignHoriz='center', alignVert='center', antialias=True, autoLog=True, bold=False, color='white', colorSpace='named', contrast=1.0, depth=0.0, flipHoriz=False, flipVert=False, font='Arial', fontFiles=[], height=0.05, italic=False, languageStyle='LTR', name='gen_instr_txt', opacity=1.0, ori=0, pos=array([0., 0.]), rgb=array([255., 255., 255.]), text=str(...), units='height', win=Window(...), wrapWidth=1)
48.5131 	EXP 	Created instr_cont = TextStim(__class__=<class 'psychopy.visual.text.TextStim'>, alignHoriz='center', alignVert='center', antialias=True, autoLog=True, bold=False, color='white', colorSpace='named', contrast=1.0, depth=-2.0, flipHoriz=False, flipVert=False, font='Arial', fontFiles=[], height=0.05, italic=False, languageStyle='LTR', name='instr_cont', opacity=1.0, ori=0, pos=array([ 0. , -0.4]), rgb=array([255., 255., 255.]), text='Press SPACE to continue.', units='height', win=Window(...), wrapWidth=1)
48.5481 	EXP 	Created gen_instr_2_txt = TextStim(__class__=<class 'psychopy.visual.text.TextStim'>, alignHoriz='center', alignVert='center', antialias=True, autoLog=True, bold=False, color='white', colorSpace='named', contrast=1.0, depth=0.0, flipHoriz=False, flipVert=False, font='Arial', fontFiles=[], height=0.05, italic=False, languageStyle='LTR', name='gen_instr_2_txt', opacity=1.0, ori=0, pos=array([0., 0.]), rgb=array([255., 255., 255.]), text=str(...), units='height', win=Window(...), wrapWidth=1)
48.5568 	EXP 	Created instr_2_cont = TextStim(__class__=<class 'psychopy.visual.text.TextStim'>, alignHoriz='center', alignVert='center', antialias=True, autoLog=True, bold=False, color='white', colorSpace='named', contrast=1.0, depth=-2.0, flipHoriz=False, flipVert=False, font='Arial', fontFiles=[], height=0.05, italic=False, languageStyle='LTR', name='instr_2_cont', opacity=1.0, ori=0, pos=array([ 0. , -0.4]), rgb=array([255., 255., 255.]), text='Press SPACE to continue.', units='height', win=Window(...), wrapWidth=1)
48.5641 	EXP 	Created rdy_txt = TextStim(__class__=<class 'psychopy.visual.text.TextStim'>, alignHoriz='center', alignVert='center', antialias=True, autoLog=True, bold=False, color='white', colorSpace='named', contrast=1.0, depth=0.0, flipHoriz=False, flipVert=False, font='Arial', fontFiles=[], height=0.05, italic=False, languageStyle='LTR', name='rdy_txt', opacity=1.0, ori=0, pos=array([0., 0.]), rgb=array([255., 255., 255.]), text='default text', units='height', win=Window(...), wrapWidth=1)
48.5721 	EXP 	Created rdy_cont = TextStim(__class__=<class 'psychopy.visual.text.TextStim'>, alignHoriz='center', alignVert='center', antialias=True, autoLog=True, bold=False, color='white', colorSpace='named', contrast=1.0, depth=-2.0, flipHoriz=False, flipVert=False, font='Arial', fontFiles=[], height=0.05, italic=False, languageStyle='LTR', name='rdy_cont', opacity=1.0, ori=0, pos=array([ 0. , -0.4]), rgb=array([255., 255., 255.]), text='Press SPACE to begin.', units='height', win=Window(...), wrapWidth=1)
48.6012 	EXP 	Created NL_Pair = TextStim(__class__=<class 'psychopy.visual.text.TextStim'>, alignHoriz='center', alignVert='center', antialias=True, autoLog=True, bold=False, color='white', colorSpace='named', contrast=1.0, depth=0.0, flipHoriz=False, flipVert=False, font='Arial', fontFiles=[], height=0.1, italic=False, languageStyle='LTR', name='NL_Pair', opacity=1.0, ori=0, pos=array([0., 0.]), rgb=array([255., 255., 255.]), text='default text', units='height', win=Window(...), wrapWidth=1)
48.6070 	EXP 	Created number_reminder = TextStim(__class__=<class 'psychopy.visual.text.TextStim'>, alignHoriz='center', alignVert='center', antialias=True, autoLog=True, bold=False, color='white', colorSpace='named', contrast=1.0, depth=-2.0, flipHoriz=False, flipVert=False, font='Arial', fontFiles=[], height=0.05, italic=False, languageStyle='LTR', name='number_reminder', opacity=1.0, ori=0, pos=array([0.  , 0.45]), rgb=array([255., 255., 255.]), text='default text', units='height', win=Window(...), wrapWidth=1)
48.6128 	EXP 	Created letter_reminder = TextStim(__class__=<class 'psychopy.visual.text.TextStim'>, alignHoriz='center', alignVert='center', antialias=True, autoLog=True, bold=False, color='white', colorSpace='named', contrast=1.0, depth=-3.0, flipHoriz=False, flipVert=False, font='Arial', fontFiles=[], height=0.05, italic=False, languageStyle='LTR', name='letter_reminder', opacity=1.0, ori=0, pos=array([ 0.  , -0.45]), rgb=array([255., 255., 255.]), text='default text', units='height', win=Window(...), wrapWidth=1)
48.6184 	EXP 	Created fdbk_txt = TextStim(__class__=<class 'psychopy.visual.text.TextStim'>, alignHoriz='center', alignVert='center', antialias=True, autoLog=True, bold=False, color='white', colorSpace='named', contrast=1.0, depth=0.0, flipHoriz=False, flipVert=False, font='Arial', fontFiles=[], height=0.05, italic=False, languageStyle='LTR', name='fdbk_txt', opacity=1.0, ori=0, pos=array([0., 0.]), rgb=array([255., 255., 255.]), text='default text', units='height', win=Window(...), wrapWidth=1)
48.6275 	EXP 	Created fdbk_cont = TextStim(__class__=<class 'psychopy.visual.text.TextStim'>, alignHoriz='center', alignVert='center', antialias=True, autoLog=True, bold=False, color='white', colorSpace='named', contrast=1.0, depth=-2.0, flipHoriz=False, flipVert=False, font='Arial', fontFiles=[], height=0.05, italic=False, languageStyle='LTR', name='fdbk_cont', opacity=1.0, ori=0, pos=array([ 0. , -0.4]), rgb=array([255., 255., 255.]), text='Press SPACE to continue.', units='height', win=Window(...), wrapWidth=1)
48.7038 	EXP 	gen_instr_txt: autoDraw = True
48.7038 	EXP 	instr_cont: autoDraw = True
83.5142 	DATA 	Keypress: space
83.5359 	EXP 	gen_instr_txt: autoDraw = False
83.5359 	EXP 	instr_cont: autoDraw = False
83.5359 	EXP 	gen_instr_2_txt: autoDraw = True
83.5359 	EXP 	instr_2_cont: autoDraw = True
222.4640 	EXP 	Imported NLT_Blocks.xlsx as conditions, 3 conditions, 4 params
222.4644 	EXP 	Created sequence: sequential, trialTypes=3, nReps=1, seed=None
222.4649 	EXP 	New trial (rep=0, index=0): OrderedDict([('block', 1), ('cond_file', 'NLT_Block_1.xlsx'), ('ready_msg', 'Respond by pressing:\n        F if the number is odd\n        J if the number is even\n\nRemember...\n        Odd numbers are 1, 3, 5, 7, and 9\n        Even numbers are 2, 4, 6, and 8'), ('fdbk_msg', 'Good work! \n\nIn this second block, number-letter pairs will only appear on the bottom half of the screen. \n\nDecide if the letter is a consonant or a vowel. ')])
222.5442 	DATA 	Keypress: space
222.5662 	EXP 	gen_instr_2_txt: autoDraw = False
222.5662 	EXP 	instr_2_cont: autoDraw = False
222.5662 	EXP 	rdy_txt: text = 'Respond by pressing:\n        F if the number is odd\n        J if the number is even\n\nRemember...\n        Odd numbers are 1, 3, 5, 7, and 9\n        Even numbers are 2, 4, 6, and 8'
222.5662 	EXP 	rdy_txt: autoDraw = True
222.5662 	EXP 	rdy_cont: autoDraw = True
367.3495 	EXP 	Imported NLT_Block_1.xlsx as conditions, 32 conditions, 7 params
367.3502 	EXP 	Created sequence: sequential, trialTypes=32, nReps=1, seed=None
367.3511 	EXP 	New trial (rep=0, index=0): OrderedDict([('pair', '2G'), ('allowed', 'fj'), ('correct', 'j'), ('state', 'TopLeft'), ('position', [-0.3, 0.25]), ('num_reminder', 'F = Odd        J = Even'), ('lett_reminder', ' ')])
367.4132 	DATA 	Keypress: space
367.4300 	EXP 	rdy_txt: autoDraw = False
367.4300 	EXP 	rdy_cont: autoDraw = False
367.4300 	EXP 	NL_Pair: pos = array([-0.3 ,  0.25])
367.4300 	EXP 	NL_Pair: text = '2G'
367.4300 	EXP 	number_reminder: text = 'F = Odd        J = Even'
367.4300 	EXP 	letter_reminder: text = ' '
367.4300 	EXP 	NL_Pair: autoDraw = True
367.4300 	EXP 	number_reminder: autoDraw = True
367.4300 	EXP 	letter_reminder: autoDraw = True
370.2870 	DATA 	Keypress: j
377.2190 	EXP 	New trial (rep=0, index=1): OrderedDict([('pair', '5I'), ('allowed', 'fj'), ('correct', 'f'), ('state', 'TopRight'), ('position', [0.3, 0.25]), ('num_reminder', 'F = Odd        J = Even'), ('lett_reminder', ' ')])
377.2469 	DATA 	Keypress: j
377.2635 	EXP 	NL_Pair: autoDraw = False
377.2635 	EXP 	number_reminder: autoDraw = False
377.2635 	EXP 	letter_reminder: autoDraw = False
377.2635 	EXP 	NL_Pair: pos = array([0.3 , 0.25])
377.2635 	EXP 	NL_Pair: text = '5I'
377.2635 	EXP 	number_reminder: text = 'F = Odd        J = Even'
377.2635 	EXP 	letter_reminder: text = ' '
377.2635 	EXP 	NL_Pair: autoDraw = True
377.2635 	EXP 	number_reminder: autoDraw = True
377.2635 	EXP 	letter_reminder: autoDraw = True
379.2689 	EXP 	New trial (rep=0, index=2): OrderedDict([('pair', '2K'), ('allowed', 'fj'), ('correct', 'j'), ('state', 'TopLeft'), ('position', [-0.3, 0.25]), ('num_reminder', 'F = Odd        J = Even'), ('lett_reminder', ' ')])
379.2931 	DATA 	Keypress: f
379.3134 	EXP 	NL_Pair: autoDraw = False
379.3134 	EXP 	number_reminder: autoDraw = False
379.3134 	EXP 	letter_reminder: autoDraw = False
379.3134 	EXP 	NL_Pair: pos = array([-0.3 ,  0.25])
379.3134 	EXP 	NL_Pair: text = '2K'
379.3134 	EXP 	number_reminder: text = 'F = Odd        J = Even'
379.3134 	EXP 	letter_reminder: text = ' '
379.3134 	EXP 	NL_Pair: autoDraw = True
379.3134 	EXP 	number_reminder: autoDraw = True
379.3134 	EXP 	letter_reminder: autoDraw = True
380.8522 	EXP 	New trial (rep=0, index=3): OrderedDict([('pair', '7A'), ('allowed', 'fj'), ('correct', 'f'), ('state', 'TopRight'), ('position', [0.3, 0.25]), ('num_reminder', 'F = Odd        J = Even'), ('lett_reminder', ' ')])
380.8818 	DATA 	Keypress: j
380.8967 	EXP 	NL_Pair: autoDraw = False
380.8967 	EXP 	number_reminder: autoDraw = False
380.8967 	EXP 	letter_reminder: autoDraw = False
380.8967 	EXP 	NL_Pair: pos = array([0.3 , 0.25])
380.8967 	EXP 	NL_Pair: text = '7A'
380.8967 	EXP 	number_reminder: text = 'F = Odd        J = Even'
380.8967 	EXP 	letter_reminder: text = ' '
380.8967 	EXP 	NL_Pair: autoDraw = True
380.8967 	EXP 	number_reminder: autoDraw = True
380.8967 	EXP 	letter_reminder: autoDraw = True
382.0856 	EXP 	New trial (rep=0, index=4): OrderedDict([('pair', '1E'), ('allowed', 'fj'), ('correct', 'f'), ('state', 'TopLeft'), ('position', [-0.3, 0.25]), ('num_reminder', 'F = Odd        J = Even'), ('lett_reminder', ' ')])
382.1151 	DATA 	Keypress: f
382.1300 	EXP 	NL_Pair: autoDraw = False
382.1300 	EXP 	number_reminder: autoDraw = False
382.1300 	EXP 	letter_reminder: autoDraw = False
382.1300 	EXP 	NL_Pair: pos = array([-0.3 ,  0.25])
382.1300 	EXP 	NL_Pair: text = '1E'
382.1300 	EXP 	number_reminder: text = 'F = Odd        J = Even'
382.1300 	EXP 	letter_reminder: text = ' '
382.1300 	EXP 	NL_Pair: autoDraw = True
382.1300 	EXP 	number_reminder: autoDraw = True
382.1300 	EXP 	letter_reminder: autoDraw = True
383.2022 	EXP 	New trial (rep=0, index=5): OrderedDict([('pair', '6R'), ('allowed', 'fj'), ('correct', 'j'), ('state', 'TopRight'), ('position', [0.3, 0.25]), ('num_reminder', 'F = Odd        J = Even'), ('lett_reminder', ' ')])
383.2326 	DATA 	Keypress: f
383.2467 	EXP 	NL_Pair: autoDraw = False
383.2467 	EXP 	number_reminder: autoDraw = False
383.2467 	EXP 	letter_reminder: autoDraw = False
383.2467 	EXP 	NL_Pair: pos = array([0.3 , 0.25])
383.2467 	EXP 	NL_Pair: text = '6R'
383.2467 	EXP 	number_reminder: text = 'F = Odd        J = Even'
383.2467 	EXP 	letter_reminder: text = ' '
383.2467 	EXP 	NL_Pair: autoDraw = True
383.2467 	EXP 	number_reminder: autoDraw = True
383.2467 	EXP 	letter_reminder: autoDraw = True
384.1516 	EXP 	New trial (rep=0, index=6): OrderedDict([('pair', '9I'), ('allowed', 'fj'), ('correct', 'f'), ('state', 'TopLeft'), ('position', [-0.3, 0.25]), ('num_reminder', 'F = Odd        J = Even'), ('lett_reminder', ' ')])
384.1735 	DATA 	Keypress: j
384.1967 	EXP 	NL_Pair: autoDraw = False
384.1967 	EXP 	number_reminder: autoDraw = False
384.1967 	EXP 	letter_reminder: autoDraw = False
384.1967 	EXP 	NL_Pair: pos = array([-0.3 ,  0.25])
384.1967 	EXP 	NL_Pair: text = '9I'
384.1967 	EXP 	number_reminder: text = 'F = Odd        J = Even'
384.1967 	EXP 	letter_reminder: text = ' '
384.1967 	EXP 	NL_Pair: autoDraw = True
384.1967 	EXP 	number_reminder: autoDraw = True
384.1967 	EXP 	letter_reminder: autoDraw = True
385.0862 	EXP 	New trial (rep=0, index=7): OrderedDict([('pair', '6M'), ('allowed', 'fj'), ('correct', 'j'), ('state', 'TopRight'), ('position', [0.3, 0.25]), ('num_reminder', 'F = Odd        J = Even'), ('lett_reminder', ' ')])
385.1103 	DATA 	Keypress: f
385.1300 	EXP 	NL_Pair: autoDraw = False
385.1300 	EXP 	number_reminder: autoDraw = False
385.1300 	EXP 	letter_reminder: autoDraw = False
385.1300 	EXP 	NL_Pair: pos = array([0.3 , 0.25])
385.1300 	EXP 	NL_Pair: text = '6M'
385.1300 	EXP 	number_reminder: text = 'F = Odd        J = Even'
385.1300 	EXP 	letter_reminder: text = ' '
385.1300 	EXP 	NL_Pair: autoDraw = True
385.1300 	EXP 	number_reminder: autoDraw = True
385.1300 	EXP 	letter_reminder: autoDraw = True
385.9855 	EXP 	New trial (rep=0, index=8): OrderedDict([('pair', '1R'), ('allowed', 'fj'), ('correct', 'f'), ('state', 'TopLeft'), ('position', [-0.3, 0.25]), ('num_reminder', 'F = Odd        J = Even'), ('lett_reminder', ' ')])
386.0000 	DATA 	Keypress: j
386.0133 	EXP 	NL_Pair: autoDraw = False
386.0133 	EXP 	number_reminder: autoDraw = False
386.0133 	EXP 	letter_reminder: autoDraw = False
386.0133 	EXP 	NL_Pair: pos = array([-0.3 ,  0.25])
386.0133 	EXP 	NL_Pair: text = '1R'
386.0133 	EXP 	number_reminder: text = 'F = Odd        J = Even'
386.0133 	EXP 	letter_reminder: text = ' '
386.0133 	EXP 	NL_Pair: autoDraw = True
386.0133 	EXP 	number_reminder: autoDraw = True
386.0133 	EXP 	letter_reminder: autoDraw = True
386.8355 	EXP 	New trial (rep=0, index=9): OrderedDict([('pair', '2R'), ('allowed', 'fj'), ('correct', 'j'), ('state', 'TopRight'), ('position', [0.3, 0.25]), ('num_reminder', 'F = Odd        J = Even'), ('lett_reminder', ' ')])
386.8504 	DATA 	Keypress: f
386.8631 	EXP 	NL_Pair: autoDraw = False
386.8631 	EXP 	number_reminder: autoDraw = False
386.8631 	EXP 	letter_reminder: autoDraw = False
386.8631 	EXP 	NL_Pair: pos = array([0.3 , 0.25])
386.8631 	EXP 	NL_Pair: text = '2R'
386.8631 	EXP 	number_reminder: text = 'F = Odd        J = Even'
386.8631 	EXP 	letter_reminder: text = ' '
386.8631 	EXP 	NL_Pair: autoDraw = True
386.8631 	EXP 	number_reminder: autoDraw = True
386.8631 	EXP 	letter_reminder: autoDraw = True
387.6855 	EXP 	New trial (rep=0, index=10): OrderedDict([('pair', '9E'), ('allowed', 'fj'), ('correct', 'f'), ('state', 'TopLeft'), ('position', [-0.3, 0.25]), ('num_reminder', 'F = Odd        J = Even'), ('lett_reminder', ' ')])
387.7001 	DATA 	Keypress: j
387.7133 	EXP 	NL_Pair: autoDraw = False
387.7133 	EXP 	number_reminder: autoDraw = False
387.7133 	EXP 	letter_reminder: autoDraw = False
387.7133 	EXP 	NL_Pair: pos = array([-0.3 ,  0.25])
387.7133 	EXP 	NL_Pair: text = '9E'
387.7133 	EXP 	number_reminder: text = 'F = Odd        J = Even'
387.7133 	EXP 	letter_reminder: text = ' '
387.7133 	EXP 	NL_Pair: autoDraw = True
387.7133 	EXP 	number_reminder: autoDraw = True
387.7133 	EXP 	letter_reminder: autoDraw = True
388.5540 	DATA 	Keypress: f
388.5689 	EXP 	New trial (rep=0, index=11): OrderedDict([('pair', '7K'), ('allowed', 'fj'), ('correct', 'f'), ('state', 'TopRight'), ('position', [0.3, 0.25]), ('num_reminder', 'F = Odd        J = Even'), ('lett_reminder', ' ')])
388.5965 	EXP 	NL_Pair: autoDraw = False
388.5965 	EXP 	number_reminder: autoDraw = False
388.5965 	EXP 	letter_reminder: autoDraw = False
388.5965 	EXP 	NL_Pair: pos = array([0.3 , 0.25])
388.5965 	EXP 	NL_Pair: text = '7K'
388.5965 	EXP 	number_reminder: text = 'F = Odd        J = Even'
388.5965 	EXP 	letter_reminder: text = ' '
388.5965 	EXP 	NL_Pair: autoDraw = True
388.5965 	EXP 	number_reminder: autoDraw = True
388.5965 	EXP 	letter_reminder: autoDraw = True
389.3701 	DATA 	Keypress: f
389.3855 	EXP 	New trial (rep=0, index=12): OrderedDict([('pair', '8M'), ('allowed', 'fj'), ('correct', 'j'), ('state', 'TopLeft'), ('position', [-0.3, 0.25]), ('num_reminder', 'F = Odd        J = Even'), ('lett_reminder', ' ')])
389.4130 	EXP 	NL_Pair: autoDraw = False
389.4130 	EXP 	number_reminder: autoDraw = False
389.4130 	EXP 	letter_reminder: autoDraw = False
389.4130 	EXP 	NL_Pair: pos = array([-0.3 ,  0.25])
389.4130 	EXP 	NL_Pair: text = '8M'
389.4130 	EXP 	number_reminder: text = 'F = Odd        J = Even'
389.4130 	EXP 	letter_reminder: text = ' '
389.4130 	EXP 	NL_Pair: autoDraw = True
389.4130 	EXP 	number_reminder: autoDraw = True
389.4130 	EXP 	letter_reminder: autoDraw = True
390.2884 	DATA 	Keypress: j
390.3020 	EXP 	New trial (rep=0, index=13): OrderedDict([('pair', '8K'), ('allowed', 'fj'), ('correct', 'j'), ('state', 'TopRight'), ('position', [0.3, 0.25]), ('num_reminder', 'F = Odd        J = Even'), ('lett_reminder', ' ')])
390.3299 	EXP 	NL_Pair: autoDraw = False
390.3299 	EXP 	number_reminder: autoDraw = False
390.3299 	EXP 	letter_reminder: autoDraw = False
390.3299 	EXP 	NL_Pair: pos = array([0.3 , 0.25])
390.3299 	EXP 	NL_Pair: text = '8K'
390.3299 	EXP 	number_reminder: text = 'F = Odd        J = Even'
390.3299 	EXP 	letter_reminder: text = ' '
390.3299 	EXP 	NL_Pair: autoDraw = True
390.3299 	EXP 	number_reminder: autoDraw = True
390.3299 	EXP 	letter_reminder: autoDraw = True
391.4869 	DATA 	Keypress: j
391.5020 	EXP 	New trial (rep=0, index=14): OrderedDict([('pair', '5G'), ('allowed', 'fj'), ('correct', 'f'), ('state', 'TopLeft'), ('position', [-0.3, 0.25]), ('num_reminder', 'F = Odd        J = Even'), ('lett_reminder', ' ')])
391.5299 	EXP 	NL_Pair: autoDraw = False
391.5299 	EXP 	number_reminder: autoDraw = False
391.5299 	EXP 	letter_reminder: autoDraw = False
391.5299 	EXP 	NL_Pair: pos = array([-0.3 ,  0.25])
391.5299 	EXP 	NL_Pair: text = '5G'
391.5299 	EXP 	number_reminder: text = 'F = Odd        J = Even'
391.5299 	EXP 	letter_reminder: text = ' '
391.5299 	EXP 	NL_Pair: autoDraw = True
391.5299 	EXP 	number_reminder: autoDraw = True
391.5299 	EXP 	letter_reminder: autoDraw = True
392.5354 	EXP 	New trial (rep=0, index=15): OrderedDict([('pair', '9U'), ('allowed', 'fj'), ('correct', 'f'), ('state', 'TopRight'), ('position', [0.3, 0.25]), ('num_reminder', 'F = Odd        J = Even'), ('lett_reminder', ' ')])
392.5599 	DATA 	Keypress: f
392.5799 	EXP 	NL_Pair: autoDraw = False
392.5799 	EXP 	number_reminder: autoDraw = False
392.5799 	EXP 	letter_reminder: autoDraw = False
392.5799 	EXP 	NL_Pair: pos = array([0.3 , 0.25])
392.5799 	EXP 	NL_Pair: text = '9U'
392.5799 	EXP 	number_reminder: text = 'F = Odd        J = Even'
392.5799 	EXP 	letter_reminder: text = ' '
392.5799 	EXP 	NL_Pair: autoDraw = True
392.5799 	EXP 	number_reminder: autoDraw = True
392.5799 	EXP 	letter_reminder: autoDraw = True
393.4863 	DATA 	Keypress: f
393.5020 	EXP 	New trial (rep=0, index=16): OrderedDict([('pair', '1G'), ('allowed', 'fj'), ('correct', 'f'), ('state', 'TopLeft'), ('position', [-0.3, 0.25]), ('num_reminder', 'F = Odd        J = Even'), ('lett_reminder', ' ')])
393.5298 	EXP 	NL_Pair: autoDraw = False
393.5298 	EXP 	number_reminder: autoDraw = False
393.5298 	EXP 	letter_reminder: autoDraw = False
393.5298 	EXP 	NL_Pair: pos = array([-0.3 ,  0.25])
393.5298 	EXP 	NL_Pair: text = '1G'
393.5298 	EXP 	number_reminder: text = 'F = Odd        J = Even'
393.5298 	EXP 	letter_reminder: text = ' '
393.5298 	EXP 	NL_Pair: autoDraw = True
393.5298 	EXP 	number_reminder: autoDraw = True
393.5298 	EXP 	letter_reminder: autoDraw = True
394.2854 	EXP 	New trial (rep=0, index=17): OrderedDict([('pair', '6I'), ('allowed', 'fj'), ('correct', 'j'), ('state', 'TopRight'), ('position', [0.3, 0.25]), ('num_reminder', 'F = Odd        J = Even'), ('lett_reminder', ' ')])
394.3010 	DATA 	Keypress: f
394.3131 	EXP 	NL_Pair: autoDraw = False
394.3131 	EXP 	number_reminder: autoDraw = False
394.3131 	EXP 	letter_reminder: autoDraw = False
394.3131 	EXP 	NL_Pair: pos = array([0.3 , 0.25])
394.3131 	EXP 	NL_Pair: text = '6I'
394.3131 	EXP 	number_reminder: text = 'F = Odd        J = Even'
394.3131 	EXP 	letter_reminder: text = ' '
394.3131 	EXP 	NL_Pair: autoDraw = True
394.3131 	EXP 	number_reminder: autoDraw = True
394.3131 	EXP 	letter_reminder: autoDraw = True
395.3853 	EXP 	New trial (rep=0, index=18): OrderedDict([('pair', '5U'), ('allowed', 'fj'), ('correct', 'f'), ('state', 'TopLeft'), ('position', [-0.3, 0.25]), ('num_reminder', 'F = Odd        J = Even'), ('lett_reminder', ' ')])
395.4001 	DATA 	Keypress: f
395.4131 	EXP 	NL_Pair: autoDraw = False
395.4131 	EXP 	number_reminder: autoDraw = False
395.4131 	EXP 	letter_reminder: autoDraw = False
395.4131 	EXP 	NL_Pair: pos = array([-0.3 ,  0.25])
395.4131 	EXP 	NL_Pair: text = '5U'
395.4131 	EXP 	number_reminder: text = 'F = Odd        J = Even'
395.4131 	EXP 	letter_reminder: text = ' '
395.4131 	EXP 	NL_Pair: autoDraw = True
395.4131 	EXP 	number_reminder: autoDraw = True
395.4131 	EXP 	letter_reminder: autoDraw = True
396.3019 	EXP 	New trial (rep=0, index=19): OrderedDict([('pair', '1M'), ('allowed', 'fj'), ('correct', 'f'), ('state', 'TopRight'), ('position', [0.3, 0.25]), ('num_reminder', 'F = Odd        J = Even'), ('lett_reminder', ' ')])
396.3166 	DATA 	Keypress: f
396.3298 	EXP 	NL_Pair: autoDraw = False
396.3298 	EXP 	number_reminder: autoDraw = False
396.3298 	EXP 	letter_reminder: autoDraw = False
396.3298 	EXP 	NL_Pair: pos = array([0.3 , 0.25])
396.3298 	EXP 	NL_Pair: text = '1M'
396.3298 	EXP 	number_reminder: text = 'F = Odd        J = Even'
396.3298 	EXP 	letter_reminder: text = ' '
396.3298 	EXP 	NL_Pair: autoDraw = True
396.3298 	EXP 	number_reminder: autoDraw = True
396.3298 	EXP 	letter_reminder: autoDraw = True
397.1354 	EXP 	New trial (rep=0, index=20): OrderedDict([('pair', '3M'), ('allowed', 'fj'), ('correct', 'f'), ('state', 'TopLeft'), ('position', [-0.3, 0.25]), ('num_reminder', 'F = Odd        J = Even'), ('lett_reminder', ' ')])
397.1573 	DATA 	Keypress: f
397.1797 	EXP 	NL_Pair: autoDraw = False
397.1797 	EXP 	number_reminder: autoDraw = False
397.1797 	EXP 	letter_reminder: autoDraw = False
397.1797 	EXP 	NL_Pair: pos = array([-0.3 ,  0.25])
397.1797 	EXP 	NL_Pair: text = '3M'
397.1797 	EXP 	number_reminder: text = 'F = Odd        J = Even'
397.1797 	EXP 	letter_reminder: text = ' '
397.1797 	EXP 	NL_Pair: autoDraw = True
397.1797 	EXP 	number_reminder: autoDraw = True
397.1797 	EXP 	letter_reminder: autoDraw = True
398.2019 	EXP 	New trial (rep=0, index=21): OrderedDict([('pair', '3K'), ('allowed', 'fj'), ('correct', 'f'), ('state', 'TopRight'), ('position', [0.3, 0.25]), ('num_reminder', 'F = Odd        J = Even'), ('lett_reminder', ' ')])
398.2167 	DATA 	Keypress: f
398.2298 	EXP 	NL_Pair: autoDraw = False
398.2298 	EXP 	number_reminder: autoDraw = False
398.2298 	EXP 	letter_reminder: autoDraw = False
398.2298 	EXP 	NL_Pair: pos = array([0.3 , 0.25])
398.2298 	EXP 	NL_Pair: text = '3K'
398.2298 	EXP 	number_reminder: text = 'F = Odd        J = Even'
398.2298 	EXP 	letter_reminder: text = ' '
398.2298 	EXP 	NL_Pair: autoDraw = True
398.2298 	EXP 	number_reminder: autoDraw = True
398.2298 	EXP 	letter_reminder: autoDraw = True
399.1180 	EXP 	New trial (rep=0, index=22): OrderedDict([('pair', '6E'), ('allowed', 'fj'), ('correct', 'j'), ('state', 'TopLeft'), ('position', [-0.3, 0.25]), ('num_reminder', 'F = Odd        J = Even'), ('lett_reminder', ' ')])
399.1336 	DATA 	Keypress: f
399.1464 	EXP 	NL_Pair: autoDraw = False
399.1464 	EXP 	number_reminder: autoDraw = False
399.1464 	EXP 	letter_reminder: autoDraw = False
399.1464 	EXP 	NL_Pair: pos = array([-0.3 ,  0.25])
399.1464 	EXP 	NL_Pair: text = '6E'
399.1464 	EXP 	number_reminder: text = 'F = Odd        J = Even'
399.1464 	EXP 	letter_reminder: text = ' '
399.1464 	EXP 	NL_Pair: autoDraw = True
399.1464 	EXP 	number_reminder: autoDraw = True
399.1464 	EXP 	letter_reminder: autoDraw = True
400.0019 	EXP 	New trial (rep=0, index=23): OrderedDict([('pair', '7I'), ('allowed', 'fj'), ('correct', 'f'), ('state', 'TopRight'), ('position', [0.3, 0.25]), ('num_reminder', 'F = Odd        J = Even'), ('lett_reminder', ' ')])
400.0176 	DATA 	Keypress: j
400.0297 	EXP 	NL_Pair: autoDraw = False
400.0297 	EXP 	number_reminder: autoDraw = False
400.0297 	EXP 	letter_reminder: autoDraw = False
400.0297 	EXP 	NL_Pair: pos = array([0.3 , 0.25])
400.0297 	EXP 	NL_Pair: text = '7I'
400.0297 	EXP 	number_reminder: text = 'F = Odd        J = Even'
400.0297 	EXP 	letter_reminder: text = ' '
400.0297 	EXP 	NL_Pair: autoDraw = True
400.0297 	EXP 	number_reminder: autoDraw = True
400.0297 	EXP 	letter_reminder: autoDraw = True
401.0352 	EXP 	New trial (rep=0, index=24): OrderedDict([('pair', '8E'), ('allowed', 'fj'), ('correct', 'j'), ('state', 'TopLeft'), ('position', [-0.3, 0.25]), ('num_reminder', 'F = Odd        J = Even'), ('lett_reminder', ' ')])
401.0499 	DATA 	Keypress: f
401.0630 	EXP 	NL_Pair: autoDraw = False
401.0630 	EXP 	number_reminder: autoDraw = False
401.0630 	EXP 	letter_reminder: autoDraw = False
401.0630 	EXP 	NL_Pair: pos = array([-0.3 ,  0.25])
401.0630 	EXP 	NL_Pair: text = '8E'
401.0630 	EXP 	number_reminder: text = 'F = Odd        J = Even'
401.0630 	EXP 	letter_reminder: text = ' '
401.0630 	EXP 	NL_Pair: autoDraw = True
401.0630 	EXP 	number_reminder: autoDraw = True
401.0630 	EXP 	letter_reminder: autoDraw = True
401.8200 	DATA 	Keypress: j
401.8353 	EXP 	New trial (rep=0, index=25): OrderedDict([('pair', '6A'), ('allowed', 'fj'), ('correct', 'j'), ('state', 'TopRight'), ('position', [0.3, 0.25]), ('num_reminder', 'F = Odd        J = Even'), ('lett_reminder', ' ')])
401.8629 	EXP 	NL_Pair: autoDraw = False
401.8629 	EXP 	number_reminder: autoDraw = False
401.8629 	EXP 	letter_reminder: autoDraw = False
401.8629 	EXP 	NL_Pair: pos = array([0.3 , 0.25])
401.8629 	EXP 	NL_Pair: text = '6A'
401.8629 	EXP 	number_reminder: text = 'F = Odd        J = Even'
401.8629 	EXP 	letter_reminder: text = ' '
401.8629 	EXP 	NL_Pair: autoDraw = True
401.8629 	EXP 	number_reminder: autoDraw = True
401.8629 	EXP 	letter_reminder: autoDraw = True
402.8686 	EXP 	New trial (rep=0, index=26): OrderedDict([('pair', '2U'), ('allowed', 'fj'), ('correct', 'j'), ('state', 'TopLeft'), ('position', [-0.3, 0.25]), ('num_reminder', 'F = Odd        J = Even'), ('lett_reminder', ' ')])
402.8835 	DATA 	Keypress: j
402.8962 	EXP 	NL_Pair: autoDraw = False
402.8962 	EXP 	number_reminder: autoDraw = False
402.8962 	EXP 	letter_reminder: autoDraw = False
402.8962 	EXP 	NL_Pair: pos = array([-0.3 ,  0.25])
402.8962 	EXP 	NL_Pair: text = '2U'
402.8962 	EXP 	number_reminder: text = 'F = Odd        J = Even'
402.8962 	EXP 	letter_reminder: text = ' '
402.8962 	EXP 	NL_Pair: autoDraw = True
402.8962 	EXP 	number_reminder: autoDraw = True
402.8962 	EXP 	letter_reminder: autoDraw = True
404.1185 	EXP 	New trial (rep=0, index=27): OrderedDict([('pair', '8R'), ('allowed', 'fj'), ('correct', 'j'), ('state', 'TopRight'), ('position', [0.3, 0.25]), ('num_reminder', 'F = Odd        J = Even'), ('lett_reminder', ' ')])
404.1341 	DATA 	Keypress: j
404.1463 	EXP 	NL_Pair: autoDraw = False
404.1463 	EXP 	number_reminder: autoDraw = False
404.1463 	EXP 	letter_reminder: autoDraw = False
404.1463 	EXP 	NL_Pair: pos = array([0.3 , 0.25])
404.1463 	EXP 	NL_Pair: text = '8R'
404.1463 	EXP 	number_reminder: text = 'F = Odd        J = Even'
404.1463 	EXP 	letter_reminder: text = ' '
404.1463 	EXP 	NL_Pair: autoDraw = True
404.1463 	EXP 	number_reminder: autoDraw = True
404.1463 	EXP 	letter_reminder: autoDraw = True
404.9368 	DATA 	Keypress: j
404.9518 	EXP 	New trial (rep=0, index=28): OrderedDict([('pair', '4A'), ('allowed', 'fj'), ('correct', 'j'), ('state', 'TopLeft'), ('position', [-0.3, 0.25]), ('num_reminder', 'F = Odd        J = Even'), ('lett_reminder', ' ')])
404.9963 	EXP 	NL_Pair: autoDraw = False
404.9963 	EXP 	number_reminder: autoDraw = False
404.9963 	EXP 	letter_reminder: autoDraw = False
404.9963 	EXP 	NL_Pair: pos = array([-0.3 ,  0.25])
404.9963 	EXP 	NL_Pair: text = '4A'
404.9963 	EXP 	number_reminder: text = 'F = Odd        J = Even'
404.9963 	EXP 	letter_reminder: text = ' '
404.9963 	EXP 	NL_Pair: autoDraw = True
404.9963 	EXP 	number_reminder: autoDraw = True
404.9963 	EXP 	letter_reminder: autoDraw = True
405.8018 	EXP 	New trial (rep=0, index=29): OrderedDict([('pair', '5R'), ('allowed', 'fj'), ('correct', 'f'), ('state', 'TopRight'), ('position', [0.3, 0.25]), ('num_reminder', 'F = Odd        J = Even'), ('lett_reminder', ' ')])
405.8175 	DATA 	Keypress: j
405.8295 	EXP 	NL_Pair: autoDraw = False
405.8295 	EXP 	number_reminder: autoDraw = False
405.8295 	EXP 	letter_reminder: autoDraw = False
405.8295 	EXP 	NL_Pair: pos = array([0.3 , 0.25])
405.8295 	EXP 	NL_Pair: text = '5R'
405.8295 	EXP 	number_reminder: text = 'F = Odd        J = Even'
405.8295 	EXP 	letter_reminder: text = ' '
405.8295 	EXP 	NL_Pair: autoDraw = True
405.8295 	EXP 	number_reminder: autoDraw = True
405.8295 	EXP 	letter_reminder: autoDraw = True
406.5685 	EXP 	New trial (rep=0, index=30): OrderedDict([('pair', '5K'), ('allowed', 'fj'), ('correct', 'f'), ('state', 'TopLeft'), ('position', [-0.3, 0.25]), ('num_reminder', 'F = Odd        J = Even'), ('lett_reminder', ' ')])
406.5843 	DATA 	Keypress: f
406.5962 	EXP 	NL_Pair: autoDraw = False
406.5962 	EXP 	number_reminder: autoDraw = False
406.5962 	EXP 	letter_reminder: autoDraw = False
406.5962 	EXP 	NL_Pair: pos = array([-0.3 ,  0.25])
406.5962 	EXP 	NL_Pair: text = '5K'
406.5962 	EXP 	number_reminder: text = 'F = Odd        J = Even'
406.5962 	EXP 	letter_reminder: text = ' '
406.5962 	EXP 	NL_Pair: autoDraw = True
406.5962 	EXP 	number_reminder: autoDraw = True
406.5962 	EXP 	letter_reminder: autoDraw = True
407.3197 	DATA 	Keypress: f
407.3351 	EXP 	New trial (rep=0, index=31): OrderedDict([('pair', '3U'), ('allowed', 'fj'), ('correct', 'f'), ('state', 'TopRight'), ('position', [0.3, 0.25]), ('num_reminder', 'F = Odd        J = Even'), ('lett_reminder', ' ')])
407.3629 	EXP 	NL_Pair: autoDraw = False
407.3629 	EXP 	number_reminder: autoDraw = False
407.3629 	EXP 	letter_reminder: autoDraw = False
407.3629 	EXP 	NL_Pair: pos = array([0.3 , 0.25])
407.3629 	EXP 	NL_Pair: text = '3U'
407.3629 	EXP 	number_reminder: text = 'F = Odd        J = Even'
407.3629 	EXP 	letter_reminder: text = ' '
407.3629 	EXP 	NL_Pair: autoDraw = True
407.3629 	EXP 	number_reminder: autoDraw = True
407.3629 	EXP 	letter_reminder: autoDraw = True
408.0698 	DATA 	Keypress: f
408.2127 	EXP 	NL_Pair: autoDraw = False
408.2127 	EXP 	number_reminder: autoDraw = False
408.2127 	EXP 	letter_reminder: autoDraw = False
408.2127 	EXP 	fdbk_txt: text = 'Good work! \n\nIn this second block, number-letter pairs will only appear on the bottom half of the screen. \n\nDecide if the letter is a consonant or a vowel. '
408.2127 	EXP 	fdbk_txt: autoDraw = True
408.2127 	EXP 	fdbk_cont: autoDraw = True
444.2187 	DATA 	Keypress: space
444.2336 	EXP 	New trial (rep=0, index=1): OrderedDict([('block', 2), ('cond_file', 'NLT_Block_2.xlsx'), ('ready_msg', 'Respond by pressing…  \n        D if the letter is a consonant. \n        K if the letter is a vowel.\n\nRemember... \n        Consonants are G, K, M, and R.\n        Vowels are A, E, I, and U.'), ('fdbk_msg', 'Good work! \n\nIn this third and final block, number-letter pairs will appear on the top and bottom halves of the screen. ')])
444.3618 	EXP 	fdbk_txt: autoDraw = False
444.3618 	EXP 	fdbk_cont: autoDraw = False
444.3618 	EXP 	rdy_txt: text = 'Respond by pressing…  \n        D if the letter is a consonant. \n        K if the letter is a vowel.\n\nRemember... \n        Consonants are G, K, M, and R.\n        Vowels are A, E, I, and U.'
444.3618 	EXP 	rdy_txt: autoDraw = True
444.3618 	EXP 	rdy_cont: autoDraw = True
459.3471 	EXP 	Imported NLT_Block_2.xlsx as conditions, 32 conditions, 7 params
459.3479 	EXP 	Created sequence: sequential, trialTypes=32, nReps=1, seed=None
459.3488 	EXP 	New trial (rep=0, index=0): OrderedDict([('pair', '3R'), ('allowed', 'dk'), ('correct', 'd'), ('state', 'BottomLeft'), ('position', [-0.3, -0.25]), ('num_reminder', ' '), ('lett_reminder', 'D = Consonant        K = Vowel')])
459.3904 	DATA 	Keypress: space
459.4117 	EXP 	rdy_txt: autoDraw = False
459.4117 	EXP 	rdy_cont: autoDraw = False
459.4117 	EXP 	NL_Pair: pos = array([-0.3 , -0.25])
459.4117 	EXP 	NL_Pair: text = '3R'
459.4117 	EXP 	number_reminder: text = ' '
459.4117 	EXP 	letter_reminder: text = 'D = Consonant        K = Vowel'
459.4117 	EXP 	NL_Pair: autoDraw = True
459.4117 	EXP 	number_reminder: autoDraw = True
459.4117 	EXP 	letter_reminder: autoDraw = True
462.4511 	EXP 	New trial (rep=0, index=1): OrderedDict([('pair', '8I'), ('allowed', 'dk'), ('correct', 'k'), ('state', 'BottomRight'), ('position', [0.3, -0.25]), ('num_reminder', ' '), ('lett_reminder', 'D = Consonant        K = Vowel')])
462.4662 	DATA 	Keypress: d
462.4785 	EXP 	NL_Pair: autoDraw = False
462.4785 	EXP 	number_reminder: autoDraw = False
462.4785 	EXP 	letter_reminder: autoDraw = False
462.4785 	EXP 	NL_Pair: pos = array([ 0.3 , -0.25])
462.4785 	EXP 	NL_Pair: text = '8I'
462.4785 	EXP 	number_reminder: text = ' '
462.4785 	EXP 	letter_reminder: text = 'D = Consonant        K = Vowel'
462.4785 	EXP 	NL_Pair: autoDraw = True
462.4785 	EXP 	number_reminder: autoDraw = True
462.4785 	EXP 	letter_reminder: autoDraw = True
463.9672 	EXP 	New trial (rep=0, index=2): OrderedDict([('pair', '2A'), ('allowed', 'dk'), ('correct', 'k'), ('state', 'BottomLeft'), ('position', [-0.3, -0.25]), ('num_reminder', ' '), ('lett_reminder', 'D = Consonant        K = Vowel')])
463.9818 	DATA 	Keypress: k
463.9951 	EXP 	NL_Pair: autoDraw = False
463.9951 	EXP 	number_reminder: autoDraw = False
463.9951 	EXP 	letter_reminder: autoDraw = False
463.9951 	EXP 	NL_Pair: pos = array([-0.3 , -0.25])
463.9951 	EXP 	NL_Pair: text = '2A'
463.9951 	EXP 	number_reminder: text = ' '
463.9951 	EXP 	letter_reminder: text = 'D = Consonant        K = Vowel'
463.9951 	EXP 	NL_Pair: autoDraw = True
463.9951 	EXP 	number_reminder: autoDraw = True
463.9951 	EXP 	letter_reminder: autoDraw = True
465.1186 	DATA 	Keypress: k
465.1332 	EXP 	New trial (rep=0, index=3): OrderedDict([('pair', '8A'), ('allowed', 'dk'), ('correct', 'k'), ('state', 'BottomRight'), ('position', [0.3, -0.25]), ('num_reminder', ' '), ('lett_reminder', 'D = Consonant        K = Vowel')])
465.1617 	EXP 	NL_Pair: autoDraw = False
465.1617 	EXP 	number_reminder: autoDraw = False
465.1617 	EXP 	letter_reminder: autoDraw = False
465.1617 	EXP 	NL_Pair: pos = array([ 0.3 , -0.25])
465.1617 	EXP 	NL_Pair: text = '8A'
465.1617 	EXP 	number_reminder: text = ' '
465.1617 	EXP 	letter_reminder: text = 'D = Consonant        K = Vowel'
465.1617 	EXP 	NL_Pair: autoDraw = True
465.1617 	EXP 	number_reminder: autoDraw = True
465.1617 	EXP 	letter_reminder: autoDraw = True
465.9514 	DATA 	Keypress: k
465.9671 	EXP 	New trial (rep=0, index=4): OrderedDict([('pair', '9G'), ('allowed', 'dk'), ('correct', 'd'), ('state', 'BottomLeft'), ('position', [-0.3, -0.25]), ('num_reminder', ' '), ('lett_reminder', 'D = Consonant        K = Vowel')])
465.9951 	EXP 	NL_Pair: autoDraw = False
465.9951 	EXP 	number_reminder: autoDraw = False
465.9951 	EXP 	letter_reminder: autoDraw = False
465.9951 	EXP 	NL_Pair: pos = array([-0.3 , -0.25])
465.9951 	EXP 	NL_Pair: text = '9G'
465.9951 	EXP 	number_reminder: text = ' '
465.9951 	EXP 	letter_reminder: text = 'D = Consonant        K = Vowel'
465.9951 	EXP 	NL_Pair: autoDraw = True
465.9951 	EXP 	number_reminder: autoDraw = True
465.9951 	EXP 	letter_reminder: autoDraw = True
467.1000 	EXP 	New trial (rep=0, index=5): OrderedDict([('pair', '4K'), ('allowed', 'dk'), ('correct', 'd'), ('state', 'BottomRight'), ('position', [0.3, -0.25]), ('num_reminder', ' '), ('lett_reminder', 'D = Consonant        K = Vowel')])
467.1154 	DATA 	Keypress: d
467.1283 	EXP 	NL_Pair: autoDraw = False
467.1283 	EXP 	number_reminder: autoDraw = False
467.1283 	EXP 	letter_reminder: autoDraw = False
467.1283 	EXP 	NL_Pair: pos = array([ 0.3 , -0.25])
467.1283 	EXP 	NL_Pair: text = '4K'
467.1283 	EXP 	number_reminder: text = ' '
467.1283 	EXP 	letter_reminder: text = 'D = Consonant        K = Vowel'
467.1283 	EXP 	NL_Pair: autoDraw = True
467.1283 	EXP 	number_reminder: autoDraw = True
467.1283 	EXP 	letter_reminder: autoDraw = True
468.0505 	EXP 	New trial (rep=0, index=6): OrderedDict([('pair', '1U'), ('allowed', 'dk'), ('correct', 'k'), ('state', 'BottomLeft'), ('position', [-0.3, -0.25]), ('num_reminder', ' '), ('lett_reminder', 'D = Consonant        K = Vowel')])
468.0659 	DATA 	Keypress: d
468.0783 	EXP 	NL_Pair: autoDraw = False
468.0783 	EXP 	number_reminder: autoDraw = False
468.0783 	EXP 	letter_reminder: autoDraw = False
468.0783 	EXP 	NL_Pair: pos = array([-0.3 , -0.25])
468.0783 	EXP 	NL_Pair: text = '1U'
468.0783 	EXP 	number_reminder: text = ' '
468.0783 	EXP 	letter_reminder: text = 'D = Consonant        K = Vowel'
468.0783 	EXP 	NL_Pair: autoDraw = True
468.0783 	EXP 	number_reminder: autoDraw = True
468.0783 	EXP 	letter_reminder: autoDraw = True
469.1671 	EXP 	New trial (rep=0, index=7): OrderedDict([('pair', '8G'), ('allowed', 'dk'), ('correct', 'd'), ('state', 'BottomRight'), ('position', [0.3, -0.25]), ('num_reminder', ' '), ('lett_reminder', 'D = Consonant        K = Vowel')])
469.1817 	DATA 	Keypress: k
469.1949 	EXP 	NL_Pair: autoDraw = False
469.1949 	EXP 	number_reminder: autoDraw = False
469.1949 	EXP 	letter_reminder: autoDraw = False
469.1949 	EXP 	NL_Pair: pos = array([ 0.3 , -0.25])
469.1949 	EXP 	NL_Pair: text = '8G'
469.1949 	EXP 	number_reminder: text = ' '
469.1949 	EXP 	letter_reminder: text = 'D = Consonant        K = Vowel'
469.1949 	EXP 	NL_Pair: autoDraw = True
469.1949 	EXP 	number_reminder: autoDraw = True
469.1949 	EXP 	letter_reminder: autoDraw = True
470.1352 	DATA 	Keypress: d
470.1500 	EXP 	New trial (rep=0, index=8): OrderedDict([('pair', '7R'), ('allowed', 'dk'), ('correct', 'd'), ('state', 'BottomLeft'), ('position', [-0.3, -0.25]), ('num_reminder', ' '), ('lett_reminder', 'D = Consonant        K = Vowel')])
470.1783 	EXP 	NL_Pair: autoDraw = False
470.1783 	EXP 	number_reminder: autoDraw = False
470.1783 	EXP 	letter_reminder: autoDraw = False
470.1783 	EXP 	NL_Pair: pos = array([-0.3 , -0.25])
470.1783 	EXP 	NL_Pair: text = '7R'
470.1783 	EXP 	number_reminder: text = ' '
470.1783 	EXP 	letter_reminder: text = 'D = Consonant        K = Vowel'
470.1783 	EXP 	NL_Pair: autoDraw = True
470.1783 	EXP 	number_reminder: autoDraw = True
470.1783 	EXP 	letter_reminder: autoDraw = True
471.1004 	EXP 	New trial (rep=0, index=9): OrderedDict([('pair', '1K'), ('allowed', 'dk'), ('correct', 'd'), ('state', 'BottomRight'), ('position', [0.3, -0.25]), ('num_reminder', ' '), ('lett_reminder', 'D = Consonant        K = Vowel')])
471.1161 	DATA 	Keypress: d
471.1283 	EXP 	NL_Pair: autoDraw = False
471.1283 	EXP 	number_reminder: autoDraw = False
471.1283 	EXP 	letter_reminder: autoDraw = False
471.1283 	EXP 	NL_Pair: pos = array([ 0.3 , -0.25])
471.1283 	EXP 	NL_Pair: text = '1K'
471.1283 	EXP 	number_reminder: text = ' '
471.1283 	EXP 	letter_reminder: text = 'D = Consonant        K = Vowel'
471.1283 	EXP 	NL_Pair: autoDraw = True
471.1283 	EXP 	number_reminder: autoDraw = True
471.1283 	EXP 	letter_reminder: autoDraw = True
471.9514 	DATA 	Keypress: d
471.9671 	EXP 	New trial (rep=0, index=10): OrderedDict([('pair', '5E'), ('allowed', 'dk'), ('correct', 'k'), ('state', 'BottomLeft'), ('position', [-0.3, -0.25]), ('num_reminder', ' '), ('lett_reminder', 'D = Consonant        K = Vowel')])
471.9949 	EXP 	NL_Pair: autoDraw = False
471.9949 	EXP 	number_reminder: autoDraw = False
471.9949 	EXP 	letter_reminder: autoDraw = False
471.9949 	EXP 	NL_Pair: pos = array([-0.3 , -0.25])
471.9949 	EXP 	NL_Pair: text = '5E'
471.9949 	EXP 	number_reminder: text = ' '
471.9949 	EXP 	letter_reminder: text = 'D = Consonant        K = Vowel'
471.9949 	EXP 	NL_Pair: autoDraw = True
471.9949 	EXP 	number_reminder: autoDraw = True
471.9949 	EXP 	letter_reminder: autoDraw = True
473.1838 	EXP 	New trial (rep=0, index=11): OrderedDict([('pair', '7E'), ('allowed', 'dk'), ('correct', 'k'), ('state', 'BottomRight'), ('position', [0.3, -0.25]), ('num_reminder', ' '), ('lett_reminder', 'D = Consonant        K = Vowel')])
473.1993 	DATA 	Keypress: k
473.2114 	EXP 	NL_Pair: autoDraw = False
473.2114 	EXP 	number_reminder: autoDraw = False
473.2114 	EXP 	letter_reminder: autoDraw = False
473.2114 	EXP 	NL_Pair: pos = array([ 0.3 , -0.25])
473.2114 	EXP 	NL_Pair: text = '7E'
473.2114 	EXP 	number_reminder: text = ' '
473.2114 	EXP 	letter_reminder: text = 'D = Consonant        K = Vowel'
473.2114 	EXP 	NL_Pair: autoDraw = True
473.2114 	EXP 	number_reminder: autoDraw = True
473.2114 	EXP 	letter_reminder: autoDraw = True
473.9496 	EXP 	New trial (rep=0, index=12): OrderedDict([('pair', '2M'), ('allowed', 'dk'), ('correct', 'd'), ('state', 'BottomLeft'), ('position', [-0.3, -0.25]), ('num_reminder', ' '), ('lett_reminder', 'D = Consonant        K = Vowel')])
473.9642 	DATA 	Keypress: k
473.9782 	EXP 	NL_Pair: autoDraw = False
473.9782 	EXP 	number_reminder: autoDraw = False
473.9782 	EXP 	letter_reminder: autoDraw = False
473.9782 	EXP 	NL_Pair: pos = array([-0.3 , -0.25])
473.9782 	EXP 	NL_Pair: text = '2M'
473.9782 	EXP 	number_reminder: text = ' '
473.9782 	EXP 	letter_reminder: text = 'D = Consonant        K = Vowel'
473.9782 	EXP 	NL_Pair: autoDraw = True
473.9782 	EXP 	number_reminder: autoDraw = True
473.9782 	EXP 	letter_reminder: autoDraw = True
474.7838 	EXP 	New trial (rep=0, index=13): OrderedDict([('pair', '9A'), ('allowed', 'dk'), ('correct', 'k'), ('state', 'BottomRight'), ('position', [0.3, -0.25]), ('num_reminder', ' '), ('lett_reminder', 'D = Consonant        K = Vowel')])
474.7993 	DATA 	Keypress: d
474.8115 	EXP 	NL_Pair: autoDraw = False
474.8115 	EXP 	number_reminder: autoDraw = False
474.8115 	EXP 	letter_reminder: autoDraw = False
474.8115 	EXP 	NL_Pair: pos = array([ 0.3 , -0.25])
474.8115 	EXP 	NL_Pair: text = '9A'
474.8115 	EXP 	number_reminder: text = ' '
474.8115 	EXP 	letter_reminder: text = 'D = Consonant        K = Vowel'
474.8115 	EXP 	NL_Pair: autoDraw = True
474.8115 	EXP 	number_reminder: autoDraw = True
474.8115 	EXP 	letter_reminder: autoDraw = True
475.6169 	EXP 	New trial (rep=0, index=14): OrderedDict([('pair', '4G'), ('allowed', 'dk'), ('correct', 'd'), ('state', 'BottomLeft'), ('position', [-0.3, -0.25]), ('num_reminder', ' '), ('lett_reminder', 'D = Consonant        K = Vowel')])
475.6324 	DATA 	Keypress: k
475.6448 	EXP 	NL_Pair: autoDraw = False
475.6448 	EXP 	number_reminder: autoDraw = False
475.6448 	EXP 	letter_reminder: autoDraw = False
475.6448 	EXP 	NL_Pair: pos = array([-0.3 , -0.25])
475.6448 	EXP 	NL_Pair: text = '4G'
475.6448 	EXP 	number_reminder: text = ' '
475.6448 	EXP 	letter_reminder: text = 'D = Consonant        K = Vowel'
475.6448 	EXP 	NL_Pair: autoDraw = True
475.6448 	EXP 	number_reminder: autoDraw = True
475.6448 	EXP 	letter_reminder: autoDraw = True
476.5009 	DATA 	Keypress: d
476.5172 	EXP 	New trial (rep=0, index=15): OrderedDict([('pair', '4U'), ('allowed', 'dk'), ('correct', 'k'), ('state', 'BottomRight'), ('position', [0.3, -0.25]), ('num_reminder', ' '), ('lett_reminder', 'D = Consonant        K = Vowel')])
476.5448 	EXP 	NL_Pair: autoDraw = False
476.5448 	EXP 	number_reminder: autoDraw = False
476.5448 	EXP 	letter_reminder: autoDraw = False
476.5448 	EXP 	NL_Pair: pos = array([ 0.3 , -0.25])
476.5448 	EXP 	NL_Pair: text = '4U'
476.5448 	EXP 	number_reminder: text = ' '
476.5448 	EXP 	letter_reminder: text = 'D = Consonant        K = Vowel'
476.5448 	EXP 	NL_Pair: autoDraw = True
476.5448 	EXP 	number_reminder: autoDraw = True
476.5448 	EXP 	letter_reminder: autoDraw = True
477.3838 	EXP 	New trial (rep=0, index=16): OrderedDict([('pair', '9M'), ('allowed', 'dk'), ('correct', 'd'), ('state', 'BottomLeft'), ('position', [-0.3, -0.25]), ('num_reminder', ' '), ('lett_reminder', 'D = Consonant        K = Vowel')])
477.3992 	DATA 	Keypress: k
477.4115 	EXP 	NL_Pair: autoDraw = False
477.4115 	EXP 	number_reminder: autoDraw = False
477.4115 	EXP 	letter_reminder: autoDraw = False
477.4115 	EXP 	NL_Pair: pos = array([-0.3 , -0.25])
477.4115 	EXP 	NL_Pair: text = '9M'
477.4115 	EXP 	number_reminder: text = ' '
477.4115 	EXP 	letter_reminder: text = 'D = Consonant        K = Vowel'
477.4115 	EXP 	NL_Pair: autoDraw = True
477.4115 	EXP 	number_reminder: autoDraw = True
477.4115 	EXP 	letter_reminder: autoDraw = True
478.2498 	EXP 	New trial (rep=0, index=17): OrderedDict([('pair', '6U'), ('allowed', 'dk'), ('correct', 'k'), ('state', 'BottomRight'), ('position', [0.3, -0.25]), ('num_reminder', ' '), ('lett_reminder', 'D = Consonant        K = Vowel')])
478.2643 	DATA 	Keypress: d
478.2781 	EXP 	NL_Pair: autoDraw = False
478.2781 	EXP 	number_reminder: autoDraw = False
478.2781 	EXP 	letter_reminder: autoDraw = False
478.2781 	EXP 	NL_Pair: pos = array([ 0.3 , -0.25])
478.2781 	EXP 	NL_Pair: text = '6U'
478.2781 	EXP 	number_reminder: text = ' '
478.2781 	EXP 	letter_reminder: text = 'D = Consonant        K = Vowel'
478.2781 	EXP 	NL_Pair: autoDraw = True
478.2781 	EXP 	number_reminder: autoDraw = True
478.2781 	EXP 	letter_reminder: autoDraw = True
479.1336 	EXP 	New trial (rep=0, index=18): OrderedDict([('pair', '9R'), ('allowed', 'dk'), ('correct', 'd'), ('state', 'BottomLeft'), ('position', [-0.3, -0.25]), ('num_reminder', ' '), ('lett_reminder', 'D = Consonant        K = Vowel')])
479.1471 	DATA 	Keypress: k
479.1614 	EXP 	NL_Pair: autoDraw = False
479.1614 	EXP 	number_reminder: autoDraw = False
479.1614 	EXP 	letter_reminder: autoDraw = False
479.1614 	EXP 	NL_Pair: pos = array([-0.3 , -0.25])
479.1614 	EXP 	NL_Pair: text = '9R'
479.1614 	EXP 	number_reminder: text = ' '
479.1614 	EXP 	letter_reminder: text = 'D = Consonant        K = Vowel'
479.1614 	EXP 	NL_Pair: autoDraw = True
479.1614 	EXP 	number_reminder: autoDraw = True
479.1614 	EXP 	letter_reminder: autoDraw = True
479.9836 	EXP 	New trial (rep=0, index=19): OrderedDict([('pair', '7U'), ('allowed', 'dk'), ('correct', 'k'), ('state', 'BottomRight'), ('position', [0.3, -0.25]), ('num_reminder', ' '), ('lett_reminder', 'D = Consonant        K = Vowel')])
479.9992 	DATA 	Keypress: d
480.0114 	EXP 	NL_Pair: autoDraw = False
480.0114 	EXP 	number_reminder: autoDraw = False
480.0114 	EXP 	letter_reminder: autoDraw = False
480.0114 	EXP 	NL_Pair: pos = array([ 0.3 , -0.25])
480.0114 	EXP 	NL_Pair: text = '7U'
480.0114 	EXP 	number_reminder: text = ' '
480.0114 	EXP 	letter_reminder: text = 'D = Consonant        K = Vowel'
480.0114 	EXP 	NL_Pair: autoDraw = True
480.0114 	EXP 	number_reminder: autoDraw = True
480.0114 	EXP 	letter_reminder: autoDraw = True
481.0336 	EXP 	New trial (rep=0, index=20): OrderedDict([('pair', '1I'), ('allowed', 'dk'), ('correct', 'k'), ('state', 'BottomLeft'), ('position', [-0.3, -0.25]), ('num_reminder', ' '), ('lett_reminder', 'D = Consonant        K = Vowel')])
481.0492 	DATA 	Keypress: k
481.0614 	EXP 	NL_Pair: autoDraw = False
481.0614 	EXP 	number_reminder: autoDraw = False
481.0614 	EXP 	letter_reminder: autoDraw = False
481.0614 	EXP 	NL_Pair: pos = array([-0.3 , -0.25])
481.0614 	EXP 	NL_Pair: text = '1I'
481.0614 	EXP 	number_reminder: text = ' '
481.0614 	EXP 	letter_reminder: text = 'D = Consonant        K = Vowel'
481.0614 	EXP 	NL_Pair: autoDraw = True
481.0614 	EXP 	number_reminder: autoDraw = True
481.0614 	EXP 	letter_reminder: autoDraw = True
482.1169 	EXP 	New trial (rep=0, index=21): OrderedDict([('pair', '9K'), ('allowed', 'dk'), ('correct', 'd'), ('state', 'BottomRight'), ('position', [0.3, -0.25]), ('num_reminder', ' '), ('lett_reminder', 'D = Consonant        K = Vowel')])
482.1315 	DATA 	Keypress: k
482.1447 	EXP 	NL_Pair: autoDraw = False
482.1447 	EXP 	number_reminder: autoDraw = False
482.1447 	EXP 	letter_reminder: autoDraw = False
482.1447 	EXP 	NL_Pair: pos = array([ 0.3 , -0.25])
482.1447 	EXP 	NL_Pair: text = '9K'
482.1447 	EXP 	number_reminder: text = ' '
482.1447 	EXP 	letter_reminder: text = 'D = Consonant        K = Vowel'
482.1447 	EXP 	NL_Pair: autoDraw = True
482.1447 	EXP 	number_reminder: autoDraw = True
482.1447 	EXP 	letter_reminder: autoDraw = True
483.3336 	EXP 	New trial (rep=0, index=22): OrderedDict([('pair', '4M'), ('allowed', 'dk'), ('correct', 'd'), ('state', 'BottomLeft'), ('position', [-0.3, -0.25]), ('num_reminder', ' '), ('lett_reminder', 'D = Consonant        K = Vowel')])
483.3481 	DATA 	Keypress: d
483.3614 	EXP 	NL_Pair: autoDraw = False
483.3614 	EXP 	number_reminder: autoDraw = False
483.3614 	EXP 	letter_reminder: autoDraw = False
483.3614 	EXP 	NL_Pair: pos = array([-0.3 , -0.25])
483.3614 	EXP 	NL_Pair: text = '4M'
483.3614 	EXP 	number_reminder: text = ' '
483.3614 	EXP 	letter_reminder: text = 'D = Consonant        K = Vowel'
483.3614 	EXP 	NL_Pair: autoDraw = True
483.3614 	EXP 	number_reminder: autoDraw = True
483.3614 	EXP 	letter_reminder: autoDraw = True
484.1669 	EXP 	New trial (rep=0, index=23): OrderedDict([('pair', '6K'), ('allowed', 'dk'), ('correct', 'd'), ('state', 'BottomRight'), ('position', [0.3, -0.25]), ('num_reminder', ' '), ('lett_reminder', 'D = Consonant        K = Vowel')])
484.1824 	DATA 	Keypress: d
484.1947 	EXP 	NL_Pair: autoDraw = False
484.1947 	EXP 	number_reminder: autoDraw = False
484.1947 	EXP 	letter_reminder: autoDraw = False
484.1947 	EXP 	NL_Pair: pos = array([ 0.3 , -0.25])
484.1947 	EXP 	NL_Pair: text = '6K'
484.1947 	EXP 	number_reminder: text = ' '
484.1947 	EXP 	letter_reminder: text = 'D = Consonant        K = Vowel'
484.1947 	EXP 	NL_Pair: autoDraw = True
484.1947 	EXP 	number_reminder: autoDraw = True
484.1947 	EXP 	letter_reminder: autoDraw = True
485.0335 	EXP 	New trial (rep=0, index=24): OrderedDict([('pair', '3A'), ('allowed', 'dk'), ('correct', 'k'), ('state', 'BottomLeft'), ('position', [-0.3, -0.25]), ('num_reminder', ' '), ('lett_reminder', 'D = Consonant        K = Vowel')])
485.0489 	DATA 	Keypress: d
485.0613 	EXP 	NL_Pair: autoDraw = False
485.0613 	EXP 	number_reminder: autoDraw = False
485.0613 	EXP 	letter_reminder: autoDraw = False
485.0613 	EXP 	NL_Pair: pos = array([-0.3 , -0.25])
485.0613 	EXP 	NL_Pair: text = '3A'
485.0613 	EXP 	number_reminder: text = ' '
485.0613 	EXP 	letter_reminder: text = 'D = Consonant        K = Vowel'
485.0613 	EXP 	NL_Pair: autoDraw = True
485.0613 	EXP 	number_reminder: autoDraw = True
485.0613 	EXP 	letter_reminder: autoDraw = True
485.9002 	EXP 	New trial (rep=0, index=25): OrderedDict([('pair', '6G'), ('allowed', 'dk'), ('correct', 'd'), ('state', 'BottomRight'), ('position', [0.3, -0.25]), ('num_reminder', ' '), ('lett_reminder', 'D = Consonant        K = Vowel')])
485.9157 	DATA 	Keypress: k
485.9280 	EXP 	NL_Pair: autoDraw = False
485.9280 	EXP 	number_reminder: autoDraw = False
485.9280 	EXP 	letter_reminder: autoDraw = False
485.9280 	EXP 	NL_Pair: pos = array([ 0.3 , -0.25])
485.9280 	EXP 	NL_Pair: text = '6G'
485.9280 	EXP 	number_reminder: text = ' '
485.9280 	EXP 	letter_reminder: text = 'D = Consonant        K = Vowel'
485.9280 	EXP 	NL_Pair: autoDraw = True
485.9280 	EXP 	number_reminder: autoDraw = True
485.9280 	EXP 	letter_reminder: autoDraw = True
486.7525 	DATA 	Keypress: d
486.7668 	EXP 	New trial (rep=0, index=26): OrderedDict([('pair', '7G'), ('allowed', 'dk'), ('correct', 'd'), ('state', 'BottomLeft'), ('position', [-0.3, -0.25]), ('num_reminder', ' '), ('lett_reminder', 'D = Consonant        K = Vowel')])
486.7946 	EXP 	NL_Pair: autoDraw = False
486.7946 	EXP 	number_reminder: autoDraw = False
486.7946 	EXP 	letter_reminder: autoDraw = False
486.7946 	EXP 	NL_Pair: pos = array([-0.3 , -0.25])
486.7946 	EXP 	NL_Pair: text = '7G'
486.7946 	EXP 	number_reminder: text = ' '
486.7946 	EXP 	letter_reminder: text = 'D = Consonant        K = Vowel'
486.7946 	EXP 	NL_Pair: autoDraw = True
486.7946 	EXP 	number_reminder: autoDraw = True
486.7946 	EXP 	letter_reminder: autoDraw = True
487.5501 	EXP 	New trial (rep=0, index=27): OrderedDict([('pair', '2I'), ('allowed', 'dk'), ('correct', 'k'), ('state', 'BottomRight'), ('position', [0.3, -0.25]), ('num_reminder', ' '), ('lett_reminder', 'D = Consonant        K = Vowel')])
487.5646 	DATA 	Keypress: d
487.5779 	EXP 	NL_Pair: autoDraw = False
487.5779 	EXP 	number_reminder: autoDraw = False
487.5779 	EXP 	letter_reminder: autoDraw = False
487.5779 	EXP 	NL_Pair: pos = array([ 0.3 , -0.25])
487.5779 	EXP 	NL_Pair: text = '2I'
487.5779 	EXP 	number_reminder: text = ' '
487.5779 	EXP 	letter_reminder: text = 'D = Consonant        K = Vowel'
487.5779 	EXP 	NL_Pair: autoDraw = True
487.5779 	EXP 	number_reminder: autoDraw = True
487.5779 	EXP 	letter_reminder: autoDraw = True
488.5181 	DATA 	Keypress: k
488.5333 	EXP 	New trial (rep=0, index=28): OrderedDict([('pair', '5I'), ('allowed', 'dk'), ('correct', 'k'), ('state', 'BottomLeft'), ('position', [-0.3, -0.25]), ('num_reminder', ' '), ('lett_reminder', 'D = Consonant        K = Vowel')])
488.5613 	EXP 	NL_Pair: autoDraw = False
488.5613 	EXP 	number_reminder: autoDraw = False
488.5613 	EXP 	letter_reminder: autoDraw = False
488.5613 	EXP 	NL_Pair: pos = array([-0.3 , -0.25])
488.5613 	EXP 	NL_Pair: text = '5I'
488.5613 	EXP 	number_reminder: text = ' '
488.5613 	EXP 	letter_reminder: text = 'D = Consonant        K = Vowel'
488.5613 	EXP 	NL_Pair: autoDraw = True
488.5613 	EXP 	number_reminder: autoDraw = True
488.5613 	EXP 	letter_reminder: autoDraw = True
489.3513 	DATA 	Keypress: k
489.3668 	EXP 	New trial (rep=0, index=29): OrderedDict([('pair', '4R'), ('allowed', 'dk'), ('correct', 'd'), ('state', 'BottomRight'), ('position', [0.3, -0.25]), ('num_reminder', ' '), ('lett_reminder', 'D = Consonant        K = Vowel')])
489.3945 	EXP 	NL_Pair: autoDraw = False
489.3945 	EXP 	number_reminder: autoDraw = False
489.3945 	EXP 	letter_reminder: autoDraw = False
489.3945 	EXP 	NL_Pair: pos = array([ 0.3 , -0.25])
489.3945 	EXP 	NL_Pair: text = '4R'
489.3945 	EXP 	number_reminder: text = ' '
489.3945 	EXP 	letter_reminder: text = 'D = Consonant        K = Vowel'
489.3945 	EXP 	NL_Pair: autoDraw = True
489.3945 	EXP 	number_reminder: autoDraw = True
489.3945 	EXP 	letter_reminder: autoDraw = True
490.3333 	EXP 	New trial (rep=0, index=30): OrderedDict([('pair', '8U'), ('allowed', 'dk'), ('correct', 'k'), ('state', 'BottomLeft'), ('position', [-0.3, -0.25]), ('num_reminder', ' '), ('lett_reminder', 'D = Consonant        K = Vowel')])
490.3487 	DATA 	Keypress: d
490.3612 	EXP 	NL_Pair: autoDraw = False
490.3612 	EXP 	number_reminder: autoDraw = False
490.3612 	EXP 	letter_reminder: autoDraw = False
490.3612 	EXP 	NL_Pair: pos = array([-0.3 , -0.25])
490.3612 	EXP 	NL_Pair: text = '8U'
490.3612 	EXP 	number_reminder: text = ' '
490.3612 	EXP 	letter_reminder: text = 'D = Consonant        K = Vowel'
490.3612 	EXP 	NL_Pair: autoDraw = True
490.3612 	EXP 	number_reminder: autoDraw = True
490.3612 	EXP 	letter_reminder: autoDraw = True
491.2846 	DATA 	Keypress: k
491.3001 	EXP 	New trial (rep=0, index=31): OrderedDict([('pair', '5A'), ('allowed', 'dk'), ('correct', 'k'), ('state', 'BottomRight'), ('position', [0.3, -0.25]), ('num_reminder', ' '), ('lett_reminder', 'D = Consonant        K = Vowel')])
491.3279 	EXP 	NL_Pair: autoDraw = False
491.3279 	EXP 	number_reminder: autoDraw = False
491.3279 	EXP 	letter_reminder: autoDraw = False
491.3279 	EXP 	NL_Pair: pos = array([ 0.3 , -0.25])
491.3279 	EXP 	NL_Pair: text = '5A'
491.3279 	EXP 	number_reminder: text = ' '
491.3279 	EXP 	letter_reminder: text = 'D = Consonant        K = Vowel'
491.3279 	EXP 	NL_Pair: autoDraw = True
491.3279 	EXP 	number_reminder: autoDraw = True
491.3279 	EXP 	letter_reminder: autoDraw = True
492.1180 	DATA 	Keypress: d
492.2277 	EXP 	NL_Pair: autoDraw = False
492.2277 	EXP 	number_reminder: autoDraw = False
492.2277 	EXP 	letter_reminder: autoDraw = False
492.2277 	EXP 	fdbk_txt: text = 'Good work! \n\nIn this third and final block, number-letter pairs will appear on the top and bottom halves of the screen. '
492.2277 	EXP 	fdbk_txt: autoDraw = True
492.2277 	EXP 	fdbk_cont: autoDraw = True
654.1127 	EXP 	New trial (rep=0, index=2): OrderedDict([('block', 3), ('cond_file', 'NLT_Block_3.xlsx'), ('ready_msg', 'If the pair appears in the top half…\n        Decide if the number is odd or even.\n\nIf the pair appears in the bottom half…\n        Decide if the letter is a consonant or a vowel. \n\nRespond by pressing \n        F if the number is odd\n        D if the letter is a consonant \n        J if the number is even\n        K if the letter is a vowel'), ('fdbk_msg', 'Good work! \n\nYou’ve finished this task.')])
654.2737 	DATA 	Keypress: space
654.3242 	EXP 	fdbk_txt: autoDraw = False
654.3242 	EXP 	fdbk_cont: autoDraw = False
654.3242 	EXP 	rdy_txt: text = 'If the pair appears in the top half…\n        Decide if the number is odd or even.\n\nIf the pair appears in the bottom half…\n        Decide if the letter is a consonant or a vowel. \n\nRespond by pressing \n        F if the number is odd\n        D if the letter is a consonant \n        J if the number is even\n        K if the letter is a vowel'
654.3242 	EXP 	rdy_txt: autoDraw = True
654.3242 	EXP 	rdy_cont: autoDraw = True
895.2905 	DATA 	Mouse: Left button down, pos=(1274,950)
895.2906 	DATA 	Mouse:  Left button up, pos=(1274,950)
1109.8951 	EXP 	Imported NLT_Block_3.xlsx as conditions, 128 conditions, 7 params
1109.8965 	EXP 	Created sequence: sequential, trialTypes=128, nReps=1, seed=None
1109.8971 	EXP 	New trial (rep=0, index=0): OrderedDict([('pair', '2G'), ('allowed', 'fjdk'), ('correct', 'j'), ('state', 'TopLeft'), ('position', [-0.3, 0.25]), ('num_reminder', 'F = Odd        J = Even'), ('lett_reminder', 'D = Consonant        K = Vowel')])
1109.9245 	DATA 	Keypress: space
1109.9486 	EXP 	rdy_txt: autoDraw = False
1109.9486 	EXP 	rdy_cont: autoDraw = False
1109.9486 	EXP 	NL_Pair: pos = array([-0.3 ,  0.25])
1109.9486 	EXP 	NL_Pair: text = '2G'
1109.9486 	EXP 	number_reminder: text = 'F = Odd        J = Even'
1109.9486 	EXP 	letter_reminder: text = 'D = Consonant        K = Vowel'
1109.9486 	EXP 	NL_Pair: autoDraw = True
1109.9486 	EXP 	number_reminder: autoDraw = True
1109.9486 	EXP 	letter_reminder: autoDraw = True
1114.3706 	EXP 	New trial (rep=0, index=1): OrderedDict([('pair', '5I'), ('allowed', 'fjdk'), ('correct', 'f'), ('state', 'TopRight'), ('position', [0.3, 0.25]), ('num_reminder', 'F = Odd        J = Even'), ('lett_reminder', 'D = Consonant        K = Vowel')])
1114.3842 	DATA 	Keypress: j
1114.3986 	EXP 	NL_Pair: autoDraw = False
1114.3986 	EXP 	number_reminder: autoDraw = False
1114.3986 	EXP 	letter_reminder: autoDraw = False
1114.3986 	EXP 	NL_Pair: pos = array([0.3 , 0.25])
1114.3986 	EXP 	NL_Pair: text = '5I'
1114.3986 	EXP 	number_reminder: text = 'F = Odd        J = Even'
1114.3986 	EXP 	letter_reminder: text = 'D = Consonant        K = Vowel'
1114.3986 	EXP 	NL_Pair: autoDraw = True
1114.3986 	EXP 	number_reminder: autoDraw = True
1114.3986 	EXP 	letter_reminder: autoDraw = True
1118.0728 	DATA 	Keypress: f
1118.0874 	EXP 	New trial (rep=0, index=2): OrderedDict([('pair', '2K'), ('allowed', 'fjdk'), ('correct', 'd'), ('state', 'BottomRight'), ('position', [0.3, -0.25]), ('num_reminder', 'F = Odd        J = Even'), ('lett_reminder', 'D = Consonant        K = Vowel')])
1118.1151 	EXP 	NL_Pair: autoDraw = False
1118.1151 	EXP 	number_reminder: autoDraw = False
1118.1151 	EXP 	letter_reminder: autoDraw = False
1118.1151 	EXP 	NL_Pair: pos = array([ 0.3 , -0.25])
1118.1151 	EXP 	NL_Pair: text = '2K'
1118.1151 	EXP 	number_reminder: text = 'F = Odd        J = Even'
1118.1151 	EXP 	letter_reminder: text = 'D = Consonant        K = Vowel'
1118.1151 	EXP 	NL_Pair: autoDraw = True
1118.1151 	EXP 	number_reminder: autoDraw = True
1118.1151 	EXP 	letter_reminder: autoDraw = True
1120.6540 	EXP 	New trial (rep=0, index=3): OrderedDict([('pair', '7A'), ('allowed', 'fjdk'), ('correct', 'k'), ('state', 'BottomLeft'), ('position', [-0.3, -0.25]), ('num_reminder', 'F = Odd        J = Even'), ('lett_reminder', 'D = Consonant        K = Vowel')])
1120.6701 	DATA 	Keypress: d
1120.6818 	EXP 	NL_Pair: autoDraw = False
1120.6818 	EXP 	number_reminder: autoDraw = False
1120.6818 	EXP 	letter_reminder: autoDraw = False
1120.6818 	EXP 	NL_Pair: pos = array([-0.3 , -0.25])
1120.6818 	EXP 	NL_Pair: text = '7A'
1120.6818 	EXP 	number_reminder: text = 'F = Odd        J = Even'
1120.6818 	EXP 	letter_reminder: text = 'D = Consonant        K = Vowel'
1120.6818 	EXP 	NL_Pair: autoDraw = True
1120.6818 	EXP 	number_reminder: autoDraw = True
1120.6818 	EXP 	letter_reminder: autoDraw = True
1123.7207 	EXP 	New trial (rep=0, index=4): OrderedDict([('pair', '1E'), ('allowed', 'fjdk'), ('correct', 'f'), ('state', 'TopLeft'), ('position', [-0.3, 0.25]), ('num_reminder', 'F = Odd        J = Even'), ('lett_reminder', 'D = Consonant        K = Vowel')])
1123.7945 	DATA 	Keypress: k
1123.8149 	EXP 	NL_Pair: autoDraw = False
1123.8149 	EXP 	number_reminder: autoDraw = False
1123.8149 	EXP 	letter_reminder: autoDraw = False
1123.8149 	EXP 	NL_Pair: pos = array([-0.3 ,  0.25])
1123.8149 	EXP 	NL_Pair: text = '1E'
1123.8149 	EXP 	number_reminder: text = 'F = Odd        J = Even'
1123.8149 	EXP 	letter_reminder: text = 'D = Consonant        K = Vowel'
1123.8149 	EXP 	NL_Pair: autoDraw = True
1123.8149 	EXP 	number_reminder: autoDraw = True
1123.8149 	EXP 	letter_reminder: autoDraw = True
1126.8904 	DATA 	Keypress: d
1126.9038 	EXP 	New trial (rep=0, index=5): OrderedDict([('pair', '6R'), ('allowed', 'fjdk'), ('correct', 'j'), ('state', 'TopRight'), ('position', [0.3, 0.25]), ('num_reminder', 'F = Odd        J = Even'), ('lett_reminder', 'D = Consonant        K = Vowel')])
1126.9317 	EXP 	NL_Pair: autoDraw = False
1126.9317 	EXP 	number_reminder: autoDraw = False
1126.9317 	EXP 	letter_reminder: autoDraw = False
1126.9317 	EXP 	NL_Pair: pos = array([0.3 , 0.25])
1126.9317 	EXP 	NL_Pair: text = '6R'
1126.9317 	EXP 	number_reminder: text = 'F = Odd        J = Even'
1126.9317 	EXP 	letter_reminder: text = 'D = Consonant        K = Vowel'
1126.9317 	EXP 	NL_Pair: autoDraw = True
1126.9317 	EXP 	number_reminder: autoDraw = True
1126.9317 	EXP 	letter_reminder: autoDraw = True
1131.0900 	DATA 	Keypress: j
1131.1038 	EXP 	New trial (rep=0, index=6): OrderedDict([('pair', '9I'), ('allowed', 'fjdk'), ('correct', 'k'), ('state', 'BottomRight'), ('position', [0.3, -0.25]), ('num_reminder', 'F = Odd        J = Even'), ('lett_reminder', 'D = Consonant        K = Vowel')])
1131.1316 	EXP 	NL_Pair: autoDraw = False
1131.1316 	EXP 	number_reminder: autoDraw = False
1131.1316 	EXP 	letter_reminder: autoDraw = False
1131.1316 	EXP 	NL_Pair: pos = array([ 0.3 , -0.25])
1131.1316 	EXP 	NL_Pair: text = '9I'
1131.1316 	EXP 	number_reminder: text = 'F = Odd        J = Even'
1131.1316 	EXP 	letter_reminder: text = 'D = Consonant        K = Vowel'
1131.1316 	EXP 	NL_Pair: autoDraw = True
1131.1316 	EXP 	number_reminder: autoDraw = True
1131.1316 	EXP 	letter_reminder: autoDraw = True
1134.7703 	EXP 	New trial (rep=0, index=7): OrderedDict([('pair', '6M'), ('allowed', 'fjdk'), ('correct', 'd'), ('state', 'BottomLeft'), ('position', [-0.3, -0.25]), ('num_reminder', 'F = Odd        J = Even'), ('lett_reminder', 'D = Consonant        K = Vowel')])
1134.7865 	DATA 	Keypress: k
1134.7982 	EXP 	NL_Pair: autoDraw = False
1134.7982 	EXP 	number_reminder: autoDraw = False
1134.7982 	EXP 	letter_reminder: autoDraw = False
1134.7982 	EXP 	NL_Pair: pos = array([-0.3 , -0.25])
1134.7982 	EXP 	NL_Pair: text = '6M'
1134.7982 	EXP 	number_reminder: text = 'F = Odd        J = Even'
1134.7982 	EXP 	letter_reminder: text = 'D = Consonant        K = Vowel'
1134.7982 	EXP 	NL_Pair: autoDraw = True
1134.7982 	EXP 	number_reminder: autoDraw = True
1134.7982 	EXP 	letter_reminder: autoDraw = True
1137.4552 	DATA 	Keypress: d
1137.4705 	EXP 	New trial (rep=0, index=8): OrderedDict([('pair', '1R'), ('allowed', 'fjdk'), ('correct', 'f'), ('state', 'TopLeft'), ('position', [-0.3, 0.25]), ('num_reminder', 'F = Odd        J = Even'), ('lett_reminder', 'D = Consonant        K = Vowel')])
1137.4981 	EXP 	NL_Pair: autoDraw = False
1137.4981 	EXP 	number_reminder: autoDraw = False
1137.4981 	EXP 	letter_reminder: autoDraw = False
1137.4981 	EXP 	NL_Pair: pos = array([-0.3 ,  0.25])
1137.4981 	EXP 	NL_Pair: text = '1R'
1137.4981 	EXP 	number_reminder: text = 'F = Odd        J = Even'
1137.4981 	EXP 	letter_reminder: text = 'D = Consonant        K = Vowel'
1137.4981 	EXP 	NL_Pair: autoDraw = True
1137.4981 	EXP 	number_reminder: autoDraw = True
1137.4981 	EXP 	letter_reminder: autoDraw = True
1140.3036 	EXP 	New trial (rep=0, index=9): OrderedDict([('pair', '9E'), ('allowed', 'fjdk'), ('correct', 'f'), ('state', 'TopRight'), ('position', [0.3, 0.25]), ('num_reminder', 'F = Odd        J = Even'), ('lett_reminder', 'D = Consonant        K = Vowel')])
1140.3187 	DATA 	Keypress: f
1140.3314 	EXP 	NL_Pair: autoDraw = False
1140.3314 	EXP 	number_reminder: autoDraw = False
1140.3314 	EXP 	letter_reminder: autoDraw = False
1140.3314 	EXP 	NL_Pair: pos = array([0.3 , 0.25])
1140.3314 	EXP 	NL_Pair: text = '9E'
1140.3314 	EXP 	number_reminder: text = 'F = Odd        J = Even'
1140.3314 	EXP 	letter_reminder: text = 'D = Consonant        K = Vowel'
1140.3314 	EXP 	NL_Pair: autoDraw = True
1140.3314 	EXP 	number_reminder: autoDraw = True
1140.3314 	EXP 	letter_reminder: autoDraw = True
1145.1534 	EXP 	New trial (rep=0, index=10): OrderedDict([('pair', '7K'), ('allowed', 'fjdk'), ('correct', 'd'), ('state', 'BottomRight'), ('position', [0.3, -0.25]), ('num_reminder', 'F = Odd        J = Even'), ('lett_reminder', 'D = Consonant        K = Vowel')])
1145.1676 	DATA 	Keypress: d
1145.1813 	EXP 	NL_Pair: autoDraw = False
1145.1813 	EXP 	number_reminder: autoDraw = False
1145.1813 	EXP 	letter_reminder: autoDraw = False
1145.1813 	EXP 	NL_Pair: pos = array([ 0.3 , -0.25])
1145.1813 	EXP 	NL_Pair: text = '7K'
1145.1813 	EXP 	number_reminder: text = 'F = Odd        J = Even'
1145.1813 	EXP 	letter_reminder: text = 'D = Consonant        K = Vowel'
1145.1813 	EXP 	NL_Pair: autoDraw = True
1145.1813 	EXP 	number_reminder: autoDraw = True
1145.1813 	EXP 	letter_reminder: autoDraw = True
1147.5035 	EXP 	New trial (rep=0, index=11): OrderedDict([('pair', '8M'), ('allowed', 'fjdk'), ('correct', 'd'), ('state', 'BottomLeft'), ('position', [-0.3, -0.25]), ('num_reminder', 'F = Odd        J = Even'), ('lett_reminder', 'D = Consonant        K = Vowel')])
1147.5175 	DATA 	Keypress: d
1147.5312 	EXP 	NL_Pair: autoDraw = False
1147.5312 	EXP 	number_reminder: autoDraw = False
1147.5312 	EXP 	letter_reminder: autoDraw = False
1147.5312 	EXP 	NL_Pair: pos = array([-0.3 , -0.25])
1147.5312 	EXP 	NL_Pair: text = '8M'
1147.5312 	EXP 	number_reminder: text = 'F = Odd        J = Even'
1147.5312 	EXP 	letter_reminder: text = 'D = Consonant        K = Vowel'
1147.5312 	EXP 	NL_Pair: autoDraw = True
1147.5312 	EXP 	number_reminder: autoDraw = True
1147.5312 	EXP 	letter_reminder: autoDraw = True
1157.8543 	DATA 	Keypress: d
1157.8698 	EXP 	New trial (rep=0, index=12): OrderedDict([('pair', '8K'), ('allowed', 'fjdk'), ('correct', 'j'), ('state', 'TopLeft'), ('position', [-0.3, 0.25]), ('num_reminder', 'F = Odd        J = Even'), ('lett_reminder', 'D = Consonant        K = Vowel')])
1157.8977 	EXP 	NL_Pair: autoDraw = False
1157.8977 	EXP 	number_reminder: autoDraw = False
1157.8977 	EXP 	letter_reminder: autoDraw = False
1157.8977 	EXP 	NL_Pair: pos = array([-0.3 ,  0.25])
1157.8977 	EXP 	NL_Pair: text = '8K'
1157.8977 	EXP 	number_reminder: text = 'F = Odd        J = Even'
1157.8977 	EXP 	letter_reminder: text = 'D = Consonant        K = Vowel'
1157.8977 	EXP 	NL_Pair: autoDraw = True
1157.8977 	EXP 	number_reminder: autoDraw = True
1157.8977 	EXP 	letter_reminder: autoDraw = True
1167.0363 	EXP 	New trial (rep=0, index=13): OrderedDict([('pair', '5G'), ('allowed', 'fjdk'), ('correct', 'f'), ('state', 'TopRight'), ('position', [0.3, 0.25]), ('num_reminder', 'F = Odd        J = Even'), ('lett_reminder', 'D = Consonant        K = Vowel')])
1167.0514 	DATA 	Keypress: k
1167.0640 	EXP 	NL_Pair: autoDraw = False
1167.0640 	EXP 	number_reminder: autoDraw = False
1167.0640 	EXP 	letter_reminder: autoDraw = False
1167.0640 	EXP 	NL_Pair: pos = array([0.3 , 0.25])
1167.0640 	EXP 	NL_Pair: text = '5G'
1167.0640 	EXP 	number_reminder: text = 'F = Odd        J = Even'
1167.0640 	EXP 	letter_reminder: text = 'D = Consonant        K = Vowel'
1167.0640 	EXP 	NL_Pair: autoDraw = True
1167.0640 	EXP 	number_reminder: autoDraw = True
1167.0640 	EXP 	letter_reminder: autoDraw = True
1167.9529 	EXP 	New trial (rep=0, index=14): OrderedDict([('pair', '9U'), ('allowed', 'fjdk'), ('correct', 'k'), ('state', 'BottomRight'), ('position', [0.3, -0.25]), ('num_reminder', 'F = Odd        J = Even'), ('lett_reminder', 'D = Consonant        K = Vowel')])
1167.9689 	DATA 	Keypress: j
1167.9808 	EXP 	NL_Pair: autoDraw = False
1167.9808 	EXP 	number_reminder: autoDraw = False
1167.9808 	EXP 	letter_reminder: autoDraw = False
1167.9808 	EXP 	NL_Pair: pos = array([ 0.3 , -0.25])
1167.9808 	EXP 	NL_Pair: text = '9U'
1167.9808 	EXP 	number_reminder: text = 'F = Odd        J = Even'
1167.9808 	EXP 	letter_reminder: text = 'D = Consonant        K = Vowel'
1167.9808 	EXP 	NL_Pair: autoDraw = True
1167.9808 	EXP 	number_reminder: autoDraw = True
1167.9808 	EXP 	letter_reminder: autoDraw = True
1291.7355 	DATA 	Keypress: space
1293.5522 	DATA 	Keypress: z
1300.6833 	DATA 	Mouse: Left button down, pos=(1274,950)
1300.6834 	DATA 	Mouse:  Left button up, pos=(1274,950)
1318.2852 	DATA 	Keypress: a
1321.8496 	DATA 	Mouse: Left button down, pos=(1274,950)
1321.8497 	DATA 	Mouse:  Left button up, pos=(1274,950)
1322.2321 	DATA 	Mouse: Left button down, pos=(1274,950)
1322.2323 	DATA 	Mouse:  Left button up, pos=(1274,950)
1322.9166 	DATA 	Mouse: Left button down, pos=(1274,950)
1322.9168 	DATA 	Mouse:  Left button up, pos=(1274,950)
1323.0994 	DATA 	Mouse: Left button down, pos=(1274,950)
1323.0995 	DATA 	Mouse:  Left button up, pos=(1274,950)
1549.2304 	DATA 	Keypress: escape
1549.5483 	EXP 	window1: mouseVisible = True
