9.1965 	WARNING 	Monitor specification not found. Creating a temporary one...
9.1998 	WARNING 	User requested fullscreen with size [1680 1050], but screen is actually [2880, 1800]. Using actual size
10.1606 	EXP 	Created window1 = Window(allowGUI=False, allowStencil=False, args=UNKNOWN, autoLog=True, bitsMode=UNKNOWN, blendMode='avg', color=array([0., 0., 0.]), colorSpace='rgb', fullscr=<method-wrapper '__getattribute__' of attributeSetter object at 0x000001752A907278>, gamma=None, kwargs=UNKNOWN, lms=UNKNOWN, monitor=<psychopy.monitors.calibTools.Monitor object at 0x000001752A952F60>, multiSample=False, name='window1', numSamples=2, pos=[0.0, 0.0], screen=0, size=array([2880, 1800]), stereo=False, units='height', useFBO=True, useRetina=False, viewOri=0.0, viewPos=None, viewScale=None, waitBlanking=True, winType='pyglet')
10.1607 	EXP 	window1: recordFrameIntervals = False
10.3268 	EXP 	window1: recordFrameIntervals = True
10.5104 	EXP 	window1: recordFrameIntervals = False
10.8367 	EXP 	Created gen_instr_txt = TextStim(__class__=<class 'psychopy.visual.text.TextStim'>, alignHoriz='center', alignVert='center', antialias=True, autoLog=True, bold=False, color='white', colorSpace='named', contrast=1.0, depth=0.0, flipHoriz=False, flipVert=False, font='Arial', fontFiles=[], height=0.05, italic=False, languageStyle='LTR', name='gen_instr_txt', opacity=1.0, ori=0, pos=array([0., 0.]), rgb=array([255., 255., 255.]), text=str(...), units='height', win=Window(...), wrapWidth=1)
10.8537 	EXP 	Created instr_cont = TextStim(__class__=<class 'psychopy.visual.text.TextStim'>, alignHoriz='center', alignVert='center', antialias=True, autoLog=True, bold=False, color='white', colorSpace='named', contrast=1.0, depth=-2.0, flipHoriz=False, flipVert=False, font='Arial', fontFiles=[], height=0.05, italic=False, languageStyle='LTR', name='instr_cont', opacity=1.0, ori=0, pos=array([ 0. , -0.4]), rgb=array([255., 255., 255.]), text='Press SPACE for more instructions.', units='height', win=Window(...), wrapWidth=1)
10.9136 	EXP 	Created gen_instr_2_txt = TextStim(__class__=<class 'psychopy.visual.text.TextStim'>, alignHoriz='center', alignVert='center', antialias=True, autoLog=True, bold=False, color='white', colorSpace='named', contrast=1.0, depth=0.0, flipHoriz=False, flipVert=False, font='Arial', fontFiles=[], height=0.05, italic=False, languageStyle='LTR', name='gen_instr_2_txt', opacity=1.0, ori=0, pos=array([0., 0.]), rgb=array([255., 255., 255.]), text=str(...), units='height', win=Window(...), wrapWidth=1)
10.9250 	EXP 	Created instr_2_cont = TextStim(__class__=<class 'psychopy.visual.text.TextStim'>, alignHoriz='center', alignVert='center', antialias=True, autoLog=True, bold=False, color='white', colorSpace='named', contrast=1.0, depth=-2.0, flipHoriz=False, flipVert=False, font='Arial', fontFiles=[], height=0.05, italic=False, languageStyle='LTR', name='instr_2_cont', opacity=1.0, ori=0, pos=array([ 0. , -0.4]), rgb=array([255., 255., 255.]), text='Press SPACE for more instructions.', units='height', win=Window(...), wrapWidth=1)
10.9324 	EXP 	Created rdy_txt = TextStim(__class__=<class 'psychopy.visual.text.TextStim'>, alignHoriz='center', alignVert='center', antialias=True, autoLog=True, bold=False, color='white', colorSpace='named', contrast=1.0, depth=0.0, flipHoriz=False, flipVert=False, font='Arial', fontFiles=[], height=0.05, italic=False, languageStyle='LTR', name='rdy_txt', opacity=1.0, ori=0, pos=array([0., 0.]), rgb=array([255., 255., 255.]), text='default text', units='height', win=Window(...), wrapWidth=1)
10.9406 	EXP 	Created rdy_cont = TextStim(__class__=<class 'psychopy.visual.text.TextStim'>, alignHoriz='center', alignVert='center', antialias=True, autoLog=True, bold=False, color='white', colorSpace='named', contrast=1.0, depth=-2.0, flipHoriz=False, flipVert=False, font='Arial', fontFiles=[], height=0.05, italic=False, languageStyle='LTR', name='rdy_cont', opacity=1.0, ori=0, pos=array([ 0. , -0.4]), rgb=array([255., 255., 255.]), text='Press SPACE to begin.', units='height', win=Window(...), wrapWidth=1)
10.9704 	EXP 	Created NL_Pair = TextStim(__class__=<class 'psychopy.visual.text.TextStim'>, alignHoriz='center', alignVert='center', antialias=True, autoLog=True, bold=False, color='white', colorSpace='named', contrast=1.0, depth=0.0, flipHoriz=False, flipVert=False, font='Arial', fontFiles=[], height=0.1, italic=False, languageStyle='LTR', name='NL_Pair', opacity=1.0, ori=0, pos=array([0., 0.]), rgb=array([255., 255., 255.]), text='default text', units='height', win=Window(...), wrapWidth=1)
10.9762 	EXP 	Created number_reminder = TextStim(__class__=<class 'psychopy.visual.text.TextStim'>, alignHoriz='center', alignVert='center', antialias=True, autoLog=True, bold=False, color='white', colorSpace='named', contrast=1.0, depth=-2.0, flipHoriz=False, flipVert=False, font='Arial', fontFiles=[], height=0.05, italic=False, languageStyle='LTR', name='number_reminder', opacity=1.0, ori=0, pos=array([0.  , 0.45]), rgb=array([255., 255., 255.]), text='default text', units='height', win=Window(...), wrapWidth=1)
10.9818 	EXP 	Created letter_reminder = TextStim(__class__=<class 'psychopy.visual.text.TextStim'>, alignHoriz='center', alignVert='center', antialias=True, autoLog=True, bold=False, color='white', colorSpace='named', contrast=1.0, depth=-3.0, flipHoriz=False, flipVert=False, font='Arial', fontFiles=[], height=0.05, italic=False, languageStyle='LTR', name='letter_reminder', opacity=1.0, ori=0, pos=array([ 0.  , -0.45]), rgb=array([255., 255., 255.]), text='default text', units='height', win=Window(...), wrapWidth=1)
10.9882 	EXP 	Created fdbk_txt = TextStim(__class__=<class 'psychopy.visual.text.TextStim'>, alignHoriz='center', alignVert='center', antialias=True, autoLog=True, bold=False, color='white', colorSpace='named', contrast=1.0, depth=0.0, flipHoriz=False, flipVert=False, font='Arial', fontFiles=[], height=0.05, italic=False, languageStyle='LTR', name='fdbk_txt', opacity=1.0, ori=0, pos=array([0., 0.]), rgb=array([255., 255., 255.]), text='default text', units='height', win=Window(...), wrapWidth=1)
10.9939 	EXP 	Created fdbk_cont = TextStim(__class__=<class 'psychopy.visual.text.TextStim'>, alignHoriz='center', alignVert='center', antialias=True, autoLog=True, bold=False, color='white', colorSpace='named', contrast=1.0, depth=-2.0, flipHoriz=False, flipVert=False, font='Arial', fontFiles=[], height=0.05, italic=False, languageStyle='LTR', name='fdbk_cont', opacity=1.0, ori=0, pos=array([ 0. , -0.4]), rgb=array([255., 255., 255.]), text='default text', units='height', win=Window(...), wrapWidth=1)
11.0604 	EXP 	gen_instr_txt: autoDraw = True
11.0604 	EXP 	instr_cont: autoDraw = True
21.3701 	DATA 	Keypress: space
21.3769 	EXP 	gen_instr_txt: autoDraw = False
21.3769 	EXP 	instr_cont: autoDraw = False
21.3769 	EXP 	gen_instr_2_txt: autoDraw = True
21.3769 	EXP 	instr_2_cont: autoDraw = True
63.4452 	EXP 	Imported NLT_Blocks.xlsx as conditions, 3 conditions, 5 params
63.4454 	EXP 	Created sequence: sequential, trialTypes=3, nReps=1, seed=None
63.4457 	EXP 	New trial (rep=0, index=0): OrderedDict([('block', 1), ('cond_file', 'NLT_Block_1.xlsx'), ('ready_msg', 'Respond by pressing:\n        F if the number is odd\n        J if the number is even\n\nThere will be a cue at the top of the screen.'), ('fdbk_msg', 'Good work! \n\nIn this second part, number-letter pairs will appear on the bottom half of the screen. \n\nDecide if the letter is a consonant or a vowel. '), ('fdbk_cont_msg', 'Press SPACE for more instructions.')])
63.4963 	DATA 	Keypress: space
63.5090 	EXP 	gen_instr_2_txt: autoDraw = False
63.5090 	EXP 	instr_2_cont: autoDraw = False
63.5090 	EXP 	rdy_txt: text = 'Respond by pressing:\n        F if the number is odd\n        J if the number is even\n\nThere will be a cue at the top of the screen.'
63.5090 	EXP 	rdy_txt: autoDraw = True
63.5090 	EXP 	rdy_cont: autoDraw = True
66.8059 	EXP 	Imported NLT_Block_1.xlsx as conditions, 32 conditions, 7 params
66.8061 	EXP 	Created sequence: sequential, trialTypes=32, nReps=1, seed=None
66.8064 	EXP 	New trial (rep=0, index=0): OrderedDict([('pair', '2G'), ('allowed', 'fj'), ('correct', 'j'), ('state', 'TopLeft'), ('position', [-0.3, 0.25]), ('num_reminder', 'F = Odd        J = Even'), ('lett_reminder', ' ')])
66.8312 	DATA 	Keypress: space
66.8425 	EXP 	rdy_txt: autoDraw = False
66.8425 	EXP 	rdy_cont: autoDraw = False
66.8425 	EXP 	NL_Pair: pos = array([-0.3 ,  0.25])
66.8425 	EXP 	NL_Pair: text = '2G'
66.8425 	EXP 	number_reminder: text = 'F = Odd        J = Even'
66.8425 	EXP 	letter_reminder: text = ' '
66.8425 	EXP 	NL_Pair: autoDraw = True
66.8425 	EXP 	number_reminder: autoDraw = True
66.8425 	EXP 	letter_reminder: autoDraw = True
68.9473 	EXP 	New trial (rep=0, index=1): OrderedDict([('pair', '5I'), ('allowed', 'fj'), ('correct', 'f'), ('state', 'TopRight'), ('position', [0.3, 0.25]), ('num_reminder', 'F = Odd        J = Even'), ('lett_reminder', ' ')])
68.9607 	DATA 	Keypress: f
68.9757 	EXP 	NL_Pair: autoDraw = False
68.9757 	EXP 	number_reminder: autoDraw = False
68.9757 	EXP 	letter_reminder: autoDraw = False
68.9757 	EXP 	NL_Pair: pos = array([0.3 , 0.25])
68.9757 	EXP 	NL_Pair: text = '5I'
68.9757 	EXP 	number_reminder: text = 'F = Odd        J = Even'
68.9757 	EXP 	letter_reminder: text = ' '
68.9757 	EXP 	NL_Pair: autoDraw = True
68.9757 	EXP 	number_reminder: autoDraw = True
68.9757 	EXP 	letter_reminder: autoDraw = True
69.1639 	EXP 	New trial (rep=0, index=2): OrderedDict([('pair', '2K'), ('allowed', 'fj'), ('correct', 'j'), ('state', 'TopLeft'), ('position', [-0.3, 0.25]), ('num_reminder', 'F = Odd        J = Even'), ('lett_reminder', ' ')])
69.1754 	DATA 	Keypress: j
69.1924 	EXP 	NL_Pair: autoDraw = False
69.1924 	EXP 	number_reminder: autoDraw = False
69.1924 	EXP 	letter_reminder: autoDraw = False
69.1924 	EXP 	NL_Pair: pos = array([-0.3 ,  0.25])
69.1924 	EXP 	NL_Pair: text = '2K'
69.1924 	EXP 	number_reminder: text = 'F = Odd        J = Even'
69.1924 	EXP 	letter_reminder: text = ' '
69.1924 	EXP 	NL_Pair: autoDraw = True
69.1924 	EXP 	number_reminder: autoDraw = True
69.1924 	EXP 	letter_reminder: autoDraw = True
69.4484 	DATA 	Keypress: f
69.4639 	EXP 	New trial (rep=0, index=3): OrderedDict([('pair', '7A'), ('allowed', 'fj'), ('correct', 'f'), ('state', 'TopRight'), ('position', [0.3, 0.25]), ('num_reminder', 'F = Odd        J = Even'), ('lett_reminder', ' ')])
69.4924 	EXP 	NL_Pair: autoDraw = False
69.4924 	EXP 	number_reminder: autoDraw = False
69.4924 	EXP 	letter_reminder: autoDraw = False
69.4924 	EXP 	NL_Pair: pos = array([0.3 , 0.25])
69.4924 	EXP 	NL_Pair: text = '7A'
69.4924 	EXP 	number_reminder: text = 'F = Odd        J = Even'
69.4924 	EXP 	letter_reminder: text = ' '
69.4924 	EXP 	NL_Pair: autoDraw = True
69.4924 	EXP 	number_reminder: autoDraw = True
69.4924 	EXP 	letter_reminder: autoDraw = True
69.6466 	EXP 	New trial (rep=0, index=4): OrderedDict([('pair', '1E'), ('allowed', 'fj'), ('correct', 'f'), ('state', 'TopLeft'), ('position', [-0.3, 0.25]), ('num_reminder', 'F = Odd        J = Even'), ('lett_reminder', ' ')])
69.6598 	DATA 	Keypress: j
69.6757 	EXP 	NL_Pair: autoDraw = False
69.6757 	EXP 	number_reminder: autoDraw = False
69.6757 	EXP 	letter_reminder: autoDraw = False
69.6757 	EXP 	NL_Pair: pos = array([-0.3 ,  0.25])
69.6757 	EXP 	NL_Pair: text = '1E'
69.6757 	EXP 	number_reminder: text = 'F = Odd        J = Even'
69.6757 	EXP 	letter_reminder: text = ' '
69.6757 	EXP 	NL_Pair: autoDraw = True
69.6757 	EXP 	number_reminder: autoDraw = True
69.6757 	EXP 	letter_reminder: autoDraw = True
69.7639 	EXP 	New trial (rep=0, index=5): OrderedDict([('pair', '6R'), ('allowed', 'fj'), ('correct', 'j'), ('state', 'TopRight'), ('position', [0.3, 0.25]), ('num_reminder', 'F = Odd        J = Even'), ('lett_reminder', ' ')])
69.7785 	DATA 	Keypress: f
69.7926 	EXP 	NL_Pair: autoDraw = False
69.7926 	EXP 	number_reminder: autoDraw = False
69.7926 	EXP 	letter_reminder: autoDraw = False
69.7926 	EXP 	NL_Pair: pos = array([0.3 , 0.25])
69.7926 	EXP 	NL_Pair: text = '6R'
69.7926 	EXP 	number_reminder: text = 'F = Odd        J = Even'
69.7926 	EXP 	letter_reminder: text = ' '
69.7926 	EXP 	NL_Pair: autoDraw = True
69.7926 	EXP 	number_reminder: autoDraw = True
69.7926 	EXP 	letter_reminder: autoDraw = True
69.8637 	DATA 	Keypress: j
69.8802 	EXP 	New trial (rep=0, index=6): OrderedDict([('pair', '9I'), ('allowed', 'fj'), ('correct', 'f'), ('state', 'TopLeft'), ('position', [-0.3, 0.25]), ('num_reminder', 'F = Odd        J = Even'), ('lett_reminder', ' ')])
69.9092 	EXP 	NL_Pair: autoDraw = False
69.9092 	EXP 	number_reminder: autoDraw = False
69.9092 	EXP 	letter_reminder: autoDraw = False
69.9092 	EXP 	NL_Pair: pos = array([-0.3 ,  0.25])
69.9092 	EXP 	NL_Pair: text = '9I'
69.9092 	EXP 	number_reminder: text = 'F = Odd        J = Even'
69.9092 	EXP 	letter_reminder: text = ' '
69.9092 	EXP 	NL_Pair: autoDraw = True
69.9092 	EXP 	number_reminder: autoDraw = True
69.9092 	EXP 	letter_reminder: autoDraw = True
69.9463 	EXP 	New trial (rep=0, index=7): OrderedDict([('pair', '6M'), ('allowed', 'fj'), ('correct', 'j'), ('state', 'TopRight'), ('position', [0.3, 0.25]), ('num_reminder', 'F = Odd        J = Even'), ('lett_reminder', ' ')])
69.9582 	DATA 	Keypress: f
69.9757 	EXP 	NL_Pair: autoDraw = False
69.9757 	EXP 	number_reminder: autoDraw = False
69.9757 	EXP 	letter_reminder: autoDraw = False
69.9757 	EXP 	NL_Pair: pos = array([0.3 , 0.25])
69.9757 	EXP 	NL_Pair: text = '6M'
69.9757 	EXP 	number_reminder: text = 'F = Odd        J = Even'
69.9757 	EXP 	letter_reminder: text = ' '
69.9757 	EXP 	NL_Pair: autoDraw = True
69.9757 	EXP 	number_reminder: autoDraw = True
69.9757 	EXP 	letter_reminder: autoDraw = True
70.0636 	EXP 	New trial (rep=0, index=8): OrderedDict([('pair', '1R'), ('allowed', 'fj'), ('correct', 'f'), ('state', 'TopLeft'), ('position', [-0.3, 0.25]), ('num_reminder', 'F = Odd        J = Even'), ('lett_reminder', ' ')])
70.0712 	DATA 	Keypress: j
70.0757 	EXP 	NL_Pair: autoDraw = False
70.0757 	EXP 	number_reminder: autoDraw = False
70.0757 	EXP 	letter_reminder: autoDraw = False
70.0757 	EXP 	NL_Pair: pos = array([-0.3 ,  0.25])
70.0757 	EXP 	NL_Pair: text = '1R'
70.0757 	EXP 	number_reminder: text = 'F = Odd        J = Even'
70.0757 	EXP 	letter_reminder: text = ' '
70.0757 	EXP 	NL_Pair: autoDraw = True
70.0757 	EXP 	number_reminder: autoDraw = True
70.0757 	EXP 	letter_reminder: autoDraw = True
70.1468 	DATA 	Keypress: f
70.1629 	EXP 	New trial (rep=0, index=9): OrderedDict([('pair', '2R'), ('allowed', 'fj'), ('correct', 'j'), ('state', 'TopRight'), ('position', [0.3, 0.25]), ('num_reminder', 'F = Odd        J = Even'), ('lett_reminder', ' ')])
70.1756 	EXP 	NL_Pair: autoDraw = False
70.1756 	EXP 	number_reminder: autoDraw = False
70.1756 	EXP 	letter_reminder: autoDraw = False
70.1756 	EXP 	NL_Pair: pos = array([0.3 , 0.25])
70.1756 	EXP 	NL_Pair: text = '2R'
70.1756 	EXP 	number_reminder: text = 'F = Odd        J = Even'
70.1756 	EXP 	letter_reminder: text = ' '
70.1756 	EXP 	NL_Pair: autoDraw = True
70.1756 	EXP 	number_reminder: autoDraw = True
70.1756 	EXP 	letter_reminder: autoDraw = True
70.2470 	EXP 	New trial (rep=0, index=10): OrderedDict([('pair', '9E'), ('allowed', 'fj'), ('correct', 'f'), ('state', 'TopLeft'), ('position', [-0.3, 0.25]), ('num_reminder', 'F = Odd        J = Even'), ('lett_reminder', ' ')])
70.2545 	DATA 	Keypress: j
70.2590 	EXP 	NL_Pair: autoDraw = False
70.2590 	EXP 	number_reminder: autoDraw = False
70.2590 	EXP 	letter_reminder: autoDraw = False
70.2590 	EXP 	NL_Pair: pos = array([-0.3 ,  0.25])
70.2590 	EXP 	NL_Pair: text = '9E'
70.2590 	EXP 	number_reminder: text = 'F = Odd        J = Even'
70.2590 	EXP 	letter_reminder: text = ' '
70.2590 	EXP 	NL_Pair: autoDraw = True
70.2590 	EXP 	number_reminder: autoDraw = True
70.2590 	EXP 	letter_reminder: autoDraw = True
70.3298 	DATA 	Keypress: f
70.3469 	EXP 	New trial (rep=0, index=11): OrderedDict([('pair', '7K'), ('allowed', 'fj'), ('correct', 'f'), ('state', 'TopRight'), ('position', [0.3, 0.25]), ('num_reminder', 'F = Odd        J = Even'), ('lett_reminder', ' ')])
70.3590 	EXP 	NL_Pair: autoDraw = False
70.3590 	EXP 	number_reminder: autoDraw = False
70.3590 	EXP 	letter_reminder: autoDraw = False
70.3590 	EXP 	NL_Pair: pos = array([0.3 , 0.25])
70.3590 	EXP 	NL_Pair: text = '7K'
70.3590 	EXP 	number_reminder: text = 'F = Odd        J = Even'
70.3590 	EXP 	letter_reminder: text = ' '
70.3590 	EXP 	NL_Pair: autoDraw = True
70.3590 	EXP 	number_reminder: autoDraw = True
70.3590 	EXP 	letter_reminder: autoDraw = True
70.4470 	EXP 	New trial (rep=0, index=12): OrderedDict([('pair', '8M'), ('allowed', 'fj'), ('correct', 'j'), ('state', 'TopLeft'), ('position', [-0.3, 0.25]), ('num_reminder', 'F = Odd        J = Even'), ('lett_reminder', ' ')])
70.4583 	DATA 	Keypress: j
70.4759 	EXP 	NL_Pair: autoDraw = False
70.4759 	EXP 	number_reminder: autoDraw = False
70.4759 	EXP 	letter_reminder: autoDraw = False
70.4759 	EXP 	NL_Pair: pos = array([-0.3 ,  0.25])
70.4759 	EXP 	NL_Pair: text = '8M'
70.4759 	EXP 	number_reminder: text = 'F = Odd        J = Even'
70.4759 	EXP 	letter_reminder: text = ' '
70.4759 	EXP 	NL_Pair: autoDraw = True
70.4759 	EXP 	number_reminder: autoDraw = True
70.4759 	EXP 	letter_reminder: autoDraw = True
70.5136 	EXP 	New trial (rep=0, index=13): OrderedDict([('pair', '8K'), ('allowed', 'fj'), ('correct', 'j'), ('state', 'TopRight'), ('position', [0.3, 0.25]), ('num_reminder', 'F = Odd        J = Even'), ('lett_reminder', ' ')])
70.5211 	DATA 	Keypress: f
70.5256 	EXP 	NL_Pair: autoDraw = False
70.5256 	EXP 	number_reminder: autoDraw = False
70.5256 	EXP 	letter_reminder: autoDraw = False
70.5256 	EXP 	NL_Pair: pos = array([0.3 , 0.25])
70.5256 	EXP 	NL_Pair: text = '8K'
70.5256 	EXP 	number_reminder: text = 'F = Odd        J = Even'
70.5256 	EXP 	letter_reminder: text = ' '
70.5256 	EXP 	NL_Pair: autoDraw = True
70.5256 	EXP 	number_reminder: autoDraw = True
70.5256 	EXP 	letter_reminder: autoDraw = True
70.6133 	EXP 	New trial (rep=0, index=14): OrderedDict([('pair', '5G'), ('allowed', 'fj'), ('correct', 'f'), ('state', 'TopLeft'), ('position', [-0.3, 0.25]), ('num_reminder', 'F = Odd        J = Even'), ('lett_reminder', ' ')])
70.6208 	DATA 	Keypress: j
70.6254 	EXP 	NL_Pair: autoDraw = False
70.6254 	EXP 	number_reminder: autoDraw = False
70.6254 	EXP 	letter_reminder: autoDraw = False
70.6254 	EXP 	NL_Pair: pos = array([-0.3 ,  0.25])
70.6254 	EXP 	NL_Pair: text = '5G'
70.6254 	EXP 	number_reminder: text = 'F = Odd        J = Even'
70.6254 	EXP 	letter_reminder: text = ' '
70.6254 	EXP 	NL_Pair: autoDraw = True
70.6254 	EXP 	number_reminder: autoDraw = True
70.6254 	EXP 	letter_reminder: autoDraw = True
70.7143 	DATA 	Keypress: f
70.7303 	EXP 	New trial (rep=0, index=15): OrderedDict([('pair', '9U'), ('allowed', 'fj'), ('correct', 'f'), ('state', 'TopRight'), ('position', [0.3, 0.25]), ('num_reminder', 'F = Odd        J = Even'), ('lett_reminder', ' ')])
70.7593 	EXP 	NL_Pair: autoDraw = False
70.7593 	EXP 	number_reminder: autoDraw = False
70.7593 	EXP 	letter_reminder: autoDraw = False
70.7593 	EXP 	NL_Pair: pos = array([0.3 , 0.25])
70.7593 	EXP 	NL_Pair: text = '9U'
70.7593 	EXP 	number_reminder: text = 'F = Odd        J = Even'
70.7593 	EXP 	letter_reminder: text = ' '
70.7593 	EXP 	NL_Pair: autoDraw = True
70.7593 	EXP 	number_reminder: autoDraw = True
70.7593 	EXP 	letter_reminder: autoDraw = True
70.7972 	EXP 	New trial (rep=0, index=16): OrderedDict([('pair', '1G'), ('allowed', 'fj'), ('correct', 'f'), ('state', 'TopLeft'), ('position', [-0.3, 0.25]), ('num_reminder', 'F = Odd        J = Even'), ('lett_reminder', ' ')])
70.8048 	DATA 	Keypress: j
70.8089 	EXP 	NL_Pair: autoDraw = False
70.8089 	EXP 	number_reminder: autoDraw = False
70.8089 	EXP 	letter_reminder: autoDraw = False
70.8089 	EXP 	NL_Pair: pos = array([-0.3 ,  0.25])
70.8089 	EXP 	NL_Pair: text = '1G'
70.8089 	EXP 	number_reminder: text = 'F = Odd        J = Even'
70.8089 	EXP 	letter_reminder: text = ' '
70.8089 	EXP 	NL_Pair: autoDraw = True
70.8089 	EXP 	number_reminder: autoDraw = True
70.8089 	EXP 	letter_reminder: autoDraw = True
70.8810 	DATA 	Keypress: f
70.8967 	EXP 	New trial (rep=0, index=17): OrderedDict([('pair', '6I'), ('allowed', 'fj'), ('correct', 'j'), ('state', 'TopRight'), ('position', [0.3, 0.25]), ('num_reminder', 'F = Odd        J = Even'), ('lett_reminder', ' ')])
70.9089 	EXP 	NL_Pair: autoDraw = False
70.9089 	EXP 	number_reminder: autoDraw = False
70.9089 	EXP 	letter_reminder: autoDraw = False
70.9089 	EXP 	NL_Pair: pos = array([0.3 , 0.25])
70.9089 	EXP 	NL_Pair: text = '6I'
70.9089 	EXP 	number_reminder: text = 'F = Odd        J = Even'
70.9089 	EXP 	letter_reminder: text = ' '
70.9089 	EXP 	NL_Pair: autoDraw = True
70.9089 	EXP 	number_reminder: autoDraw = True
70.9089 	EXP 	letter_reminder: autoDraw = True
70.9805 	EXP 	New trial (rep=0, index=18): OrderedDict([('pair', '5U'), ('allowed', 'fj'), ('correct', 'f'), ('state', 'TopLeft'), ('position', [-0.3, 0.25]), ('num_reminder', 'F = Odd        J = Even'), ('lett_reminder', ' ')])
70.9885 	DATA 	Keypress: j
70.9923 	EXP 	NL_Pair: autoDraw = False
70.9923 	EXP 	number_reminder: autoDraw = False
70.9923 	EXP 	letter_reminder: autoDraw = False
70.9923 	EXP 	NL_Pair: pos = array([-0.3 ,  0.25])
70.9923 	EXP 	NL_Pair: text = '5U'
70.9923 	EXP 	number_reminder: text = 'F = Odd        J = Even'
70.9923 	EXP 	letter_reminder: text = ' '
70.9923 	EXP 	NL_Pair: autoDraw = True
70.9923 	EXP 	number_reminder: autoDraw = True
70.9923 	EXP 	letter_reminder: autoDraw = True
71.0798 	EXP 	New trial (rep=0, index=19): OrderedDict([('pair', '1M'), ('allowed', 'fj'), ('correct', 'f'), ('state', 'TopRight'), ('position', [0.3, 0.25]), ('num_reminder', 'F = Odd        J = Even'), ('lett_reminder', ' ')])
71.0876 	DATA 	Keypress: f
71.0921 	EXP 	NL_Pair: autoDraw = False
71.0921 	EXP 	number_reminder: autoDraw = False
71.0921 	EXP 	letter_reminder: autoDraw = False
71.0921 	EXP 	NL_Pair: pos = array([0.3 , 0.25])
71.0921 	EXP 	NL_Pair: text = '1M'
71.0921 	EXP 	number_reminder: text = 'F = Odd        J = Even'
71.0921 	EXP 	letter_reminder: text = ' '
71.0921 	EXP 	NL_Pair: autoDraw = True
71.0921 	EXP 	number_reminder: autoDraw = True
71.0921 	EXP 	letter_reminder: autoDraw = True
71.1803 	EXP 	New trial (rep=0, index=20): OrderedDict([('pair', '3M'), ('allowed', 'fj'), ('correct', 'f'), ('state', 'TopLeft'), ('position', [-0.3, 0.25]), ('num_reminder', 'F = Odd        J = Even'), ('lett_reminder', ' ')])
71.1918 	DATA 	Keypress: j
71.2092 	EXP 	NL_Pair: autoDraw = False
71.2092 	EXP 	number_reminder: autoDraw = False
71.2092 	EXP 	letter_reminder: autoDraw = False
71.2092 	EXP 	NL_Pair: pos = array([-0.3 ,  0.25])
71.2092 	EXP 	NL_Pair: text = '3M'
71.2092 	EXP 	number_reminder: text = 'F = Odd        J = Even'
71.2092 	EXP 	letter_reminder: text = ' '
71.2092 	EXP 	NL_Pair: autoDraw = True
71.2092 	EXP 	number_reminder: autoDraw = True
71.2092 	EXP 	letter_reminder: autoDraw = True
71.2487 	DATA 	Keypress: f
71.2636 	EXP 	New trial (rep=0, index=21): OrderedDict([('pair', '3K'), ('allowed', 'fj'), ('correct', 'f'), ('state', 'TopRight'), ('position', [0.3, 0.25]), ('num_reminder', 'F = Odd        J = Even'), ('lett_reminder', ' ')])
71.2757 	EXP 	NL_Pair: autoDraw = False
71.2757 	EXP 	number_reminder: autoDraw = False
71.2757 	EXP 	letter_reminder: autoDraw = False
71.2757 	EXP 	NL_Pair: pos = array([0.3 , 0.25])
71.2757 	EXP 	NL_Pair: text = '3K'
71.2757 	EXP 	number_reminder: text = 'F = Odd        J = Even'
71.2757 	EXP 	letter_reminder: text = ' '
71.2757 	EXP 	NL_Pair: autoDraw = True
71.2757 	EXP 	number_reminder: autoDraw = True
71.2757 	EXP 	letter_reminder: autoDraw = True
71.3634 	EXP 	New trial (rep=0, index=22): OrderedDict([('pair', '6E'), ('allowed', 'fj'), ('correct', 'j'), ('state', 'TopLeft'), ('position', [-0.3, 0.25]), ('num_reminder', 'F = Odd        J = Even'), ('lett_reminder', ' ')])
71.3709 	DATA 	Keypress: j
71.3754 	EXP 	NL_Pair: autoDraw = False
71.3754 	EXP 	number_reminder: autoDraw = False
71.3754 	EXP 	letter_reminder: autoDraw = False
71.3754 	EXP 	NL_Pair: pos = array([-0.3 ,  0.25])
71.3754 	EXP 	NL_Pair: text = '6E'
71.3754 	EXP 	number_reminder: text = 'F = Odd        J = Even'
71.3754 	EXP 	letter_reminder: text = ' '
71.3754 	EXP 	NL_Pair: autoDraw = True
71.3754 	EXP 	number_reminder: autoDraw = True
71.3754 	EXP 	letter_reminder: autoDraw = True
71.4303 	EXP 	New trial (rep=0, index=23): OrderedDict([('pair', '7I'), ('allowed', 'fj'), ('correct', 'f'), ('state', 'TopRight'), ('position', [0.3, 0.25]), ('num_reminder', 'F = Odd        J = Even'), ('lett_reminder', ' ')])
71.4379 	DATA 	Keypress: f
71.4422 	EXP 	NL_Pair: autoDraw = False
71.4422 	EXP 	number_reminder: autoDraw = False
71.4422 	EXP 	letter_reminder: autoDraw = False
71.4422 	EXP 	NL_Pair: pos = array([0.3 , 0.25])
71.4422 	EXP 	NL_Pair: text = '7I'
71.4422 	EXP 	number_reminder: text = 'F = Odd        J = Even'
71.4422 	EXP 	letter_reminder: text = ' '
71.4422 	EXP 	NL_Pair: autoDraw = True
71.4422 	EXP 	number_reminder: autoDraw = True
71.4422 	EXP 	letter_reminder: autoDraw = True
71.5302 	EXP 	New trial (rep=0, index=24): OrderedDict([('pair', '8E'), ('allowed', 'fj'), ('correct', 'j'), ('state', 'TopLeft'), ('position', [-0.3, 0.25]), ('num_reminder', 'F = Odd        J = Even'), ('lett_reminder', ' ')])
71.5379 	DATA 	Keypress: j
71.5423 	EXP 	NL_Pair: autoDraw = False
71.5423 	EXP 	number_reminder: autoDraw = False
71.5423 	EXP 	letter_reminder: autoDraw = False
71.5423 	EXP 	NL_Pair: pos = array([-0.3 ,  0.25])
71.5423 	EXP 	NL_Pair: text = '8E'
71.5423 	EXP 	number_reminder: text = 'F = Odd        J = Even'
71.5423 	EXP 	letter_reminder: text = ' '
71.5423 	EXP 	NL_Pair: autoDraw = True
71.5423 	EXP 	number_reminder: autoDraw = True
71.5423 	EXP 	letter_reminder: autoDraw = True
71.6305 	EXP 	New trial (rep=0, index=25): OrderedDict([('pair', '6A'), ('allowed', 'fj'), ('correct', 'j'), ('state', 'TopRight'), ('position', [0.3, 0.25]), ('num_reminder', 'F = Odd        J = Even'), ('lett_reminder', ' ')])
71.6381 	DATA 	Keypress: f
71.6424 	EXP 	NL_Pair: autoDraw = False
71.6424 	EXP 	number_reminder: autoDraw = False
71.6424 	EXP 	letter_reminder: autoDraw = False
71.6424 	EXP 	NL_Pair: pos = array([0.3 , 0.25])
71.6424 	EXP 	NL_Pair: text = '6A'
71.6424 	EXP 	number_reminder: text = 'F = Odd        J = Even'
71.6424 	EXP 	letter_reminder: text = ' '
71.6424 	EXP 	NL_Pair: autoDraw = True
71.6424 	EXP 	number_reminder: autoDraw = True
71.6424 	EXP 	letter_reminder: autoDraw = True
71.7307 	DATA 	Keypress: j
71.7467 	EXP 	New trial (rep=0, index=26): OrderedDict([('pair', '2U'), ('allowed', 'fj'), ('correct', 'j'), ('state', 'TopLeft'), ('position', [-0.3, 0.25]), ('num_reminder', 'F = Odd        J = Even'), ('lett_reminder', ' ')])
71.7590 	EXP 	NL_Pair: autoDraw = False
71.7590 	EXP 	number_reminder: autoDraw = False
71.7590 	EXP 	letter_reminder: autoDraw = False
71.7590 	EXP 	NL_Pair: pos = array([-0.3 ,  0.25])
71.7590 	EXP 	NL_Pair: text = '2U'
71.7590 	EXP 	number_reminder: text = 'F = Odd        J = Even'
71.7590 	EXP 	letter_reminder: text = ' '
71.7590 	EXP 	NL_Pair: autoDraw = True
71.7590 	EXP 	number_reminder: autoDraw = True
71.7590 	EXP 	letter_reminder: autoDraw = True
71.8303 	EXP 	New trial (rep=0, index=27): OrderedDict([('pair', '8R'), ('allowed', 'fj'), ('correct', 'j'), ('state', 'TopRight'), ('position', [0.3, 0.25]), ('num_reminder', 'F = Odd        J = Even'), ('lett_reminder', ' ')])
71.8388 	DATA 	Keypress: f
71.8423 	EXP 	NL_Pair: autoDraw = False
71.8423 	EXP 	number_reminder: autoDraw = False
71.8423 	EXP 	letter_reminder: autoDraw = False
71.8423 	EXP 	NL_Pair: pos = array([0.3 , 0.25])
71.8423 	EXP 	NL_Pair: text = '8R'
71.8423 	EXP 	number_reminder: text = 'F = Odd        J = Even'
71.8423 	EXP 	letter_reminder: text = ' '
71.8423 	EXP 	NL_Pair: autoDraw = True
71.8423 	EXP 	number_reminder: autoDraw = True
71.8423 	EXP 	letter_reminder: autoDraw = True
71.9132 	DATA 	Keypress: j
71.9303 	EXP 	New trial (rep=0, index=28): OrderedDict([('pair', '4A'), ('allowed', 'fj'), ('correct', 'j'), ('state', 'TopLeft'), ('position', [-0.3, 0.25]), ('num_reminder', 'F = Odd        J = Even'), ('lett_reminder', ' ')])
71.9592 	EXP 	NL_Pair: autoDraw = False
71.9592 	EXP 	number_reminder: autoDraw = False
71.9592 	EXP 	letter_reminder: autoDraw = False
71.9592 	EXP 	NL_Pair: pos = array([-0.3 ,  0.25])
71.9592 	EXP 	NL_Pair: text = '4A'
71.9592 	EXP 	number_reminder: text = 'F = Odd        J = Even'
71.9592 	EXP 	letter_reminder: text = ' '
71.9592 	EXP 	NL_Pair: autoDraw = True
71.9592 	EXP 	number_reminder: autoDraw = True
71.9592 	EXP 	letter_reminder: autoDraw = True
72.0127 	EXP 	New trial (rep=0, index=29): OrderedDict([('pair', '5R'), ('allowed', 'fj'), ('correct', 'f'), ('state', 'TopRight'), ('position', [0.3, 0.25]), ('num_reminder', 'F = Odd        J = Even'), ('lett_reminder', ' ')])
72.0214 	DATA 	Keypress: f
72.0256 	EXP 	NL_Pair: autoDraw = False
72.0256 	EXP 	number_reminder: autoDraw = False
72.0256 	EXP 	letter_reminder: autoDraw = False
72.0256 	EXP 	NL_Pair: pos = array([0.3 , 0.25])
72.0256 	EXP 	NL_Pair: text = '5R'
72.0256 	EXP 	number_reminder: text = 'F = Odd        J = Even'
72.0256 	EXP 	letter_reminder: text = ' '
72.0256 	EXP 	NL_Pair: autoDraw = True
72.0256 	EXP 	number_reminder: autoDraw = True
72.0256 	EXP 	letter_reminder: autoDraw = True
72.1128 	EXP 	New trial (rep=0, index=30): OrderedDict([('pair', '5K'), ('allowed', 'fj'), ('correct', 'f'), ('state', 'TopLeft'), ('position', [-0.3, 0.25]), ('num_reminder', 'F = Odd        J = Even'), ('lett_reminder', ' ')])
72.1205 	DATA 	Keypress: j
72.1254 	EXP 	NL_Pair: autoDraw = False
72.1254 	EXP 	number_reminder: autoDraw = False
72.1254 	EXP 	letter_reminder: autoDraw = False
72.1254 	EXP 	NL_Pair: pos = array([-0.3 ,  0.25])
72.1254 	EXP 	NL_Pair: text = '5K'
72.1254 	EXP 	number_reminder: text = 'F = Odd        J = Even'
72.1254 	EXP 	letter_reminder: text = ' '
72.1254 	EXP 	NL_Pair: autoDraw = True
72.1254 	EXP 	number_reminder: autoDraw = True
72.1254 	EXP 	letter_reminder: autoDraw = True
72.1969 	EXP 	New trial (rep=0, index=31): OrderedDict([('pair', '3U'), ('allowed', 'fj'), ('correct', 'f'), ('state', 'TopRight'), ('position', [0.3, 0.25]), ('num_reminder', 'F = Odd        J = Even'), ('lett_reminder', ' ')])
72.2045 	DATA 	Keypress: f
72.2090 	EXP 	NL_Pair: autoDraw = False
72.2090 	EXP 	number_reminder: autoDraw = False
72.2090 	EXP 	letter_reminder: autoDraw = False
72.2090 	EXP 	NL_Pair: pos = array([0.3 , 0.25])
72.2090 	EXP 	NL_Pair: text = '3U'
72.2090 	EXP 	number_reminder: text = 'F = Odd        J = Even'
72.2090 	EXP 	letter_reminder: text = ' '
72.2090 	EXP 	NL_Pair: autoDraw = True
72.2090 	EXP 	number_reminder: autoDraw = True
72.2090 	EXP 	letter_reminder: autoDraw = True
72.2809 	DATA 	Keypress: j
72.3610 	DATA 	Keypress: f
72.3754 	EXP 	NL_Pair: autoDraw = False
72.3754 	EXP 	number_reminder: autoDraw = False
72.3754 	EXP 	letter_reminder: autoDraw = False
72.3754 	EXP 	fdbk_txt: text = 'Good work! \n\nIn this second part, number-letter pairs will appear on the bottom half of the screen. \n\nDecide if the letter is a consonant or a vowel. '
72.3754 	EXP 	fdbk_cont: text = 'Press SPACE for more instructions.'
72.3754 	EXP 	fdbk_txt: autoDraw = True
72.3754 	EXP 	fdbk_cont: autoDraw = True
72.4809 	DATA 	Keypress: j
82.3964 	EXP 	New trial (rep=0, index=1): OrderedDict([('block', 2), ('cond_file', 'NLT_Block_2.xlsx'), ('ready_msg', 'Respond by pressing…  \n        D if the letter is a consonant. \n        K if the letter is a vowel.\n\nRemember... \n        Consonants are G, K, M, and R.\n        Vowels are A, E, I, and U.\n\nThere will be a cue at the bottom of the screen.'), ('fdbk_msg', 'Good work! \n\nIn this third and final part, number-letter pairs will appear on the top and bottom of the screen. '), ('fdbk_cont_msg', 'Press SPACE for more instructions.')])
82.4797 	DATA 	Keypress: space
82.4918 	EXP 	fdbk_txt: autoDraw = False
82.4918 	EXP 	fdbk_cont: autoDraw = False
82.4918 	EXP 	rdy_txt: text = 'Respond by pressing…  \n        D if the letter is a consonant. \n        K if the letter is a vowel.\n\nRemember... \n        Consonants are G, K, M, and R.\n        Vowels are A, E, I, and U.\n\nThere will be a cue at the bottom of the screen.'
82.4918 	EXP 	rdy_txt: autoDraw = True
82.4918 	EXP 	rdy_cont: autoDraw = True
94.1049 	EXP 	Imported NLT_Block_2.xlsx as conditions, 32 conditions, 7 params
94.1051 	EXP 	Created sequence: sequential, trialTypes=32, nReps=1, seed=None
94.1054 	EXP 	New trial (rep=0, index=0): OrderedDict([('pair', '3R'), ('allowed', 'dk'), ('correct', 'd'), ('state', 'BottomLeft'), ('position', [-0.3, -0.25]), ('num_reminder', ' '), ('lett_reminder', 'D = Consonant        K = Vowel')])
94.1231 	DATA 	Keypress: space
94.1419 	EXP 	rdy_txt: autoDraw = False
94.1419 	EXP 	rdy_cont: autoDraw = False
94.1419 	EXP 	NL_Pair: pos = array([-0.3 , -0.25])
94.1419 	EXP 	NL_Pair: text = '3R'
94.1419 	EXP 	number_reminder: text = ' '
94.1419 	EXP 	letter_reminder: text = 'D = Consonant        K = Vowel'
94.1419 	EXP 	NL_Pair: autoDraw = True
94.1419 	EXP 	number_reminder: autoDraw = True
94.1419 	EXP 	letter_reminder: autoDraw = True
94.9967 	EXP 	New trial (rep=0, index=1): OrderedDict([('pair', '8I'), ('allowed', 'dk'), ('correct', 'k'), ('state', 'BottomRight'), ('position', [0.3, -0.25]), ('num_reminder', ' '), ('lett_reminder', 'D = Consonant        K = Vowel')])
95.0041 	DATA 	Keypress: f
95.0085 	EXP 	NL_Pair: autoDraw = False
95.0085 	EXP 	number_reminder: autoDraw = False
95.0085 	EXP 	letter_reminder: autoDraw = False
95.0085 	EXP 	NL_Pair: pos = array([ 0.3 , -0.25])
95.0085 	EXP 	NL_Pair: text = '8I'
95.0085 	EXP 	number_reminder: text = ' '
95.0085 	EXP 	letter_reminder: text = 'D = Consonant        K = Vowel'
95.0085 	EXP 	NL_Pair: autoDraw = True
95.0085 	EXP 	number_reminder: autoDraw = True
95.0085 	EXP 	letter_reminder: autoDraw = True
95.1130 	EXP 	New trial (rep=0, index=2): OrderedDict([('pair', '2A'), ('allowed', 'dk'), ('correct', 'k'), ('state', 'BottomLeft'), ('position', [-0.3, -0.25]), ('num_reminder', ' '), ('lett_reminder', 'D = Consonant        K = Vowel')])
95.1214 	DATA 	Keypress: j
95.1250 	EXP 	NL_Pair: autoDraw = False
95.1250 	EXP 	number_reminder: autoDraw = False
95.1250 	EXP 	letter_reminder: autoDraw = False
95.1250 	EXP 	NL_Pair: pos = array([-0.3 , -0.25])
95.1250 	EXP 	NL_Pair: text = '2A'
95.1250 	EXP 	number_reminder: text = ' '
95.1250 	EXP 	letter_reminder: text = 'D = Consonant        K = Vowel'
95.1250 	EXP 	NL_Pair: autoDraw = True
95.1250 	EXP 	number_reminder: autoDraw = True
95.1250 	EXP 	letter_reminder: autoDraw = True
95.2130 	EXP 	New trial (rep=0, index=3): OrderedDict([('pair', '8A'), ('allowed', 'dk'), ('correct', 'k'), ('state', 'BottomRight'), ('position', [0.3, -0.25]), ('num_reminder', ' '), ('lett_reminder', 'D = Consonant        K = Vowel')])
95.2217 	DATA 	Keypress: f
95.2251 	EXP 	NL_Pair: autoDraw = False
95.2251 	EXP 	number_reminder: autoDraw = False
95.2251 	EXP 	letter_reminder: autoDraw = False
95.2251 	EXP 	NL_Pair: pos = array([ 0.3 , -0.25])
95.2251 	EXP 	NL_Pair: text = '8A'
95.2251 	EXP 	number_reminder: text = ' '
95.2251 	EXP 	letter_reminder: text = 'D = Consonant        K = Vowel'
95.2251 	EXP 	NL_Pair: autoDraw = True
95.2251 	EXP 	number_reminder: autoDraw = True
95.2251 	EXP 	letter_reminder: autoDraw = True
95.3130 	EXP 	New trial (rep=0, index=4): OrderedDict([('pair', '9G'), ('allowed', 'dk'), ('correct', 'd'), ('state', 'BottomLeft'), ('position', [-0.3, -0.25]), ('num_reminder', ' '), ('lett_reminder', 'D = Consonant        K = Vowel')])
95.3206 	DATA 	Keypress: j
95.3252 	EXP 	NL_Pair: autoDraw = False
95.3252 	EXP 	number_reminder: autoDraw = False
95.3252 	EXP 	letter_reminder: autoDraw = False
95.3252 	EXP 	NL_Pair: pos = array([-0.3 , -0.25])
95.3252 	EXP 	NL_Pair: text = '9G'
95.3252 	EXP 	number_reminder: text = ' '
95.3252 	EXP 	letter_reminder: text = 'D = Consonant        K = Vowel'
95.3252 	EXP 	NL_Pair: autoDraw = True
95.3252 	EXP 	number_reminder: autoDraw = True
95.3252 	EXP 	letter_reminder: autoDraw = True
95.3798 	EXP 	New trial (rep=0, index=5): OrderedDict([('pair', '4K'), ('allowed', 'dk'), ('correct', 'd'), ('state', 'BottomRight'), ('position', [0.3, -0.25]), ('num_reminder', ' '), ('lett_reminder', 'D = Consonant        K = Vowel')])
95.3874 	DATA 	Keypress: f
95.3918 	EXP 	NL_Pair: autoDraw = False
95.3918 	EXP 	number_reminder: autoDraw = False
95.3918 	EXP 	letter_reminder: autoDraw = False
95.3918 	EXP 	NL_Pair: pos = array([ 0.3 , -0.25])
95.3918 	EXP 	NL_Pair: text = '4K'
95.3918 	EXP 	number_reminder: text = ' '
95.3918 	EXP 	letter_reminder: text = 'D = Consonant        K = Vowel'
95.3918 	EXP 	NL_Pair: autoDraw = True
95.3918 	EXP 	number_reminder: autoDraw = True
95.3918 	EXP 	letter_reminder: autoDraw = True
95.4963 	EXP 	New trial (rep=0, index=6): OrderedDict([('pair', '1U'), ('allowed', 'dk'), ('correct', 'k'), ('state', 'BottomLeft'), ('position', [-0.3, -0.25]), ('num_reminder', ' '), ('lett_reminder', 'D = Consonant        K = Vowel')])
95.5040 	DATA 	Keypress: j
95.5087 	EXP 	NL_Pair: autoDraw = False
95.5087 	EXP 	number_reminder: autoDraw = False
95.5087 	EXP 	letter_reminder: autoDraw = False
95.5087 	EXP 	NL_Pair: pos = array([-0.3 , -0.25])
95.5087 	EXP 	NL_Pair: text = '1U'
95.5087 	EXP 	number_reminder: text = ' '
95.5087 	EXP 	letter_reminder: text = 'D = Consonant        K = Vowel'
95.5087 	EXP 	NL_Pair: autoDraw = True
95.5087 	EXP 	number_reminder: autoDraw = True
95.5087 	EXP 	letter_reminder: autoDraw = True
95.5462 	EXP 	New trial (rep=0, index=7): OrderedDict([('pair', '8G'), ('allowed', 'dk'), ('correct', 'd'), ('state', 'BottomRight'), ('position', [0.3, -0.25]), ('num_reminder', ' '), ('lett_reminder', 'D = Consonant        K = Vowel')])
95.5538 	DATA 	Keypress: f
95.5583 	EXP 	NL_Pair: autoDraw = False
95.5583 	EXP 	number_reminder: autoDraw = False
95.5583 	EXP 	letter_reminder: autoDraw = False
95.5583 	EXP 	NL_Pair: pos = array([ 0.3 , -0.25])
95.5583 	EXP 	NL_Pair: text = '8G'
95.5583 	EXP 	number_reminder: text = ' '
95.5583 	EXP 	letter_reminder: text = 'D = Consonant        K = Vowel'
95.5583 	EXP 	NL_Pair: autoDraw = True
95.5583 	EXP 	number_reminder: autoDraw = True
95.5583 	EXP 	letter_reminder: autoDraw = True
95.6631 	EXP 	New trial (rep=0, index=8): OrderedDict([('pair', '7R'), ('allowed', 'dk'), ('correct', 'd'), ('state', 'BottomLeft'), ('position', [-0.3, -0.25]), ('num_reminder', ' '), ('lett_reminder', 'D = Consonant        K = Vowel')])
95.6707 	DATA 	Keypress: j
95.6751 	EXP 	NL_Pair: autoDraw = False
95.6751 	EXP 	number_reminder: autoDraw = False
95.6751 	EXP 	letter_reminder: autoDraw = False
95.6751 	EXP 	NL_Pair: pos = array([-0.3 , -0.25])
95.6751 	EXP 	NL_Pair: text = '7R'
95.6751 	EXP 	number_reminder: text = ' '
95.6751 	EXP 	letter_reminder: text = 'D = Consonant        K = Vowel'
95.6751 	EXP 	NL_Pair: autoDraw = True
95.6751 	EXP 	number_reminder: autoDraw = True
95.6751 	EXP 	letter_reminder: autoDraw = True
95.7130 	EXP 	New trial (rep=0, index=9): OrderedDict([('pair', '1K'), ('allowed', 'dk'), ('correct', 'd'), ('state', 'BottomRight'), ('position', [0.3, -0.25]), ('num_reminder', ' '), ('lett_reminder', 'D = Consonant        K = Vowel')])
95.7217 	DATA 	Keypress: f
95.7251 	EXP 	NL_Pair: autoDraw = False
95.7251 	EXP 	number_reminder: autoDraw = False
95.7251 	EXP 	letter_reminder: autoDraw = False
95.7251 	EXP 	NL_Pair: pos = array([ 0.3 , -0.25])
95.7251 	EXP 	NL_Pair: text = '1K'
95.7251 	EXP 	number_reminder: text = ' '
95.7251 	EXP 	letter_reminder: text = 'D = Consonant        K = Vowel'
95.7251 	EXP 	NL_Pair: autoDraw = True
95.7251 	EXP 	number_reminder: autoDraw = True
95.7251 	EXP 	letter_reminder: autoDraw = True
95.8467 	EXP 	New trial (rep=0, index=10): OrderedDict([('pair', '5E'), ('allowed', 'dk'), ('correct', 'k'), ('state', 'BottomLeft'), ('position', [-0.3, -0.25]), ('num_reminder', ' '), ('lett_reminder', 'D = Consonant        K = Vowel')])
95.8542 	DATA 	Keypress: j
95.8587 	EXP 	NL_Pair: autoDraw = False
95.8587 	EXP 	number_reminder: autoDraw = False
95.8587 	EXP 	letter_reminder: autoDraw = False
95.8587 	EXP 	NL_Pair: pos = array([-0.3 , -0.25])
95.8587 	EXP 	NL_Pair: text = '5E'
95.8587 	EXP 	number_reminder: text = ' '
95.8587 	EXP 	letter_reminder: text = 'D = Consonant        K = Vowel'
95.8587 	EXP 	NL_Pair: autoDraw = True
95.8587 	EXP 	number_reminder: autoDraw = True
95.8587 	EXP 	letter_reminder: autoDraw = True
95.8969 	DATA 	Keypress: f
95.9129 	EXP 	New trial (rep=0, index=11): OrderedDict([('pair', '7E'), ('allowed', 'dk'), ('correct', 'k'), ('state', 'BottomRight'), ('position', [0.3, -0.25]), ('num_reminder', ' '), ('lett_reminder', 'D = Consonant        K = Vowel')])
95.9249 	EXP 	NL_Pair: autoDraw = False
95.9249 	EXP 	number_reminder: autoDraw = False
95.9249 	EXP 	letter_reminder: autoDraw = False
95.9249 	EXP 	NL_Pair: pos = array([ 0.3 , -0.25])
95.9249 	EXP 	NL_Pair: text = '7E'
95.9249 	EXP 	number_reminder: text = ' '
95.9249 	EXP 	letter_reminder: text = 'D = Consonant        K = Vowel'
95.9249 	EXP 	NL_Pair: autoDraw = True
95.9249 	EXP 	number_reminder: autoDraw = True
95.9249 	EXP 	letter_reminder: autoDraw = True
96.0130 	EXP 	New trial (rep=0, index=12): OrderedDict([('pair', '2M'), ('allowed', 'dk'), ('correct', 'd'), ('state', 'BottomLeft'), ('position', [-0.3, -0.25]), ('num_reminder', ' '), ('lett_reminder', 'D = Consonant        K = Vowel')])
96.0207 	DATA 	Keypress: j
96.0251 	EXP 	NL_Pair: autoDraw = False
96.0251 	EXP 	number_reminder: autoDraw = False
96.0251 	EXP 	letter_reminder: autoDraw = False
96.0251 	EXP 	NL_Pair: pos = array([-0.3 , -0.25])
96.0251 	EXP 	NL_Pair: text = '2M'
96.0251 	EXP 	number_reminder: text = ' '
96.0251 	EXP 	letter_reminder: text = 'D = Consonant        K = Vowel'
96.0251 	EXP 	NL_Pair: autoDraw = True
96.0251 	EXP 	number_reminder: autoDraw = True
96.0251 	EXP 	letter_reminder: autoDraw = True
96.0804 	DATA 	Keypress: f
96.0964 	EXP 	New trial (rep=0, index=13): OrderedDict([('pair', '9A'), ('allowed', 'dk'), ('correct', 'k'), ('state', 'BottomRight'), ('position', [0.3, -0.25]), ('num_reminder', ' '), ('lett_reminder', 'D = Consonant        K = Vowel')])
96.1085 	EXP 	NL_Pair: autoDraw = False
96.1085 	EXP 	number_reminder: autoDraw = False
96.1085 	EXP 	letter_reminder: autoDraw = False
96.1085 	EXP 	NL_Pair: pos = array([ 0.3 , -0.25])
96.1085 	EXP 	NL_Pair: text = '9A'
96.1085 	EXP 	number_reminder: text = ' '
96.1085 	EXP 	letter_reminder: text = 'D = Consonant        K = Vowel'
96.1085 	EXP 	NL_Pair: autoDraw = True
96.1085 	EXP 	number_reminder: autoDraw = True
96.1085 	EXP 	letter_reminder: autoDraw = True
96.1964 	EXP 	New trial (rep=0, index=14): OrderedDict([('pair', '4G'), ('allowed', 'dk'), ('correct', 'd'), ('state', 'BottomLeft'), ('position', [-0.3, -0.25]), ('num_reminder', ' '), ('lett_reminder', 'D = Consonant        K = Vowel')])
96.2050 	DATA 	Keypress: j
96.2084 	EXP 	NL_Pair: autoDraw = False
96.2084 	EXP 	number_reminder: autoDraw = False
96.2084 	EXP 	letter_reminder: autoDraw = False
96.2084 	EXP 	NL_Pair: pos = array([-0.3 , -0.25])
96.2084 	EXP 	NL_Pair: text = '4G'
96.2084 	EXP 	number_reminder: text = ' '
96.2084 	EXP 	letter_reminder: text = 'D = Consonant        K = Vowel'
96.2084 	EXP 	NL_Pair: autoDraw = True
96.2084 	EXP 	number_reminder: autoDraw = True
96.2084 	EXP 	letter_reminder: autoDraw = True
96.2628 	EXP 	New trial (rep=0, index=15): OrderedDict([('pair', '4U'), ('allowed', 'dk'), ('correct', 'k'), ('state', 'BottomRight'), ('position', [0.3, -0.25]), ('num_reminder', ' '), ('lett_reminder', 'D = Consonant        K = Vowel')])
96.2704 	DATA 	Keypress: f
96.2749 	EXP 	NL_Pair: autoDraw = False
96.2749 	EXP 	number_reminder: autoDraw = False
96.2749 	EXP 	letter_reminder: autoDraw = False
96.2749 	EXP 	NL_Pair: pos = array([ 0.3 , -0.25])
96.2749 	EXP 	NL_Pair: text = '4U'
96.2749 	EXP 	number_reminder: text = ' '
96.2749 	EXP 	letter_reminder: text = 'D = Consonant        K = Vowel'
96.2749 	EXP 	NL_Pair: autoDraw = True
96.2749 	EXP 	number_reminder: autoDraw = True
96.2749 	EXP 	letter_reminder: autoDraw = True
96.3796 	EXP 	New trial (rep=0, index=16): OrderedDict([('pair', '9M'), ('allowed', 'dk'), ('correct', 'd'), ('state', 'BottomLeft'), ('position', [-0.3, -0.25]), ('num_reminder', ' '), ('lett_reminder', 'D = Consonant        K = Vowel')])
96.3871 	DATA 	Keypress: j
96.3918 	EXP 	NL_Pair: autoDraw = False
96.3918 	EXP 	number_reminder: autoDraw = False
96.3918 	EXP 	letter_reminder: autoDraw = False
96.3918 	EXP 	NL_Pair: pos = array([-0.3 , -0.25])
96.3918 	EXP 	NL_Pair: text = '9M'
96.3918 	EXP 	number_reminder: text = ' '
96.3918 	EXP 	letter_reminder: text = 'D = Consonant        K = Vowel'
96.3918 	EXP 	NL_Pair: autoDraw = True
96.3918 	EXP 	number_reminder: autoDraw = True
96.3918 	EXP 	letter_reminder: autoDraw = True
96.4464 	EXP 	New trial (rep=0, index=17): OrderedDict([('pair', '6U'), ('allowed', 'dk'), ('correct', 'k'), ('state', 'BottomRight'), ('position', [0.3, -0.25]), ('num_reminder', ' '), ('lett_reminder', 'D = Consonant        K = Vowel')])
96.4540 	DATA 	Keypress: f
96.4585 	EXP 	NL_Pair: autoDraw = False
96.4585 	EXP 	number_reminder: autoDraw = False
96.4585 	EXP 	letter_reminder: autoDraw = False
96.4585 	EXP 	NL_Pair: pos = array([ 0.3 , -0.25])
96.4585 	EXP 	NL_Pair: text = '6U'
96.4585 	EXP 	number_reminder: text = ' '
96.4585 	EXP 	letter_reminder: text = 'D = Consonant        K = Vowel'
96.4585 	EXP 	NL_Pair: autoDraw = True
96.4585 	EXP 	number_reminder: autoDraw = True
96.4585 	EXP 	letter_reminder: autoDraw = True
96.5628 	EXP 	New trial (rep=0, index=18): OrderedDict([('pair', '9R'), ('allowed', 'dk'), ('correct', 'd'), ('state', 'BottomLeft'), ('position', [-0.3, -0.25]), ('num_reminder', ' '), ('lett_reminder', 'D = Consonant        K = Vowel')])
96.5703 	DATA 	Keypress: j
96.5751 	EXP 	NL_Pair: autoDraw = False
96.5751 	EXP 	number_reminder: autoDraw = False
96.5751 	EXP 	letter_reminder: autoDraw = False
96.5751 	EXP 	NL_Pair: pos = array([-0.3 , -0.25])
96.5751 	EXP 	NL_Pair: text = '9R'
96.5751 	EXP 	number_reminder: text = ' '
96.5751 	EXP 	letter_reminder: text = 'D = Consonant        K = Vowel'
96.5751 	EXP 	NL_Pair: autoDraw = True
96.5751 	EXP 	number_reminder: autoDraw = True
96.5751 	EXP 	letter_reminder: autoDraw = True
96.6297 	EXP 	New trial (rep=0, index=19): OrderedDict([('pair', '7U'), ('allowed', 'dk'), ('correct', 'k'), ('state', 'BottomRight'), ('position', [0.3, -0.25]), ('num_reminder', ' '), ('lett_reminder', 'D = Consonant        K = Vowel')])
96.6372 	DATA 	Keypress: f
96.6417 	EXP 	NL_Pair: autoDraw = False
96.6417 	EXP 	number_reminder: autoDraw = False
96.6417 	EXP 	letter_reminder: autoDraw = False
96.6417 	EXP 	NL_Pair: pos = array([ 0.3 , -0.25])
96.6417 	EXP 	NL_Pair: text = '7U'
96.6417 	EXP 	number_reminder: text = ' '
96.6417 	EXP 	letter_reminder: text = 'D = Consonant        K = Vowel'
96.6417 	EXP 	NL_Pair: autoDraw = True
96.6417 	EXP 	number_reminder: autoDraw = True
96.6417 	EXP 	letter_reminder: autoDraw = True
96.7300 	DATA 	Keypress: j
96.7463 	EXP 	New trial (rep=0, index=20): OrderedDict([('pair', '1I'), ('allowed', 'dk'), ('correct', 'k'), ('state', 'BottomLeft'), ('position', [-0.3, -0.25]), ('num_reminder', ' '), ('lett_reminder', 'D = Consonant        K = Vowel')])
96.7586 	EXP 	NL_Pair: autoDraw = False
96.7586 	EXP 	number_reminder: autoDraw = False
96.7586 	EXP 	letter_reminder: autoDraw = False
96.7586 	EXP 	NL_Pair: pos = array([-0.3 , -0.25])
96.7586 	EXP 	NL_Pair: text = '1I'
96.7586 	EXP 	number_reminder: text = ' '
96.7586 	EXP 	letter_reminder: text = 'D = Consonant        K = Vowel'
96.7586 	EXP 	NL_Pair: autoDraw = True
96.7586 	EXP 	number_reminder: autoDraw = True
96.7586 	EXP 	letter_reminder: autoDraw = True
96.8127 	EXP 	New trial (rep=0, index=21): OrderedDict([('pair', '9K'), ('allowed', 'dk'), ('correct', 'd'), ('state', 'BottomRight'), ('position', [0.3, -0.25]), ('num_reminder', ' '), ('lett_reminder', 'D = Consonant        K = Vowel')])
96.8204 	DATA 	Keypress: f
96.8248 	EXP 	NL_Pair: autoDraw = False
96.8248 	EXP 	number_reminder: autoDraw = False
96.8248 	EXP 	letter_reminder: autoDraw = False
96.8248 	EXP 	NL_Pair: pos = array([ 0.3 , -0.25])
96.8248 	EXP 	NL_Pair: text = '9K'
96.8248 	EXP 	number_reminder: text = ' '
96.8248 	EXP 	letter_reminder: text = 'D = Consonant        K = Vowel'
96.8248 	EXP 	NL_Pair: autoDraw = True
96.8248 	EXP 	number_reminder: autoDraw = True
96.8248 	EXP 	letter_reminder: autoDraw = True
96.9130 	EXP 	New trial (rep=0, index=22): OrderedDict([('pair', '4M'), ('allowed', 'dk'), ('correct', 'd'), ('state', 'BottomLeft'), ('position', [-0.3, -0.25]), ('num_reminder', ' '), ('lett_reminder', 'D = Consonant        K = Vowel')])
96.9206 	DATA 	Keypress: j
96.9250 	EXP 	NL_Pair: autoDraw = False
96.9250 	EXP 	number_reminder: autoDraw = False
96.9250 	EXP 	letter_reminder: autoDraw = False
96.9250 	EXP 	NL_Pair: pos = array([-0.3 , -0.25])
96.9250 	EXP 	NL_Pair: text = '4M'
96.9250 	EXP 	number_reminder: text = ' '
96.9250 	EXP 	letter_reminder: text = 'D = Consonant        K = Vowel'
96.9250 	EXP 	NL_Pair: autoDraw = True
96.9250 	EXP 	number_reminder: autoDraw = True
96.9250 	EXP 	letter_reminder: autoDraw = True
96.9798 	EXP 	New trial (rep=0, index=23): OrderedDict([('pair', '6K'), ('allowed', 'dk'), ('correct', 'd'), ('state', 'BottomRight'), ('position', [0.3, -0.25]), ('num_reminder', ' '), ('lett_reminder', 'D = Consonant        K = Vowel')])
96.9874 	DATA 	Keypress: f
96.9917 	EXP 	NL_Pair: autoDraw = False
96.9917 	EXP 	number_reminder: autoDraw = False
96.9917 	EXP 	letter_reminder: autoDraw = False
96.9917 	EXP 	NL_Pair: pos = array([ 0.3 , -0.25])
96.9917 	EXP 	NL_Pair: text = '6K'
96.9917 	EXP 	number_reminder: text = ' '
96.9917 	EXP 	letter_reminder: text = 'D = Consonant        K = Vowel'
96.9917 	EXP 	NL_Pair: autoDraw = True
96.9917 	EXP 	number_reminder: autoDraw = True
96.9917 	EXP 	letter_reminder: autoDraw = True
97.0809 	DATA 	Keypress: j
97.0963 	EXP 	New trial (rep=0, index=24): OrderedDict([('pair', '3A'), ('allowed', 'dk'), ('correct', 'k'), ('state', 'BottomLeft'), ('position', [-0.3, -0.25]), ('num_reminder', ' '), ('lett_reminder', 'D = Consonant        K = Vowel')])
97.1086 	EXP 	NL_Pair: autoDraw = False
97.1086 	EXP 	number_reminder: autoDraw = False
97.1086 	EXP 	letter_reminder: autoDraw = False
97.1086 	EXP 	NL_Pair: pos = array([-0.3 , -0.25])
97.1086 	EXP 	NL_Pair: text = '3A'
97.1086 	EXP 	number_reminder: text = ' '
97.1086 	EXP 	letter_reminder: text = 'D = Consonant        K = Vowel'
97.1086 	EXP 	NL_Pair: autoDraw = True
97.1086 	EXP 	number_reminder: autoDraw = True
97.1086 	EXP 	letter_reminder: autoDraw = True
97.1631 	EXP 	New trial (rep=0, index=25): OrderedDict([('pair', '6G'), ('allowed', 'dk'), ('correct', 'd'), ('state', 'BottomRight'), ('position', [0.3, -0.25]), ('num_reminder', ' '), ('lett_reminder', 'D = Consonant        K = Vowel')])
97.1707 	DATA 	Keypress: f
97.1751 	EXP 	NL_Pair: autoDraw = False
97.1751 	EXP 	number_reminder: autoDraw = False
97.1751 	EXP 	letter_reminder: autoDraw = False
97.1751 	EXP 	NL_Pair: pos = array([ 0.3 , -0.25])
97.1751 	EXP 	NL_Pair: text = '6G'
97.1751 	EXP 	number_reminder: text = ' '
97.1751 	EXP 	letter_reminder: text = 'D = Consonant        K = Vowel'
97.1751 	EXP 	NL_Pair: autoDraw = True
97.1751 	EXP 	number_reminder: autoDraw = True
97.1751 	EXP 	letter_reminder: autoDraw = True
97.2630 	EXP 	New trial (rep=0, index=26): OrderedDict([('pair', '7G'), ('allowed', 'dk'), ('correct', 'd'), ('state', 'BottomLeft'), ('position', [-0.3, -0.25]), ('num_reminder', ' '), ('lett_reminder', 'D = Consonant        K = Vowel')])
97.2706 	DATA 	Keypress: j
97.2750 	EXP 	NL_Pair: autoDraw = False
97.2750 	EXP 	number_reminder: autoDraw = False
97.2750 	EXP 	letter_reminder: autoDraw = False
97.2750 	EXP 	NL_Pair: pos = array([-0.3 , -0.25])
97.2750 	EXP 	NL_Pair: text = '7G'
97.2750 	EXP 	number_reminder: text = ' '
97.2750 	EXP 	letter_reminder: text = 'D = Consonant        K = Vowel'
97.2750 	EXP 	NL_Pair: autoDraw = True
97.2750 	EXP 	number_reminder: autoDraw = True
97.2750 	EXP 	letter_reminder: autoDraw = True
97.3302 	DATA 	Keypress: f
97.3463 	EXP 	New trial (rep=0, index=27): OrderedDict([('pair', '2I'), ('allowed', 'dk'), ('correct', 'k'), ('state', 'BottomRight'), ('position', [0.3, -0.25]), ('num_reminder', ' '), ('lett_reminder', 'D = Consonant        K = Vowel')])
97.3584 	EXP 	NL_Pair: autoDraw = False
97.3584 	EXP 	number_reminder: autoDraw = False
97.3584 	EXP 	letter_reminder: autoDraw = False
97.3584 	EXP 	NL_Pair: pos = array([ 0.3 , -0.25])
97.3584 	EXP 	NL_Pair: text = '2I'
97.3584 	EXP 	number_reminder: text = ' '
97.3584 	EXP 	letter_reminder: text = 'D = Consonant        K = Vowel'
97.3584 	EXP 	NL_Pair: autoDraw = True
97.3584 	EXP 	number_reminder: autoDraw = True
97.3584 	EXP 	letter_reminder: autoDraw = True
97.4463 	EXP 	New trial (rep=0, index=28): OrderedDict([('pair', '5I'), ('allowed', 'dk'), ('correct', 'k'), ('state', 'BottomLeft'), ('position', [-0.3, -0.25]), ('num_reminder', ' '), ('lett_reminder', 'D = Consonant        K = Vowel')])
97.4539 	DATA 	Keypress: j
97.4584 	EXP 	NL_Pair: autoDraw = False
97.4584 	EXP 	number_reminder: autoDraw = False
97.4584 	EXP 	letter_reminder: autoDraw = False
97.4584 	EXP 	NL_Pair: pos = array([-0.3 , -0.25])
97.4584 	EXP 	NL_Pair: text = '5I'
97.4584 	EXP 	number_reminder: text = ' '
97.4584 	EXP 	letter_reminder: text = 'D = Consonant        K = Vowel'
97.4584 	EXP 	NL_Pair: autoDraw = True
97.4584 	EXP 	number_reminder: autoDraw = True
97.4584 	EXP 	letter_reminder: autoDraw = True
97.5130 	EXP 	New trial (rep=0, index=29): OrderedDict([('pair', '4R'), ('allowed', 'dk'), ('correct', 'd'), ('state', 'BottomRight'), ('position', [0.3, -0.25]), ('num_reminder', ' '), ('lett_reminder', 'D = Consonant        K = Vowel')])
97.5206 	DATA 	Keypress: f
97.5250 	EXP 	NL_Pair: autoDraw = False
97.5250 	EXP 	number_reminder: autoDraw = False
97.5250 	EXP 	letter_reminder: autoDraw = False
97.5250 	EXP 	NL_Pair: pos = array([ 0.3 , -0.25])
97.5250 	EXP 	NL_Pair: text = '4R'
97.5250 	EXP 	number_reminder: text = ' '
97.5250 	EXP 	letter_reminder: text = 'D = Consonant        K = Vowel'
97.5250 	EXP 	NL_Pair: autoDraw = True
97.5250 	EXP 	number_reminder: autoDraw = True
97.5250 	EXP 	letter_reminder: autoDraw = True
97.6296 	EXP 	New trial (rep=0, index=30): OrderedDict([('pair', '8U'), ('allowed', 'dk'), ('correct', 'k'), ('state', 'BottomLeft'), ('position', [-0.3, -0.25]), ('num_reminder', ' '), ('lett_reminder', 'D = Consonant        K = Vowel')])
97.6371 	DATA 	Keypress: j
97.6419 	EXP 	NL_Pair: autoDraw = False
97.6419 	EXP 	number_reminder: autoDraw = False
97.6419 	EXP 	letter_reminder: autoDraw = False
97.6419 	EXP 	NL_Pair: pos = array([-0.3 , -0.25])
97.6419 	EXP 	NL_Pair: text = '8U'
97.6419 	EXP 	number_reminder: text = ' '
97.6419 	EXP 	letter_reminder: text = 'D = Consonant        K = Vowel'
97.6419 	EXP 	NL_Pair: autoDraw = True
97.6419 	EXP 	number_reminder: autoDraw = True
97.6419 	EXP 	letter_reminder: autoDraw = True
97.6799 	DATA 	Keypress: f
97.6961 	EXP 	New trial (rep=0, index=31): OrderedDict([('pair', '5A'), ('allowed', 'dk'), ('correct', 'k'), ('state', 'BottomRight'), ('position', [0.3, -0.25]), ('num_reminder', ' '), ('lett_reminder', 'D = Consonant        K = Vowel')])
97.7081 	EXP 	NL_Pair: autoDraw = False
97.7081 	EXP 	number_reminder: autoDraw = False
97.7081 	EXP 	letter_reminder: autoDraw = False
97.7081 	EXP 	NL_Pair: pos = array([ 0.3 , -0.25])
97.7081 	EXP 	NL_Pair: text = '5A'
97.7081 	EXP 	number_reminder: text = ' '
97.7081 	EXP 	letter_reminder: text = 'D = Consonant        K = Vowel'
97.7081 	EXP 	NL_Pair: autoDraw = True
97.7081 	EXP 	number_reminder: autoDraw = True
97.7081 	EXP 	letter_reminder: autoDraw = True
97.8523 	DATA 	Keypress: j
97.8525 	DATA 	Keypress: f
97.8582 	EXP 	NL_Pair: autoDraw = False
97.8582 	EXP 	number_reminder: autoDraw = False
97.8582 	EXP 	letter_reminder: autoDraw = False
97.8582 	EXP 	fdbk_txt: text = 'Good work! \n\nIn this third and final part, number-letter pairs will appear on the top and bottom of the screen. '
97.8582 	EXP 	fdbk_cont: text = 'Press SPACE for more instructions.'
97.8582 	EXP 	fdbk_txt: autoDraw = True
97.8582 	EXP 	fdbk_cont: autoDraw = True
97.9634 	DATA 	Keypress: j
98.0470 	DATA 	Keypress: f
103.1458 	EXP 	New trial (rep=0, index=2): OrderedDict([('block', 3), ('cond_file', 'NLT_Block_3.xlsx'), ('ready_msg', 'If the pair appears in the top half…\nDecide if the number is odd or even.\nF = Odd        J = Even\n\nIf the pair appears in the bottom half…\nDecide if the letter is a consonant or a vowel.         \nD = Consonant        K = Vowel\n\nThere will be cues at the top and bottom of the screen.'), ('fdbk_msg', 'Good work! \n\nYou’ve finished this task.'), ('fdbk_cont_msg', 'Press SPACE to end.')])
103.2515 	DATA 	Keypress: space
103.2581 	EXP 	fdbk_txt: autoDraw = False
103.2581 	EXP 	fdbk_cont: autoDraw = False
103.2581 	EXP 	rdy_txt: text = 'If the pair appears in the top half…\nDecide if the number is odd or even.\nF = Odd        J = Even\n\nIf the pair appears in the bottom half…\nDecide if the letter is a consonant or a vowel.         \nD = Consonant        K = Vowel\n\nThere will be cues at the top and bottom of the screen.'
103.2581 	EXP 	rdy_txt: autoDraw = True
103.2581 	EXP 	rdy_cont: autoDraw = True
125.5461 	DATA 	Keypress: space
125.6171 	EXP 	Imported NLT_Block_3.xlsx as conditions, 128 conditions, 7 params
125.6175 	EXP 	Created sequence: sequential, trialTypes=128, nReps=1, seed=None
125.6178 	EXP 	New trial (rep=0, index=0): OrderedDict([('pair', '2G'), ('allowed', 'fjdk'), ('correct', 'j'), ('state', 'TopLeft'), ('position', [-0.3, 0.25]), ('num_reminder', 'F = Odd        J = Even'), ('lett_reminder', 'D = Consonant        K = Vowel')])
125.6409 	EXP 	rdy_txt: autoDraw = False
125.6409 	EXP 	rdy_cont: autoDraw = False
125.6409 	EXP 	NL_Pair: pos = array([-0.3 ,  0.25])
125.6409 	EXP 	NL_Pair: text = '2G'
125.6409 	EXP 	number_reminder: text = 'F = Odd        J = Even'
125.6409 	EXP 	letter_reminder: text = 'D = Consonant        K = Vowel'
125.6409 	EXP 	NL_Pair: autoDraw = True
125.6409 	EXP 	number_reminder: autoDraw = True
125.6409 	EXP 	letter_reminder: autoDraw = True
126.8955 	EXP 	New trial (rep=0, index=1): OrderedDict([('pair', '5I'), ('allowed', 'fjdk'), ('correct', 'f'), ('state', 'TopRight'), ('position', [0.3, 0.25]), ('num_reminder', 'F = Odd        J = Even'), ('lett_reminder', 'D = Consonant        K = Vowel')])
126.9030 	DATA 	Keypress: f
126.9079 	EXP 	NL_Pair: autoDraw = False
126.9079 	EXP 	number_reminder: autoDraw = False
126.9079 	EXP 	letter_reminder: autoDraw = False
126.9079 	EXP 	NL_Pair: pos = array([0.3 , 0.25])
126.9079 	EXP 	NL_Pair: text = '5I'
126.9079 	EXP 	number_reminder: text = 'F = Odd        J = Even'
126.9079 	EXP 	letter_reminder: text = 'D = Consonant        K = Vowel'
126.9079 	EXP 	NL_Pair: autoDraw = True
126.9079 	EXP 	number_reminder: autoDraw = True
126.9079 	EXP 	letter_reminder: autoDraw = True
127.0789 	EXP 	New trial (rep=0, index=2): OrderedDict([('pair', '2K'), ('allowed', 'fjdk'), ('correct', 'd'), ('state', 'BottomRight'), ('position', [0.3, -0.25]), ('num_reminder', 'F = Odd        J = Even'), ('lett_reminder', 'D = Consonant        K = Vowel')])
127.0867 	DATA 	Keypress: j
127.0910 	EXP 	NL_Pair: autoDraw = False
127.0910 	EXP 	number_reminder: autoDraw = False
127.0910 	EXP 	letter_reminder: autoDraw = False
127.0910 	EXP 	NL_Pair: pos = array([ 0.3 , -0.25])
127.0910 	EXP 	NL_Pair: text = '2K'
127.0910 	EXP 	number_reminder: text = 'F = Odd        J = Even'
127.0910 	EXP 	letter_reminder: text = 'D = Consonant        K = Vowel'
127.0910 	EXP 	NL_Pair: autoDraw = True
127.0910 	EXP 	number_reminder: autoDraw = True
127.0910 	EXP 	letter_reminder: autoDraw = True
127.1788 	EXP 	New trial (rep=0, index=3): OrderedDict([('pair', '7A'), ('allowed', 'fjdk'), ('correct', 'k'), ('state', 'BottomLeft'), ('position', [-0.3, -0.25]), ('num_reminder', 'F = Odd        J = Even'), ('lett_reminder', 'D = Consonant        K = Vowel')])
127.1866 	DATA 	Keypress: f
127.1910 	EXP 	NL_Pair: autoDraw = False
127.1910 	EXP 	number_reminder: autoDraw = False
127.1910 	EXP 	letter_reminder: autoDraw = False
127.1910 	EXP 	NL_Pair: pos = array([-0.3 , -0.25])
127.1910 	EXP 	NL_Pair: text = '7A'
127.1910 	EXP 	number_reminder: text = 'F = Odd        J = Even'
127.1910 	EXP 	letter_reminder: text = 'D = Consonant        K = Vowel'
127.1910 	EXP 	NL_Pair: autoDraw = True
127.1910 	EXP 	number_reminder: autoDraw = True
127.1910 	EXP 	letter_reminder: autoDraw = True
127.2790 	EXP 	New trial (rep=0, index=4): OrderedDict([('pair', '1E'), ('allowed', 'fjdk'), ('correct', 'f'), ('state', 'TopLeft'), ('position', [-0.3, 0.25]), ('num_reminder', 'F = Odd        J = Even'), ('lett_reminder', 'D = Consonant        K = Vowel')])
127.2868 	DATA 	Keypress: j
127.2910 	EXP 	NL_Pair: autoDraw = False
127.2910 	EXP 	number_reminder: autoDraw = False
127.2910 	EXP 	letter_reminder: autoDraw = False
127.2910 	EXP 	NL_Pair: pos = array([-0.3 ,  0.25])
127.2910 	EXP 	NL_Pair: text = '1E'
127.2910 	EXP 	number_reminder: text = 'F = Odd        J = Even'
127.2910 	EXP 	letter_reminder: text = 'D = Consonant        K = Vowel'
127.2910 	EXP 	NL_Pair: autoDraw = True
127.2910 	EXP 	number_reminder: autoDraw = True
127.2910 	EXP 	letter_reminder: autoDraw = True
127.3790 	EXP 	New trial (rep=0, index=5): OrderedDict([('pair', '6R'), ('allowed', 'fjdk'), ('correct', 'j'), ('state', 'TopRight'), ('position', [0.3, 0.25]), ('num_reminder', 'F = Odd        J = Even'), ('lett_reminder', 'D = Consonant        K = Vowel')])
127.3867 	DATA 	Keypress: f
127.3909 	EXP 	NL_Pair: autoDraw = False
127.3909 	EXP 	number_reminder: autoDraw = False
127.3909 	EXP 	letter_reminder: autoDraw = False
127.3909 	EXP 	NL_Pair: pos = array([0.3 , 0.25])
127.3909 	EXP 	NL_Pair: text = '6R'
127.3909 	EXP 	number_reminder: text = 'F = Odd        J = Even'
127.3909 	EXP 	letter_reminder: text = 'D = Consonant        K = Vowel'
127.3909 	EXP 	NL_Pair: autoDraw = True
127.3909 	EXP 	number_reminder: autoDraw = True
127.3909 	EXP 	letter_reminder: autoDraw = True
127.4790 	EXP 	New trial (rep=0, index=6): OrderedDict([('pair', '9I'), ('allowed', 'fjdk'), ('correct', 'k'), ('state', 'BottomRight'), ('position', [0.3, -0.25]), ('num_reminder', 'F = Odd        J = Even'), ('lett_reminder', 'D = Consonant        K = Vowel')])
127.4867 	DATA 	Keypress: j
127.4910 	EXP 	NL_Pair: autoDraw = False
127.4910 	EXP 	number_reminder: autoDraw = False
127.4910 	EXP 	letter_reminder: autoDraw = False
127.4910 	EXP 	NL_Pair: pos = array([ 0.3 , -0.25])
127.4910 	EXP 	NL_Pair: text = '9I'
127.4910 	EXP 	number_reminder: text = 'F = Odd        J = Even'
127.4910 	EXP 	letter_reminder: text = 'D = Consonant        K = Vowel'
127.4910 	EXP 	NL_Pair: autoDraw = True
127.4910 	EXP 	number_reminder: autoDraw = True
127.4910 	EXP 	letter_reminder: autoDraw = True
127.5456 	EXP 	New trial (rep=0, index=7): OrderedDict([('pair', '6M'), ('allowed', 'fjdk'), ('correct', 'd'), ('state', 'BottomLeft'), ('position', [-0.3, -0.25]), ('num_reminder', 'F = Odd        J = Even'), ('lett_reminder', 'D = Consonant        K = Vowel')])
127.5533 	DATA 	Keypress: f
127.5576 	EXP 	NL_Pair: autoDraw = False
127.5576 	EXP 	number_reminder: autoDraw = False
127.5576 	EXP 	letter_reminder: autoDraw = False
127.5576 	EXP 	NL_Pair: pos = array([-0.3 , -0.25])
127.5576 	EXP 	NL_Pair: text = '6M'
127.5576 	EXP 	number_reminder: text = 'F = Odd        J = Even'
127.5576 	EXP 	letter_reminder: text = 'D = Consonant        K = Vowel'
127.5576 	EXP 	NL_Pair: autoDraw = True
127.5576 	EXP 	number_reminder: autoDraw = True
127.5576 	EXP 	letter_reminder: autoDraw = True
127.6455 	EXP 	New trial (rep=0, index=8): OrderedDict([('pair', '1R'), ('allowed', 'fjdk'), ('correct', 'f'), ('state', 'TopLeft'), ('position', [-0.3, 0.25]), ('num_reminder', 'F = Odd        J = Even'), ('lett_reminder', 'D = Consonant        K = Vowel')])
127.6542 	DATA 	Keypress: j
127.6576 	EXP 	NL_Pair: autoDraw = False
127.6576 	EXP 	number_reminder: autoDraw = False
127.6576 	EXP 	letter_reminder: autoDraw = False
127.6576 	EXP 	NL_Pair: pos = array([-0.3 ,  0.25])
127.6576 	EXP 	NL_Pair: text = '1R'
127.6576 	EXP 	number_reminder: text = 'F = Odd        J = Even'
127.6576 	EXP 	letter_reminder: text = 'D = Consonant        K = Vowel'
127.6576 	EXP 	NL_Pair: autoDraw = True
127.6576 	EXP 	number_reminder: autoDraw = True
127.6576 	EXP 	letter_reminder: autoDraw = True
127.6962 	DATA 	Keypress: f
127.7120 	EXP 	New trial (rep=0, index=9): OrderedDict([('pair', '9E'), ('allowed', 'fjdk'), ('correct', 'f'), ('state', 'TopRight'), ('position', [0.3, 0.25]), ('num_reminder', 'F = Odd        J = Even'), ('lett_reminder', 'D = Consonant        K = Vowel')])
127.7241 	EXP 	NL_Pair: autoDraw = False
127.7241 	EXP 	number_reminder: autoDraw = False
127.7241 	EXP 	letter_reminder: autoDraw = False
127.7241 	EXP 	NL_Pair: pos = array([0.3 , 0.25])
127.7241 	EXP 	NL_Pair: text = '9E'
127.7241 	EXP 	number_reminder: text = 'F = Odd        J = Even'
127.7241 	EXP 	letter_reminder: text = 'D = Consonant        K = Vowel'
127.7241 	EXP 	NL_Pair: autoDraw = True
127.7241 	EXP 	number_reminder: autoDraw = True
127.7241 	EXP 	letter_reminder: autoDraw = True
127.8114 	EXP 	New trial (rep=0, index=10): OrderedDict([('pair', '7K'), ('allowed', 'fjdk'), ('correct', 'd'), ('state', 'BottomRight'), ('position', [0.3, -0.25]), ('num_reminder', 'F = Odd        J = Even'), ('lett_reminder', 'D = Consonant        K = Vowel')])
127.8192 	DATA 	Keypress: j
127.8243 	EXP 	NL_Pair: autoDraw = False
127.8243 	EXP 	number_reminder: autoDraw = False
127.8243 	EXP 	letter_reminder: autoDraw = False
127.8243 	EXP 	NL_Pair: pos = array([ 0.3 , -0.25])
127.8243 	EXP 	NL_Pair: text = '7K'
127.8243 	EXP 	number_reminder: text = 'F = Odd        J = Even'
127.8243 	EXP 	letter_reminder: text = 'D = Consonant        K = Vowel'
127.8243 	EXP 	NL_Pair: autoDraw = True
127.8243 	EXP 	number_reminder: autoDraw = True
127.8243 	EXP 	letter_reminder: autoDraw = True
127.8792 	EXP 	New trial (rep=0, index=11): OrderedDict([('pair', '8M'), ('allowed', 'fjdk'), ('correct', 'd'), ('state', 'BottomLeft'), ('position', [-0.3, -0.25]), ('num_reminder', 'F = Odd        J = Even'), ('lett_reminder', 'D = Consonant        K = Vowel')])
127.8869 	DATA 	Keypress: f
127.8911 	EXP 	NL_Pair: autoDraw = False
127.8911 	EXP 	number_reminder: autoDraw = False
127.8911 	EXP 	letter_reminder: autoDraw = False
127.8911 	EXP 	NL_Pair: pos = array([-0.3 , -0.25])
127.8911 	EXP 	NL_Pair: text = '8M'
127.8911 	EXP 	number_reminder: text = 'F = Odd        J = Even'
127.8911 	EXP 	letter_reminder: text = 'D = Consonant        K = Vowel'
127.8911 	EXP 	NL_Pair: autoDraw = True
127.8911 	EXP 	number_reminder: autoDraw = True
127.8911 	EXP 	letter_reminder: autoDraw = True
127.9952 	EXP 	New trial (rep=0, index=12): OrderedDict([('pair', '8K'), ('allowed', 'fjdk'), ('correct', 'j'), ('state', 'TopLeft'), ('position', [-0.3, 0.25]), ('num_reminder', 'F = Odd        J = Even'), ('lett_reminder', 'D = Consonant        K = Vowel')])
128.0031 	DATA 	Keypress: j
128.0077 	EXP 	NL_Pair: autoDraw = False
128.0077 	EXP 	number_reminder: autoDraw = False
128.0077 	EXP 	letter_reminder: autoDraw = False
128.0077 	EXP 	NL_Pair: pos = array([-0.3 ,  0.25])
128.0077 	EXP 	NL_Pair: text = '8K'
128.0077 	EXP 	number_reminder: text = 'F = Odd        J = Even'
128.0077 	EXP 	letter_reminder: text = 'D = Consonant        K = Vowel'
128.0077 	EXP 	NL_Pair: autoDraw = True
128.0077 	EXP 	number_reminder: autoDraw = True
128.0077 	EXP 	letter_reminder: autoDraw = True
128.0622 	EXP 	New trial (rep=0, index=13): OrderedDict([('pair', '5G'), ('allowed', 'fjdk'), ('correct', 'f'), ('state', 'TopRight'), ('position', [0.3, 0.25]), ('num_reminder', 'F = Odd        J = Even'), ('lett_reminder', 'D = Consonant        K = Vowel')])
128.0709 	DATA 	Keypress: f
128.0742 	EXP 	NL_Pair: autoDraw = False
128.0742 	EXP 	number_reminder: autoDraw = False
128.0742 	EXP 	letter_reminder: autoDraw = False
128.0742 	EXP 	NL_Pair: pos = array([0.3 , 0.25])
128.0742 	EXP 	NL_Pair: text = '5G'
128.0742 	EXP 	number_reminder: text = 'F = Odd        J = Even'
128.0742 	EXP 	letter_reminder: text = 'D = Consonant        K = Vowel'
128.0742 	EXP 	NL_Pair: autoDraw = True
128.0742 	EXP 	number_reminder: autoDraw = True
128.0742 	EXP 	letter_reminder: autoDraw = True
128.1616 	DATA 	Keypress: j
128.1787 	EXP 	New trial (rep=0, index=14): OrderedDict([('pair', '9U'), ('allowed', 'fjdk'), ('correct', 'k'), ('state', 'BottomRight'), ('position', [0.3, -0.25]), ('num_reminder', 'F = Odd        J = Even'), ('lett_reminder', 'D = Consonant        K = Vowel')])
128.1910 	EXP 	NL_Pair: autoDraw = False
128.1910 	EXP 	number_reminder: autoDraw = False
128.1910 	EXP 	letter_reminder: autoDraw = False
128.1910 	EXP 	NL_Pair: pos = array([ 0.3 , -0.25])
128.1910 	EXP 	NL_Pair: text = '9U'
128.1910 	EXP 	number_reminder: text = 'F = Odd        J = Even'
128.1910 	EXP 	letter_reminder: text = 'D = Consonant        K = Vowel'
128.1910 	EXP 	NL_Pair: autoDraw = True
128.1910 	EXP 	number_reminder: autoDraw = True
128.1910 	EXP 	letter_reminder: autoDraw = True
128.2289 	EXP 	New trial (rep=0, index=15): OrderedDict([('pair', '1G'), ('allowed', 'fjdk'), ('correct', 'd'), ('state', 'BottomLeft'), ('position', [-0.3, -0.25]), ('num_reminder', 'F = Odd        J = Even'), ('lett_reminder', 'D = Consonant        K = Vowel')])
128.2367 	DATA 	Keypress: f
128.2410 	EXP 	NL_Pair: autoDraw = False
128.2410 	EXP 	number_reminder: autoDraw = False
128.2410 	EXP 	letter_reminder: autoDraw = False
128.2410 	EXP 	NL_Pair: pos = array([-0.3 , -0.25])
128.2410 	EXP 	NL_Pair: text = '1G'
128.2410 	EXP 	number_reminder: text = 'F = Odd        J = Even'
128.2410 	EXP 	letter_reminder: text = 'D = Consonant        K = Vowel'
128.2410 	EXP 	NL_Pair: autoDraw = True
128.2410 	EXP 	number_reminder: autoDraw = True
128.2410 	EXP 	letter_reminder: autoDraw = True
128.3128 	DATA 	Keypress: j
128.3290 	EXP 	New trial (rep=0, index=16): OrderedDict([('pair', '6I'), ('allowed', 'fjdk'), ('correct', 'j'), ('state', 'TopLeft'), ('position', [-0.3, 0.25]), ('num_reminder', 'F = Odd        J = Even'), ('lett_reminder', 'D = Consonant        K = Vowel')])
128.3410 	EXP 	NL_Pair: autoDraw = False
128.3410 	EXP 	number_reminder: autoDraw = False
128.3410 	EXP 	letter_reminder: autoDraw = False
128.3410 	EXP 	NL_Pair: pos = array([-0.3 ,  0.25])
128.3410 	EXP 	NL_Pair: text = '6I'
128.3410 	EXP 	number_reminder: text = 'F = Odd        J = Even'
128.3410 	EXP 	letter_reminder: text = 'D = Consonant        K = Vowel'
128.3410 	EXP 	NL_Pair: autoDraw = True
128.3410 	EXP 	number_reminder: autoDraw = True
128.3410 	EXP 	letter_reminder: autoDraw = True
128.4119 	EXP 	New trial (rep=0, index=17): OrderedDict([('pair', '5U'), ('allowed', 'fjdk'), ('correct', 'f'), ('state', 'TopRight'), ('position', [0.3, 0.25]), ('num_reminder', 'F = Odd        J = Even'), ('lett_reminder', 'D = Consonant        K = Vowel')])
128.4197 	DATA 	Keypress: f
128.4243 	EXP 	NL_Pair: autoDraw = False
128.4243 	EXP 	number_reminder: autoDraw = False
128.4243 	EXP 	letter_reminder: autoDraw = False
128.4243 	EXP 	NL_Pair: pos = array([0.3 , 0.25])
128.4243 	EXP 	NL_Pair: text = '5U'
128.4243 	EXP 	number_reminder: text = 'F = Odd        J = Even'
128.4243 	EXP 	letter_reminder: text = 'D = Consonant        K = Vowel'
128.4243 	EXP 	NL_Pair: autoDraw = True
128.4243 	EXP 	number_reminder: autoDraw = True
128.4243 	EXP 	letter_reminder: autoDraw = True
128.5123 	EXP 	New trial (rep=0, index=18): OrderedDict([('pair', '1M'), ('allowed', 'fjdk'), ('correct', 'd'), ('state', 'BottomRight'), ('position', [0.3, -0.25]), ('num_reminder', 'F = Odd        J = Even'), ('lett_reminder', 'D = Consonant        K = Vowel')])
128.5200 	DATA 	Keypress: j
128.5241 	EXP 	NL_Pair: autoDraw = False
128.5241 	EXP 	number_reminder: autoDraw = False
128.5241 	EXP 	letter_reminder: autoDraw = False
128.5241 	EXP 	NL_Pair: pos = array([ 0.3 , -0.25])
128.5241 	EXP 	NL_Pair: text = '1M'
128.5241 	EXP 	number_reminder: text = 'F = Odd        J = Even'
128.5241 	EXP 	letter_reminder: text = 'D = Consonant        K = Vowel'
128.5241 	EXP 	NL_Pair: autoDraw = True
128.5241 	EXP 	number_reminder: autoDraw = True
128.5241 	EXP 	letter_reminder: autoDraw = True
128.9123 	EXP 	New trial (rep=0, index=19): OrderedDict([('pair', '3M'), ('allowed', 'fjdk'), ('correct', 'd'), ('state', 'BottomLeft'), ('position', [-0.3, -0.25]), ('num_reminder', 'F = Odd        J = Even'), ('lett_reminder', 'D = Consonant        K = Vowel')])
128.9200 	DATA 	Keypress: f
128.9243 	EXP 	NL_Pair: autoDraw = False
128.9243 	EXP 	number_reminder: autoDraw = False
128.9243 	EXP 	letter_reminder: autoDraw = False
128.9243 	EXP 	NL_Pair: pos = array([-0.3 , -0.25])
128.9243 	EXP 	NL_Pair: text = '3M'
128.9243 	EXP 	number_reminder: text = 'F = Odd        J = Even'
128.9243 	EXP 	letter_reminder: text = 'D = Consonant        K = Vowel'
128.9243 	EXP 	NL_Pair: autoDraw = True
128.9243 	EXP 	number_reminder: autoDraw = True
128.9243 	EXP 	letter_reminder: autoDraw = True
128.9622 	EXP 	New trial (rep=0, index=20): OrderedDict([('pair', '3K'), ('allowed', 'fjdk'), ('correct', 'f'), ('state', 'TopLeft'), ('position', [-0.3, 0.25]), ('num_reminder', 'F = Odd        J = Even'), ('lett_reminder', 'D = Consonant        K = Vowel')])
128.9701 	DATA 	Keypress: d
128.9743 	EXP 	NL_Pair: autoDraw = False
128.9743 	EXP 	number_reminder: autoDraw = False
128.9743 	EXP 	letter_reminder: autoDraw = False
128.9743 	EXP 	NL_Pair: pos = array([-0.3 ,  0.25])
128.9743 	EXP 	NL_Pair: text = '3K'
128.9743 	EXP 	number_reminder: text = 'F = Odd        J = Even'
128.9743 	EXP 	letter_reminder: text = 'D = Consonant        K = Vowel'
128.9743 	EXP 	NL_Pair: autoDraw = True
128.9743 	EXP 	number_reminder: autoDraw = True
128.9743 	EXP 	letter_reminder: autoDraw = True
129.0287 	EXP 	New trial (rep=0, index=21): OrderedDict([('pair', '6E'), ('allowed', 'fjdk'), ('correct', 'j'), ('state', 'TopRight'), ('position', [0.3, 0.25]), ('num_reminder', 'F = Odd        J = Even'), ('lett_reminder', 'D = Consonant        K = Vowel')])
129.0364 	DATA 	Keypress: k
129.0408 	EXP 	NL_Pair: autoDraw = False
129.0408 	EXP 	number_reminder: autoDraw = False
129.0408 	EXP 	letter_reminder: autoDraw = False
129.0408 	EXP 	NL_Pair: pos = array([0.3 , 0.25])
129.0408 	EXP 	NL_Pair: text = '6E'
129.0408 	EXP 	number_reminder: text = 'F = Odd        J = Even'
129.0408 	EXP 	letter_reminder: text = 'D = Consonant        K = Vowel'
129.0408 	EXP 	NL_Pair: autoDraw = True
129.0408 	EXP 	number_reminder: autoDraw = True
129.0408 	EXP 	letter_reminder: autoDraw = True
129.1129 	DATA 	Keypress: j
129.1289 	EXP 	New trial (rep=0, index=22): OrderedDict([('pair', '7I'), ('allowed', 'fjdk'), ('correct', 'k'), ('state', 'BottomRight'), ('position', [0.3, -0.25]), ('num_reminder', 'F = Odd        J = Even'), ('lett_reminder', 'D = Consonant        K = Vowel')])
129.1410 	EXP 	NL_Pair: autoDraw = False
129.1410 	EXP 	number_reminder: autoDraw = False
129.1410 	EXP 	letter_reminder: autoDraw = False
129.1410 	EXP 	NL_Pair: pos = array([ 0.3 , -0.25])
129.1410 	EXP 	NL_Pair: text = '7I'
129.1410 	EXP 	number_reminder: text = 'F = Odd        J = Even'
129.1410 	EXP 	letter_reminder: text = 'D = Consonant        K = Vowel'
129.1410 	EXP 	NL_Pair: autoDraw = True
129.1410 	EXP 	number_reminder: autoDraw = True
129.1410 	EXP 	letter_reminder: autoDraw = True
129.3623 	EXP 	New trial (rep=0, index=23): OrderedDict([('pair', '8E'), ('allowed', 'fjdk'), ('correct', 'k'), ('state', 'BottomLeft'), ('position', [-0.3, -0.25]), ('num_reminder', 'F = Odd        J = Even'), ('lett_reminder', 'D = Consonant        K = Vowel')])
129.3700 	DATA 	Keypress: f
129.3743 	EXP 	NL_Pair: autoDraw = False
129.3743 	EXP 	number_reminder: autoDraw = False
129.3743 	EXP 	letter_reminder: autoDraw = False
129.3743 	EXP 	NL_Pair: pos = array([-0.3 , -0.25])
129.3743 	EXP 	NL_Pair: text = '8E'
129.3743 	EXP 	number_reminder: text = 'F = Odd        J = Even'
129.3743 	EXP 	letter_reminder: text = 'D = Consonant        K = Vowel'
129.3743 	EXP 	NL_Pair: autoDraw = True
129.3743 	EXP 	number_reminder: autoDraw = True
129.3743 	EXP 	letter_reminder: autoDraw = True
129.4282 	EXP 	New trial (rep=0, index=24): OrderedDict([('pair', '6A'), ('allowed', 'fjdk'), ('correct', 'j'), ('state', 'TopLeft'), ('position', [-0.3, 0.25]), ('num_reminder', 'F = Odd        J = Even'), ('lett_reminder', 'D = Consonant        K = Vowel')])
129.4353 	EXP 	New trial (rep=0, index=25): OrderedDict([('pair', '2U'), ('allowed', 'fjdk'), ('correct', 'j'), ('state', 'TopRight'), ('position', [0.3, 0.25]), ('num_reminder', 'F = Odd        J = Even'), ('lett_reminder', 'D = Consonant        K = Vowel')])
129.4431 	DATA 	Keypress: d
129.4432 	DATA 	Keypress: j
129.4576 	EXP 	NL_Pair: autoDraw = False
129.4576 	EXP 	number_reminder: autoDraw = False
129.4576 	EXP 	letter_reminder: autoDraw = False
129.4576 	EXP 	NL_Pair: pos = array([-0.3 ,  0.25])
129.4576 	EXP 	NL_Pair: text = '6A'
129.4576 	EXP 	number_reminder: text = 'F = Odd        J = Even'
129.4576 	EXP 	letter_reminder: text = 'D = Consonant        K = Vowel'
129.4576 	EXP 	NL_Pair: autoDraw = True
129.4576 	EXP 	number_reminder: autoDraw = True
129.4576 	EXP 	letter_reminder: autoDraw = True
129.4576 	EXP 	NL_Pair: autoDraw = False
129.4576 	EXP 	number_reminder: autoDraw = False
129.4576 	EXP 	letter_reminder: autoDraw = False
129.4576 	EXP 	NL_Pair: pos = array([0.3 , 0.25])
129.4576 	EXP 	NL_Pair: text = '2U'
129.4576 	EXP 	number_reminder: text = 'F = Odd        J = Even'
129.4576 	EXP 	letter_reminder: text = 'D = Consonant        K = Vowel'
129.4576 	EXP 	NL_Pair: autoDraw = True
129.4576 	EXP 	number_reminder: autoDraw = True
129.4576 	EXP 	letter_reminder: autoDraw = True
129.5125 	EXP 	New trial (rep=0, index=26): OrderedDict([('pair', '8R'), ('allowed', 'fjdk'), ('correct', 'd'), ('state', 'BottomRight'), ('position', [0.3, -0.25]), ('num_reminder', 'F = Odd        J = Even'), ('lett_reminder', 'D = Consonant        K = Vowel')])
129.5203 	DATA 	Keypress: k
129.5242 	EXP 	NL_Pair: autoDraw = False
129.5242 	EXP 	number_reminder: autoDraw = False
129.5242 	EXP 	letter_reminder: autoDraw = False
129.5242 	EXP 	NL_Pair: pos = array([ 0.3 , -0.25])
129.5242 	EXP 	NL_Pair: text = '8R'
129.5242 	EXP 	number_reminder: text = 'F = Odd        J = Even'
129.5242 	EXP 	letter_reminder: text = 'D = Consonant        K = Vowel'
129.5242 	EXP 	NL_Pair: autoDraw = True
129.5242 	EXP 	number_reminder: autoDraw = True
129.5242 	EXP 	letter_reminder: autoDraw = True
129.9621 	DATA 	Keypress: f
129.9781 	EXP 	New trial (rep=0, index=27): OrderedDict([('pair', '4A'), ('allowed', 'fjdk'), ('correct', 'k'), ('state', 'BottomLeft'), ('position', [-0.3, -0.25]), ('num_reminder', 'F = Odd        J = Even'), ('lett_reminder', 'D = Consonant        K = Vowel')])
129.9913 	EXP 	NL_Pair: autoDraw = False
129.9913 	EXP 	number_reminder: autoDraw = False
129.9913 	EXP 	letter_reminder: autoDraw = False
129.9913 	EXP 	NL_Pair: pos = array([-0.3 , -0.25])
129.9913 	EXP 	NL_Pair: text = '4A'
129.9913 	EXP 	number_reminder: text = 'F = Odd        J = Even'
129.9913 	EXP 	letter_reminder: text = 'D = Consonant        K = Vowel'
129.9913 	EXP 	NL_Pair: autoDraw = True
129.9913 	EXP 	number_reminder: autoDraw = True
129.9913 	EXP 	letter_reminder: autoDraw = True
130.1292 	EXP 	New trial (rep=0, index=28): OrderedDict([('pair', '5R'), ('allowed', 'fjdk'), ('correct', 'f'), ('state', 'TopLeft'), ('position', [-0.3, 0.25]), ('num_reminder', 'F = Odd        J = Even'), ('lett_reminder', 'D = Consonant        K = Vowel')])
130.1380 	DATA 	Keypress: j
130.1576 	EXP 	NL_Pair: autoDraw = False
130.1576 	EXP 	number_reminder: autoDraw = False
130.1576 	EXP 	letter_reminder: autoDraw = False
130.1576 	EXP 	NL_Pair: pos = array([-0.3 ,  0.25])
130.1576 	EXP 	NL_Pair: text = '5R'
130.1576 	EXP 	number_reminder: text = 'F = Odd        J = Even'
130.1576 	EXP 	letter_reminder: text = 'D = Consonant        K = Vowel'
130.1576 	EXP 	NL_Pair: autoDraw = True
130.1576 	EXP 	number_reminder: autoDraw = True
130.1576 	EXP 	letter_reminder: autoDraw = True
130.2957 	EXP 	New trial (rep=0, index=29): OrderedDict([('pair', '5K'), ('allowed', 'fjdk'), ('correct', 'f'), ('state', 'TopRight'), ('position', [0.3, 0.25]), ('num_reminder', 'F = Odd        J = Even'), ('lett_reminder', 'D = Consonant        K = Vowel')])
130.3034 	DATA 	Keypress: d
130.3077 	EXP 	NL_Pair: autoDraw = False
130.3077 	EXP 	number_reminder: autoDraw = False
130.3077 	EXP 	letter_reminder: autoDraw = False
130.3077 	EXP 	NL_Pair: pos = array([0.3 , 0.25])
130.3077 	EXP 	NL_Pair: text = '5K'
130.3077 	EXP 	number_reminder: text = 'F = Odd        J = Even'
130.3077 	EXP 	letter_reminder: text = 'D = Consonant        K = Vowel'
130.3077 	EXP 	NL_Pair: autoDraw = True
130.3077 	EXP 	number_reminder: autoDraw = True
130.3077 	EXP 	letter_reminder: autoDraw = True
130.4455 	EXP 	New trial (rep=0, index=30): OrderedDict([('pair', '3I'), ('allowed', 'fjdk'), ('correct', 'k'), ('state', 'BottomRight'), ('position', [0.3, -0.25]), ('num_reminder', 'F = Odd        J = Even'), ('lett_reminder', 'D = Consonant        K = Vowel')])
130.4532 	DATA 	Keypress: k
130.4576 	EXP 	NL_Pair: autoDraw = False
130.4576 	EXP 	number_reminder: autoDraw = False
130.4576 	EXP 	letter_reminder: autoDraw = False
130.4576 	EXP 	NL_Pair: pos = array([ 0.3 , -0.25])
130.4576 	EXP 	NL_Pair: text = '3I'
130.4576 	EXP 	number_reminder: text = 'F = Odd        J = Even'
130.4576 	EXP 	letter_reminder: text = 'D = Consonant        K = Vowel'
130.4576 	EXP 	NL_Pair: autoDraw = True
130.4576 	EXP 	number_reminder: autoDraw = True
130.4576 	EXP 	letter_reminder: autoDraw = True
130.6290 	EXP 	New trial (rep=0, index=31): OrderedDict([('pair', '5M'), ('allowed', 'fjdk'), ('correct', 'd'), ('state', 'BottomLeft'), ('position', [-0.3, -0.25]), ('num_reminder', 'F = Odd        J = Even'), ('lett_reminder', 'D = Consonant        K = Vowel')])
130.6367 	DATA 	Keypress: f
130.6410 	EXP 	NL_Pair: autoDraw = False
130.6410 	EXP 	number_reminder: autoDraw = False
130.6410 	EXP 	letter_reminder: autoDraw = False
130.6410 	EXP 	NL_Pair: pos = array([-0.3 , -0.25])
130.6410 	EXP 	NL_Pair: text = '5M'
130.6410 	EXP 	number_reminder: text = 'F = Odd        J = Even'
130.6410 	EXP 	letter_reminder: text = 'D = Consonant        K = Vowel'
130.6410 	EXP 	NL_Pair: autoDraw = True
130.6410 	EXP 	number_reminder: autoDraw = True
130.6410 	EXP 	letter_reminder: autoDraw = True
130.7287 	DATA 	Keypress: j
130.9123 	EXP 	New trial (rep=0, index=32): OrderedDict([('pair', '3E'), ('allowed', 'fjdk'), ('correct', 'f'), ('state', 'TopLeft'), ('position', [-0.3, 0.25]), ('num_reminder', 'F = Odd        J = Even'), ('lett_reminder', 'D = Consonant        K = Vowel')])
130.9200 	DATA 	Keypress: d
130.9243 	EXP 	NL_Pair: autoDraw = False
130.9243 	EXP 	number_reminder: autoDraw = False
130.9243 	EXP 	letter_reminder: autoDraw = False
130.9243 	EXP 	NL_Pair: pos = array([-0.3 ,  0.25])
130.9243 	EXP 	NL_Pair: text = '3E'
130.9243 	EXP 	number_reminder: text = 'F = Odd        J = Even'
130.9243 	EXP 	letter_reminder: text = 'D = Consonant        K = Vowel'
130.9243 	EXP 	NL_Pair: autoDraw = True
130.9243 	EXP 	number_reminder: autoDraw = True
130.9243 	EXP 	letter_reminder: autoDraw = True
131.0459 	EXP 	New trial (rep=0, index=33): OrderedDict([('pair', '4I'), ('allowed', 'fjdk'), ('correct', 'j'), ('state', 'TopRight'), ('position', [0.3, 0.25]), ('num_reminder', 'F = Odd        J = Even'), ('lett_reminder', 'D = Consonant        K = Vowel')])
131.0537 	DATA 	Keypress: k
131.0578 	EXP 	NL_Pair: autoDraw = False
131.0578 	EXP 	number_reminder: autoDraw = False
131.0578 	EXP 	letter_reminder: autoDraw = False
131.0578 	EXP 	NL_Pair: pos = array([0.3 , 0.25])
131.0578 	EXP 	NL_Pair: text = '4I'
131.0578 	EXP 	number_reminder: text = 'F = Odd        J = Even'
131.0578 	EXP 	letter_reminder: text = 'D = Consonant        K = Vowel'
131.0578 	EXP 	NL_Pair: autoDraw = True
131.0578 	EXP 	number_reminder: autoDraw = True
131.0578 	EXP 	letter_reminder: autoDraw = True
134.0120 	EXP 	New trial (rep=0, index=34): OrderedDict([('pair', '2E'), ('allowed', 'fjdk'), ('correct', 'k'), ('state', 'BottomRight'), ('position', [0.3, -0.25]), ('num_reminder', 'F = Odd        J = Even'), ('lett_reminder', 'D = Consonant        K = Vowel')])
134.0207 	DATA 	Keypress: j
134.0242 	EXP 	NL_Pair: autoDraw = False
134.0242 	EXP 	number_reminder: autoDraw = False
134.0242 	EXP 	letter_reminder: autoDraw = False
134.0242 	EXP 	NL_Pair: pos = array([ 0.3 , -0.25])
134.0242 	EXP 	NL_Pair: text = '2E'
134.0242 	EXP 	number_reminder: text = 'F = Odd        J = Even'
134.0242 	EXP 	letter_reminder: text = 'D = Consonant        K = Vowel'
134.0242 	EXP 	NL_Pair: autoDraw = True
134.0242 	EXP 	number_reminder: autoDraw = True
134.0242 	EXP 	letter_reminder: autoDraw = True
134.8807 	DATA 	Keypress: k
134.8955 	EXP 	New trial (rep=0, index=35): OrderedDict([('pair', '3G'), ('allowed', 'fjdk'), ('correct', 'd'), ('state', 'BottomLeft'), ('position', [-0.3, -0.25]), ('num_reminder', 'F = Odd        J = Even'), ('lett_reminder', 'D = Consonant        K = Vowel')])
134.9075 	EXP 	NL_Pair: autoDraw = False
134.9075 	EXP 	number_reminder: autoDraw = False
134.9075 	EXP 	letter_reminder: autoDraw = False
134.9075 	EXP 	NL_Pair: pos = array([-0.3 , -0.25])
134.9075 	EXP 	NL_Pair: text = '3G'
134.9075 	EXP 	number_reminder: text = 'F = Odd        J = Even'
134.9075 	EXP 	letter_reminder: text = 'D = Consonant        K = Vowel'
134.9075 	EXP 	NL_Pair: autoDraw = True
134.9075 	EXP 	number_reminder: autoDraw = True
134.9075 	EXP 	letter_reminder: autoDraw = True
136.1454 	EXP 	New trial (rep=0, index=36): OrderedDict([('pair', '4E'), ('allowed', 'fjdk'), ('correct', 'j'), ('state', 'TopLeft'), ('position', [-0.3, 0.25]), ('num_reminder', 'F = Odd        J = Even'), ('lett_reminder', 'D = Consonant        K = Vowel')])
136.1531 	DATA 	Keypress: d
136.1574 	EXP 	NL_Pair: autoDraw = False
136.1574 	EXP 	number_reminder: autoDraw = False
136.1574 	EXP 	letter_reminder: autoDraw = False
136.1574 	EXP 	NL_Pair: pos = array([-0.3 ,  0.25])
136.1574 	EXP 	NL_Pair: text = '4E'
136.1574 	EXP 	number_reminder: text = 'F = Odd        J = Even'
136.1574 	EXP 	letter_reminder: text = 'D = Consonant        K = Vowel'
136.1574 	EXP 	NL_Pair: autoDraw = True
136.1574 	EXP 	number_reminder: autoDraw = True
136.1574 	EXP 	letter_reminder: autoDraw = True
137.6123 	EXP 	New trial (rep=0, index=37): OrderedDict([('pair', '3U'), ('allowed', 'fjdk'), ('correct', 'f'), ('state', 'TopRight'), ('position', [0.3, 0.25]), ('num_reminder', 'F = Odd        J = Even'), ('lett_reminder', 'D = Consonant        K = Vowel')])
137.6200 	DATA 	Keypress: j
137.6241 	EXP 	NL_Pair: autoDraw = False
137.6241 	EXP 	number_reminder: autoDraw = False
137.6241 	EXP 	letter_reminder: autoDraw = False
137.6241 	EXP 	NL_Pair: pos = array([0.3 , 0.25])
137.6241 	EXP 	NL_Pair: text = '3U'
137.6241 	EXP 	number_reminder: text = 'F = Odd        J = Even'
137.6241 	EXP 	letter_reminder: text = 'D = Consonant        K = Vowel'
137.6241 	EXP 	NL_Pair: autoDraw = True
137.6241 	EXP 	number_reminder: autoDraw = True
137.6241 	EXP 	letter_reminder: autoDraw = True
138.4114 	EXP 	New trial (rep=0, index=38): OrderedDict([('pair', '3R'), ('allowed', 'fjdk'), ('correct', 'd'), ('state', 'BottomRight'), ('position', [0.3, -0.25]), ('num_reminder', 'F = Odd        J = Even'), ('lett_reminder', 'D = Consonant        K = Vowel')])
138.4193 	DATA 	Keypress: f
138.4241 	EXP 	NL_Pair: autoDraw = False
138.4241 	EXP 	number_reminder: autoDraw = False
138.4241 	EXP 	letter_reminder: autoDraw = False
138.4241 	EXP 	NL_Pair: pos = array([ 0.3 , -0.25])
138.4241 	EXP 	NL_Pair: text = '3R'
138.4241 	EXP 	number_reminder: text = 'F = Odd        J = Even'
138.4241 	EXP 	letter_reminder: text = 'D = Consonant        K = Vowel'
138.4241 	EXP 	NL_Pair: autoDraw = True
138.4241 	EXP 	number_reminder: autoDraw = True
138.4241 	EXP 	letter_reminder: autoDraw = True
139.6954 	EXP 	New trial (rep=0, index=39): OrderedDict([('pair', '8I'), ('allowed', 'fjdk'), ('correct', 'k'), ('state', 'BottomLeft'), ('position', [-0.3, -0.25]), ('num_reminder', 'F = Odd        J = Even'), ('lett_reminder', 'D = Consonant        K = Vowel')])
139.7031 	DATA 	Keypress: d
139.7074 	EXP 	NL_Pair: autoDraw = False
139.7074 	EXP 	number_reminder: autoDraw = False
139.7074 	EXP 	letter_reminder: autoDraw = False
139.7074 	EXP 	NL_Pair: pos = array([-0.3 , -0.25])
139.7074 	EXP 	NL_Pair: text = '8I'
139.7074 	EXP 	number_reminder: text = 'F = Odd        J = Even'
139.7074 	EXP 	letter_reminder: text = 'D = Consonant        K = Vowel'
139.7074 	EXP 	NL_Pair: autoDraw = True
139.7074 	EXP 	number_reminder: autoDraw = True
139.7074 	EXP 	letter_reminder: autoDraw = True
141.7462 	DATA 	Keypress: k
141.7620 	EXP 	New trial (rep=0, index=40): OrderedDict([('pair', '2A'), ('allowed', 'fjdk'), ('correct', 'j'), ('state', 'TopLeft'), ('position', [-0.3, 0.25]), ('num_reminder', 'F = Odd        J = Even'), ('lett_reminder', 'D = Consonant        K = Vowel')])
141.7740 	EXP 	NL_Pair: autoDraw = False
141.7740 	EXP 	number_reminder: autoDraw = False
141.7740 	EXP 	letter_reminder: autoDraw = False
141.7740 	EXP 	NL_Pair: pos = array([-0.3 ,  0.25])
141.7740 	EXP 	NL_Pair: text = '2A'
141.7740 	EXP 	number_reminder: text = 'F = Odd        J = Even'
141.7740 	EXP 	letter_reminder: text = 'D = Consonant        K = Vowel'
141.7740 	EXP 	NL_Pair: autoDraw = True
141.7740 	EXP 	number_reminder: autoDraw = True
141.7740 	EXP 	letter_reminder: autoDraw = True
142.7292 	DATA 	Keypress: escape
143.0036 	EXP 	window1: mouseVisible = True
