5.6766 	WARNING 	Monitor specification not found. Creating a temporary one...
5.6787 	WARNING 	User requested fullscreen with size [1680 1050], but screen is actually [2880, 1800]. Using actual size
6.6928 	EXP 	Created window1 = Window(allowGUI=False, allowStencil=False, args=UNKNOWN, autoLog=True, bitsMode=UNKNOWN, blendMode='avg', color=array([0., 0., 0.]), colorSpace='rgb', fullscr=<method-wrapper '__getattribute__' of attributeSetter object at 0x0000029D3D7B61D0>, gamma=None, kwargs=UNKNOWN, lms=UNKNOWN, monitor=<psychopy.monitors.calibTools.Monitor object at 0x0000029D3D779EB8>, multiSample=False, name='window1', numSamples=2, pos=[0.0, 0.0], screen=0, size=array([2880, 1800]), stereo=False, units='height', useFBO=True, useRetina=False, viewOri=0.0, viewPos=None, viewScale=None, waitBlanking=True, winType='pyglet')
6.6929 	EXP 	window1: recordFrameIntervals = False
6.8589 	EXP 	window1: recordFrameIntervals = True
7.0425 	EXP 	window1: recordFrameIntervals = False
7.4154 	EXP 	Created gen_instr_txt = TextStim(__class__=<class 'psychopy.visual.text.TextStim'>, alignHoriz='center', alignVert='center', antialias=True, autoLog=True, bold=False, color='white', colorSpace='named', contrast=1.0, depth=0.0, flipHoriz=False, flipVert=False, font='Arial', fontFiles=[], height=0.05, italic=False, languageStyle='LTR', name='gen_instr_txt', opacity=1.0, ori=0, pos=array([0., 0.]), rgb=array([255., 255., 255.]), text=str(...), units='height', win=Window(...), wrapWidth=1)
7.4292 	EXP 	Created instr_cont = TextStim(__class__=<class 'psychopy.visual.text.TextStim'>, alignHoriz='center', alignVert='center', antialias=True, autoLog=True, bold=False, color='white', colorSpace='named', contrast=1.0, depth=-2.0, flipHoriz=False, flipVert=False, font='Arial', fontFiles=[], height=0.05, italic=False, languageStyle='LTR', name='instr_cont', opacity=1.0, ori=0, pos=array([ 0. , -0.4]), rgb=array([255., 255., 255.]), text='Press SPACE to continue.', units='height', win=Window(...), wrapWidth=1)
7.4666 	EXP 	Created gen_instr_2_txt = TextStim(__class__=<class 'psychopy.visual.text.TextStim'>, alignHoriz='center', alignVert='center', antialias=True, autoLog=True, bold=False, color='white', colorSpace='named', contrast=1.0, depth=0.0, flipHoriz=False, flipVert=False, font='Arial', fontFiles=[], height=0.05, italic=False, languageStyle='LTR', name='gen_instr_2_txt', opacity=1.0, ori=0, pos=array([0., 0.]), rgb=array([255., 255., 255.]), text=str(...), units='height', win=Window(...), wrapWidth=1)
7.4761 	EXP 	Created instr_2_cont = TextStim(__class__=<class 'psychopy.visual.text.TextStim'>, alignHoriz='center', alignVert='center', antialias=True, autoLog=True, bold=False, color='white', colorSpace='named', contrast=1.0, depth=-2.0, flipHoriz=False, flipVert=False, font='Arial', fontFiles=[], height=0.05, italic=False, languageStyle='LTR', name='instr_2_cont', opacity=1.0, ori=0, pos=array([ 0. , -0.4]), rgb=array([255., 255., 255.]), text='Press SPACE to continue.', units='height', win=Window(...), wrapWidth=1)
7.4839 	EXP 	Created rdy_txt = TextStim(__class__=<class 'psychopy.visual.text.TextStim'>, alignHoriz='center', alignVert='center', antialias=True, autoLog=True, bold=False, color='white', colorSpace='named', contrast=1.0, depth=0.0, flipHoriz=False, flipVert=False, font='Arial', fontFiles=[], height=0.05, italic=False, languageStyle='LTR', name='rdy_txt', opacity=1.0, ori=0, pos=array([0., 0.]), rgb=array([255., 255., 255.]), text='default text', units='height', win=Window(...), wrapWidth=1)
7.4922 	EXP 	Created rdy_cont = TextStim(__class__=<class 'psychopy.visual.text.TextStim'>, alignHoriz='center', alignVert='center', antialias=True, autoLog=True, bold=False, color='white', colorSpace='named', contrast=1.0, depth=-2.0, flipHoriz=False, flipVert=False, font='Arial', fontFiles=[], height=0.05, italic=False, languageStyle='LTR', name='rdy_cont', opacity=1.0, ori=0, pos=array([ 0. , -0.4]), rgb=array([255., 255., 255.]), text='Press SPACE to begin.', units='height', win=Window(...), wrapWidth=1)
7.5223 	EXP 	Created NL_Pair = TextStim(__class__=<class 'psychopy.visual.text.TextStim'>, alignHoriz='center', alignVert='center', antialias=True, autoLog=True, bold=False, color='white', colorSpace='named', contrast=1.0, depth=0.0, flipHoriz=False, flipVert=False, font='Arial', fontFiles=[], height=0.1, italic=False, languageStyle='LTR', name='NL_Pair', opacity=1.0, ori=0, pos=array([0., 0.]), rgb=array([255., 255., 255.]), text='default text', units='height', win=Window(...), wrapWidth=1)
7.5285 	EXP 	Created number_reminder = TextStim(__class__=<class 'psychopy.visual.text.TextStim'>, alignHoriz='center', alignVert='center', antialias=True, autoLog=True, bold=False, color='white', colorSpace='named', contrast=1.0, depth=-2.0, flipHoriz=False, flipVert=False, font='Arial', fontFiles=[], height=0.05, italic=False, languageStyle='LTR', name='number_reminder', opacity=1.0, ori=0, pos=array([0.  , 0.45]), rgb=array([255., 255., 255.]), text='default text', units='height', win=Window(...), wrapWidth=1)
7.5344 	EXP 	Created letter_reminder = TextStim(__class__=<class 'psychopy.visual.text.TextStim'>, alignHoriz='center', alignVert='center', antialias=True, autoLog=True, bold=False, color='white', colorSpace='named', contrast=1.0, depth=-3.0, flipHoriz=False, flipVert=False, font='Arial', fontFiles=[], height=0.05, italic=False, languageStyle='LTR', name='letter_reminder', opacity=1.0, ori=0, pos=array([ 0.  , -0.45]), rgb=array([255., 255., 255.]), text='default text', units='height', win=Window(...), wrapWidth=1)
7.5403 	EXP 	Created fdbk_txt = TextStim(__class__=<class 'psychopy.visual.text.TextStim'>, alignHoriz='center', alignVert='center', antialias=True, autoLog=True, bold=False, color='white', colorSpace='named', contrast=1.0, depth=0.0, flipHoriz=False, flipVert=False, font='Arial', fontFiles=[], height=0.05, italic=False, languageStyle='LTR', name='fdbk_txt', opacity=1.0, ori=0, pos=array([0., 0.]), rgb=array([255., 255., 255.]), text='default text', units='height', win=Window(...), wrapWidth=1)
7.5498 	EXP 	Created fdbk_cont = TextStim(__class__=<class 'psychopy.visual.text.TextStim'>, alignHoriz='center', alignVert='center', antialias=True, autoLog=True, bold=False, color='white', colorSpace='named', contrast=1.0, depth=-2.0, flipHoriz=False, flipVert=False, font='Arial', fontFiles=[], height=0.05, italic=False, languageStyle='LTR', name='fdbk_cont', opacity=1.0, ori=0, pos=array([ 0. , -0.4]), rgb=array([255., 255., 255.]), text='Press SPACE to continue.', units='height', win=Window(...), wrapWidth=1)
7.6257 	EXP 	gen_instr_txt: autoDraw = True
7.6257 	EXP 	instr_cont: autoDraw = True
9.2017 	DATA 	Keypress: space
9.2091 	EXP 	gen_instr_txt: autoDraw = False
9.2091 	EXP 	instr_cont: autoDraw = False
9.2091 	EXP 	gen_instr_2_txt: autoDraw = True
9.2091 	EXP 	instr_2_cont: autoDraw = True
9.8793 	EXP 	Imported NLT_Blocks.xlsx as conditions, 3 conditions, 4 params
9.8795 	EXP 	Created sequence: sequential, trialTypes=3, nReps=1, seed=None
9.8798 	EXP 	New trial (rep=0, index=0): OrderedDict([('block', 1), ('cond_file', 'NLT_Block_1.xlsx'), ('ready_msg', 'Respond by pressing:\n        F if the number is odd\n        J if the number is even\n\nRemember...\n        Odd numbers are 1, 3, 5, 7, and 9\n        Even numbers are 2, 4, 6, and 8'), ('fdbk_msg', 'Good work! \n\nIn this second block, number-letter pairs will only appear on the bottom half of the screen. \n\nDecide if the letter is a consonant or a vowel. ')])
9.9529 	DATA 	Keypress: space
9.9590 	EXP 	gen_instr_2_txt: autoDraw = False
9.9590 	EXP 	instr_2_cont: autoDraw = False
9.9590 	EXP 	rdy_txt: text = 'Respond by pressing:\n        F if the number is odd\n        J if the number is even\n\nRemember...\n        Odd numbers are 1, 3, 5, 7, and 9\n        Even numbers are 2, 4, 6, and 8'
9.9590 	EXP 	rdy_txt: autoDraw = True
9.9590 	EXP 	rdy_cont: autoDraw = True
10.5540 	EXP 	Imported NLT_Block_1.xlsx as conditions, 32 conditions, 7 params
10.5542 	EXP 	Created sequence: sequential, trialTypes=32, nReps=1, seed=None
10.5545 	EXP 	New trial (rep=0, index=0): OrderedDict([('pair', '2G'), ('allowed', 'fj'), ('correct', 'j'), ('state', 'TopLeft'), ('position', [-0.3, 0.3]), ('num_reminder', 'F = Odd        J = Even'), ('lett_reminder', None)])
10.5838 	DATA 	Keypress: space
10.5918 	EXP 	rdy_txt: autoDraw = False
10.5918 	EXP 	rdy_cont: autoDraw = False
10.5918 	EXP 	NL_Pair: pos = array([-0.3,  0.3])
10.5918 	EXP 	NL_Pair: text = '2G'
10.5918 	EXP 	number_reminder: text = 'F = Odd        J = Even'
10.5918 	EXP 	letter_reminder: text = 'default text'
10.5918 	EXP 	NL_Pair: autoDraw = True
10.5918 	EXP 	number_reminder: autoDraw = True
10.5918 	EXP 	letter_reminder: autoDraw = True
13.5328 	DATA 	Keypress: space
16.5640 	EXP 	New trial (rep=0, index=1): OrderedDict([('pair', '5I'), ('allowed', 'fj'), ('correct', 'f'), ('state', 'TopRight'), ('position', [0.3, 0.3]), ('num_reminder', 'F = Odd        J = Even'), ('lett_reminder', None)])
16.5822 	DATA 	Keypress: j
16.5925 	EXP 	NL_Pair: autoDraw = False
16.5925 	EXP 	number_reminder: autoDraw = False
16.5925 	EXP 	letter_reminder: autoDraw = False
16.5925 	EXP 	NL_Pair: pos = array([0.3, 0.3])
16.5925 	EXP 	NL_Pair: text = '5I'
16.5925 	EXP 	number_reminder: text = 'F = Odd        J = Even'
16.5925 	EXP 	letter_reminder: text = 'default text'
16.5925 	EXP 	NL_Pair: autoDraw = True
16.5925 	EXP 	number_reminder: autoDraw = True
16.5925 	EXP 	letter_reminder: autoDraw = True
17.6134 	EXP 	New trial (rep=0, index=2): OrderedDict([('pair', '2K'), ('allowed', 'fj'), ('correct', 'j'), ('state', 'TopLeft'), ('position', [-0.3, 0.3]), ('num_reminder', 'F = Odd        J = Even'), ('lett_reminder', None)])
17.6306 	DATA 	Keypress: f
17.6422 	EXP 	NL_Pair: autoDraw = False
17.6422 	EXP 	number_reminder: autoDraw = False
17.6422 	EXP 	letter_reminder: autoDraw = False
17.6422 	EXP 	NL_Pair: pos = array([-0.3,  0.3])
17.6422 	EXP 	NL_Pair: text = '2K'
17.6422 	EXP 	number_reminder: text = 'F = Odd        J = Even'
17.6422 	EXP 	letter_reminder: text = 'default text'
17.6422 	EXP 	NL_Pair: autoDraw = True
17.6422 	EXP 	number_reminder: autoDraw = True
17.6422 	EXP 	letter_reminder: autoDraw = True
18.6630 	EXP 	New trial (rep=0, index=3): OrderedDict([('pair', '7A'), ('allowed', 'fj'), ('correct', 'f'), ('state', 'TopRight'), ('position', [0.3, 0.3]), ('num_reminder', 'F = Odd        J = Even'), ('lett_reminder', None)])
18.6824 	DATA 	Keypress: j
18.6920 	EXP 	NL_Pair: autoDraw = False
18.6920 	EXP 	number_reminder: autoDraw = False
18.6920 	EXP 	letter_reminder: autoDraw = False
18.6920 	EXP 	NL_Pair: pos = array([0.3, 0.3])
18.6920 	EXP 	NL_Pair: text = '7A'
18.6920 	EXP 	number_reminder: text = 'F = Odd        J = Even'
18.6920 	EXP 	letter_reminder: text = 'default text'
18.6920 	EXP 	NL_Pair: autoDraw = True
18.6920 	EXP 	number_reminder: autoDraw = True
18.6920 	EXP 	letter_reminder: autoDraw = True
20.9969 	EXP 	New trial (rep=0, index=4): OrderedDict([('pair', '1E'), ('allowed', 'fj'), ('correct', 'f'), ('state', 'TopLeft'), ('position', [-0.3, 0.3]), ('num_reminder', 'F = Odd        J = Even'), ('lett_reminder', None)])
21.0149 	DATA 	Keypress: f
21.0255 	EXP 	NL_Pair: autoDraw = False
21.0255 	EXP 	number_reminder: autoDraw = False
21.0255 	EXP 	letter_reminder: autoDraw = False
21.0255 	EXP 	NL_Pair: pos = array([-0.3,  0.3])
21.0255 	EXP 	NL_Pair: text = '1E'
21.0255 	EXP 	number_reminder: text = 'F = Odd        J = Even'
21.0255 	EXP 	letter_reminder: text = 'default text'
21.0255 	EXP 	NL_Pair: autoDraw = True
21.0255 	EXP 	number_reminder: autoDraw = True
21.0255 	EXP 	letter_reminder: autoDraw = True
22.5637 	DATA 	Keypress: escape
22.7467 	EXP 	window1: mouseVisible = True
