17.5039 	WARNING 	Monitor specification not found. Creating a temporary one...
17.5065 	WARNING 	User requested fullscreen with size [1680 1050], but screen is actually [2880, 1800]. Using actual size
18.4482 	EXP 	Created window1 = Window(allowGUI=False, allowStencil=False, args=UNKNOWN, autoLog=True, bitsMode=UNKNOWN, blendMode='avg', color=array([0., 0., 0.]), colorSpace='rgb', fullscr=<method-wrapper '__getattribute__' of attributeSetter object at 0x000001B91D597278>, gamma=None, kwargs=UNKNOWN, lms=UNKNOWN, monitor=<psychopy.monitors.calibTools.Monitor object at 0x000001B91D5E2F60>, multiSample=False, name='window1', numSamples=2, pos=[0.0, 0.0], screen=0, size=array([2880, 1800]), stereo=False, units='height', useFBO=True, useRetina=False, viewOri=0.0, viewPos=None, viewScale=None, waitBlanking=True, winType='pyglet')
18.4482 	EXP 	window1: recordFrameIntervals = False
18.6144 	EXP 	window1: recordFrameIntervals = True
18.7978 	EXP 	window1: recordFrameIntervals = False
19.1232 	EXP 	Created gen_instr_txt = TextStim(__class__=<class 'psychopy.visual.text.TextStim'>, alignHoriz='center', alignVert='center', antialias=True, autoLog=True, bold=False, color='white', colorSpace='named', contrast=1.0, depth=0.0, flipHoriz=False, flipVert=False, font='Arial', fontFiles=[], height=0.05, italic=False, languageStyle='LTR', name='gen_instr_txt', opacity=1.0, ori=0, pos=array([0., 0.]), rgb=array([255., 255., 255.]), text=str(...), units='height', win=Window(...), wrapWidth=1)
19.1396 	EXP 	Created instr_cont = TextStim(__class__=<class 'psychopy.visual.text.TextStim'>, alignHoriz='center', alignVert='center', antialias=True, autoLog=True, bold=False, color='white', colorSpace='named', contrast=1.0, depth=-2.0, flipHoriz=False, flipVert=False, font='Arial', fontFiles=[], height=0.05, italic=False, languageStyle='LTR', name='instr_cont', opacity=1.0, ori=0, pos=array([ 0. , -0.4]), rgb=array([255., 255., 255.]), text='Press SPACE for more instructions.', units='height', win=Window(...), wrapWidth=1)
19.2009 	EXP 	Created gen_instr_2_txt = TextStim(__class__=<class 'psychopy.visual.text.TextStim'>, alignHoriz='center', alignVert='center', antialias=True, autoLog=True, bold=False, color='white', colorSpace='named', contrast=1.0, depth=0.0, flipHoriz=False, flipVert=False, font='Arial', fontFiles=[], height=0.05, italic=False, languageStyle='LTR', name='gen_instr_2_txt', opacity=1.0, ori=0, pos=array([0., 0.]), rgb=array([255., 255., 255.]), text=str(...), units='height', win=Window(...), wrapWidth=1)
19.2124 	EXP 	Created instr_2_cont = TextStim(__class__=<class 'psychopy.visual.text.TextStim'>, alignHoriz='center', alignVert='center', antialias=True, autoLog=True, bold=False, color='white', colorSpace='named', contrast=1.0, depth=-2.0, flipHoriz=False, flipVert=False, font='Arial', fontFiles=[], height=0.05, italic=False, languageStyle='LTR', name='instr_2_cont', opacity=1.0, ori=0, pos=array([ 0. , -0.4]), rgb=array([255., 255., 255.]), text='Press SPACE for more instructions.', units='height', win=Window(...), wrapWidth=1)
19.2205 	EXP 	Created rdy_txt = TextStim(__class__=<class 'psychopy.visual.text.TextStim'>, alignHoriz='center', alignVert='center', antialias=True, autoLog=True, bold=False, color='white', colorSpace='named', contrast=1.0, depth=0.0, flipHoriz=False, flipVert=False, font='Arial', fontFiles=[], height=0.05, italic=False, languageStyle='LTR', name='rdy_txt', opacity=1.0, ori=0, pos=array([0., 0.]), rgb=array([255., 255., 255.]), text='default text', units='height', win=Window(...), wrapWidth=1)
19.2289 	EXP 	Created rdy_cont = TextStim(__class__=<class 'psychopy.visual.text.TextStim'>, alignHoriz='center', alignVert='center', antialias=True, autoLog=True, bold=False, color='white', colorSpace='named', contrast=1.0, depth=-2.0, flipHoriz=False, flipVert=False, font='Arial', fontFiles=[], height=0.05, italic=False, languageStyle='LTR', name='rdy_cont', opacity=1.0, ori=0, pos=array([ 0. , -0.4]), rgb=array([255., 255., 255.]), text='Press SPACE to begin.', units='height', win=Window(...), wrapWidth=1)
19.2585 	EXP 	Created NL_Pair = TextStim(__class__=<class 'psychopy.visual.text.TextStim'>, alignHoriz='center', alignVert='center', antialias=True, autoLog=True, bold=False, color='white', colorSpace='named', contrast=1.0, depth=0.0, flipHoriz=False, flipVert=False, font='Arial', fontFiles=[], height=0.1, italic=False, languageStyle='LTR', name='NL_Pair', opacity=1.0, ori=0, pos=array([0., 0.]), rgb=array([255., 255., 255.]), text='default text', units='height', win=Window(...), wrapWidth=1)
19.2646 	EXP 	Created number_reminder = TextStim(__class__=<class 'psychopy.visual.text.TextStim'>, alignHoriz='center', alignVert='center', antialias=True, autoLog=True, bold=False, color='white', colorSpace='named', contrast=1.0, depth=-2.0, flipHoriz=False, flipVert=False, font='Arial', fontFiles=[], height=0.05, italic=False, languageStyle='LTR', name='number_reminder', opacity=1.0, ori=0, pos=array([0.  , 0.45]), rgb=array([255., 255., 255.]), text='default text', units='height', win=Window(...), wrapWidth=1)
19.2704 	EXP 	Created letter_reminder = TextStim(__class__=<class 'psychopy.visual.text.TextStim'>, alignHoriz='center', alignVert='center', antialias=True, autoLog=True, bold=False, color='white', colorSpace='named', contrast=1.0, depth=-3.0, flipHoriz=False, flipVert=False, font='Arial', fontFiles=[], height=0.05, italic=False, languageStyle='LTR', name='letter_reminder', opacity=1.0, ori=0, pos=array([ 0.  , -0.45]), rgb=array([255., 255., 255.]), text='default text', units='height', win=Window(...), wrapWidth=1)
19.2766 	EXP 	Created fdbk_txt = TextStim(__class__=<class 'psychopy.visual.text.TextStim'>, alignHoriz='center', alignVert='center', antialias=True, autoLog=True, bold=False, color='white', colorSpace='named', contrast=1.0, depth=0.0, flipHoriz=False, flipVert=False, font='Arial', fontFiles=[], height=0.05, italic=False, languageStyle='LTR', name='fdbk_txt', opacity=1.0, ori=0, pos=array([0., 0.]), rgb=array([255., 255., 255.]), text='default text', units='height', win=Window(...), wrapWidth=1)
19.2823 	EXP 	Created fdbk_cont = TextStim(__class__=<class 'psychopy.visual.text.TextStim'>, alignHoriz='center', alignVert='center', antialias=True, autoLog=True, bold=False, color='white', colorSpace='named', contrast=1.0, depth=-2.0, flipHoriz=False, flipVert=False, font='Arial', fontFiles=[], height=0.05, italic=False, languageStyle='LTR', name='fdbk_cont', opacity=1.0, ori=0, pos=array([ 0. , -0.4]), rgb=array([255., 255., 255.]), text='default text', units='height', win=Window(...), wrapWidth=1)
19.3478 	EXP 	gen_instr_txt: autoDraw = True
19.3478 	EXP 	instr_cont: autoDraw = True
38.1407 	DATA 	Keypress: space
38.1474 	EXP 	gen_instr_txt: autoDraw = False
38.1474 	EXP 	instr_cont: autoDraw = False
38.1474 	EXP 	gen_instr_2_txt: autoDraw = True
38.1474 	EXP 	instr_2_cont: autoDraw = True
40.1994 	EXP 	Imported NLT_Blocks.xlsx as conditions, 3 conditions, 5 params
40.1996 	EXP 	Created sequence: sequential, trialTypes=3, nReps=1, seed=None
40.1999 	EXP 	New trial (rep=0, index=0): OrderedDict([('block', 1), ('cond_file', 'NLT_Block_1.xlsx'), ('ready_msg', 'Respond by pressing:\n        F if the number is odd\n        J if the number is even\n\nThere will be a cue at the top of the screen.'), ('fdbk_msg', 'Good work! \n\nIn this second part, number-letter pairs will only appear on the bottom half of the screen. \n\nDecide if the letter is a consonant or a vowel. '), ('fdbk_cont_msg', 'Press SPACE for more instructions.')])
40.2505 	DATA 	Keypress: space
40.2639 	EXP 	gen_instr_2_txt: autoDraw = False
40.2639 	EXP 	instr_2_cont: autoDraw = False
40.2639 	EXP 	rdy_txt: text = 'Respond by pressing:\n        F if the number is odd\n        J if the number is even\n\nThere will be a cue at the top of the screen.'
40.2639 	EXP 	rdy_txt: autoDraw = True
40.2639 	EXP 	rdy_cont: autoDraw = True
45.1359 	DATA 	Keypress: space
45.1605 	EXP 	Imported NLT_Block_1.xlsx as conditions, 32 conditions, 7 params
45.1607 	EXP 	Created sequence: sequential, trialTypes=32, nReps=1, seed=None
45.1610 	EXP 	New trial (rep=0, index=0): OrderedDict([('pair', '2G'), ('allowed', 'fj'), ('correct', 'j'), ('state', 'TopLeft'), ('position', [-0.3, 0.25]), ('num_reminder', 'F = Odd        J = Even'), ('lett_reminder', ' ')])
45.1971 	EXP 	rdy_txt: autoDraw = False
45.1971 	EXP 	rdy_cont: autoDraw = False
45.1971 	EXP 	NL_Pair: pos = array([-0.3 ,  0.25])
45.1971 	EXP 	NL_Pair: text = '2G'
45.1971 	EXP 	number_reminder: text = 'F = Odd        J = Even'
45.1971 	EXP 	letter_reminder: text = ' '
45.1971 	EXP 	NL_Pair: autoDraw = True
45.1971 	EXP 	number_reminder: autoDraw = True
45.1971 	EXP 	letter_reminder: autoDraw = True
46.7852 	EXP 	New trial (rep=0, index=1): OrderedDict([('pair', '5I'), ('allowed', 'fj'), ('correct', 'f'), ('state', 'TopRight'), ('position', [0.3, 0.25]), ('num_reminder', 'F = Odd        J = Even'), ('lett_reminder', ' ')])
46.7989 	DATA 	Keypress: f
46.8139 	EXP 	NL_Pair: autoDraw = False
46.8139 	EXP 	number_reminder: autoDraw = False
46.8139 	EXP 	letter_reminder: autoDraw = False
46.8139 	EXP 	NL_Pair: pos = array([0.3 , 0.25])
46.8139 	EXP 	NL_Pair: text = '5I'
46.8139 	EXP 	number_reminder: text = 'F = Odd        J = Even'
46.8139 	EXP 	letter_reminder: text = ' '
46.8139 	EXP 	NL_Pair: autoDraw = True
46.8139 	EXP 	number_reminder: autoDraw = True
46.8139 	EXP 	letter_reminder: autoDraw = True
46.9518 	EXP 	New trial (rep=0, index=2): OrderedDict([('pair', '2K'), ('allowed', 'fj'), ('correct', 'j'), ('state', 'TopLeft'), ('position', [-0.3, 0.25]), ('num_reminder', 'F = Odd        J = Even'), ('lett_reminder', ' ')])
46.9627 	DATA 	Keypress: j
46.9805 	EXP 	NL_Pair: autoDraw = False
46.9805 	EXP 	number_reminder: autoDraw = False
46.9805 	EXP 	letter_reminder: autoDraw = False
46.9805 	EXP 	NL_Pair: pos = array([-0.3 ,  0.25])
46.9805 	EXP 	NL_Pair: text = '2K'
46.9805 	EXP 	number_reminder: text = 'F = Odd        J = Even'
46.9805 	EXP 	letter_reminder: text = ' '
46.9805 	EXP 	NL_Pair: autoDraw = True
46.9805 	EXP 	number_reminder: autoDraw = True
46.9805 	EXP 	letter_reminder: autoDraw = True
47.0856 	DATA 	Keypress: f
47.1018 	EXP 	New trial (rep=0, index=3): OrderedDict([('pair', '7A'), ('allowed', 'fj'), ('correct', 'f'), ('state', 'TopRight'), ('position', [0.3, 0.25]), ('num_reminder', 'F = Odd        J = Even'), ('lett_reminder', ' ')])
47.1308 	EXP 	NL_Pair: autoDraw = False
47.1308 	EXP 	number_reminder: autoDraw = False
47.1308 	EXP 	letter_reminder: autoDraw = False
47.1308 	EXP 	NL_Pair: pos = array([0.3 , 0.25])
47.1308 	EXP 	NL_Pair: text = '7A'
47.1308 	EXP 	number_reminder: text = 'F = Odd        J = Even'
47.1308 	EXP 	letter_reminder: text = ' '
47.1308 	EXP 	NL_Pair: autoDraw = True
47.1308 	EXP 	number_reminder: autoDraw = True
47.1308 	EXP 	letter_reminder: autoDraw = True
47.2351 	EXP 	New trial (rep=0, index=4): OrderedDict([('pair', '1E'), ('allowed', 'fj'), ('correct', 'f'), ('state', 'TopLeft'), ('position', [-0.3, 0.25]), ('num_reminder', 'F = Odd        J = Even'), ('lett_reminder', ' ')])
47.2483 	DATA 	Keypress: j
47.2641 	EXP 	NL_Pair: autoDraw = False
47.2641 	EXP 	number_reminder: autoDraw = False
47.2641 	EXP 	letter_reminder: autoDraw = False
47.2641 	EXP 	NL_Pair: pos = array([-0.3 ,  0.25])
47.2641 	EXP 	NL_Pair: text = '1E'
47.2641 	EXP 	number_reminder: text = 'F = Odd        J = Even'
47.2641 	EXP 	letter_reminder: text = ' '
47.2641 	EXP 	NL_Pair: autoDraw = True
47.2641 	EXP 	number_reminder: autoDraw = True
47.2641 	EXP 	letter_reminder: autoDraw = True
47.3851 	EXP 	New trial (rep=0, index=5): OrderedDict([('pair', '6R'), ('allowed', 'fj'), ('correct', 'j'), ('state', 'TopRight'), ('position', [0.3, 0.25]), ('num_reminder', 'F = Odd        J = Even'), ('lett_reminder', ' ')])
47.3998 	DATA 	Keypress: f
47.4141 	EXP 	NL_Pair: autoDraw = False
47.4141 	EXP 	number_reminder: autoDraw = False
47.4141 	EXP 	letter_reminder: autoDraw = False
47.4141 	EXP 	NL_Pair: pos = array([0.3 , 0.25])
47.4141 	EXP 	NL_Pair: text = '6R'
47.4141 	EXP 	number_reminder: text = 'F = Odd        J = Even'
47.4141 	EXP 	letter_reminder: text = ' '
47.4141 	EXP 	NL_Pair: autoDraw = True
47.4141 	EXP 	number_reminder: autoDraw = True
47.4141 	EXP 	letter_reminder: autoDraw = True
47.4518 	EXP 	New trial (rep=0, index=6): OrderedDict([('pair', '9I'), ('allowed', 'fj'), ('correct', 'f'), ('state', 'TopLeft'), ('position', [-0.3, 0.25]), ('num_reminder', 'F = Odd        J = Even'), ('lett_reminder', ' ')])
47.4625 	DATA 	Keypress: j
47.4805 	EXP 	NL_Pair: autoDraw = False
47.4805 	EXP 	number_reminder: autoDraw = False
47.4805 	EXP 	letter_reminder: autoDraw = False
47.4805 	EXP 	NL_Pair: pos = array([-0.3 ,  0.25])
47.4805 	EXP 	NL_Pair: text = '9I'
47.4805 	EXP 	number_reminder: text = 'F = Odd        J = Even'
47.4805 	EXP 	letter_reminder: text = ' '
47.4805 	EXP 	NL_Pair: autoDraw = True
47.4805 	EXP 	number_reminder: autoDraw = True
47.4805 	EXP 	letter_reminder: autoDraw = True
47.6017 	EXP 	New trial (rep=0, index=7): OrderedDict([('pair', '6M'), ('allowed', 'fj'), ('correct', 'j'), ('state', 'TopRight'), ('position', [0.3, 0.25]), ('num_reminder', 'F = Odd        J = Even'), ('lett_reminder', ' ')])
47.6138 	DATA 	Keypress: f
47.6305 	EXP 	NL_Pair: autoDraw = False
47.6305 	EXP 	number_reminder: autoDraw = False
47.6305 	EXP 	letter_reminder: autoDraw = False
47.6305 	EXP 	NL_Pair: pos = array([0.3 , 0.25])
47.6305 	EXP 	NL_Pair: text = '6M'
47.6305 	EXP 	number_reminder: text = 'F = Odd        J = Even'
47.6305 	EXP 	letter_reminder: text = ' '
47.6305 	EXP 	NL_Pair: autoDraw = True
47.6305 	EXP 	number_reminder: autoDraw = True
47.6305 	EXP 	letter_reminder: autoDraw = True
47.7189 	DATA 	Keypress: j
47.7351 	EXP 	New trial (rep=0, index=8): OrderedDict([('pair', '1R'), ('allowed', 'fj'), ('correct', 'f'), ('state', 'TopLeft'), ('position', [-0.3, 0.25]), ('num_reminder', 'F = Odd        J = Even'), ('lett_reminder', ' ')])
47.7471 	EXP 	NL_Pair: autoDraw = False
47.7471 	EXP 	number_reminder: autoDraw = False
47.7471 	EXP 	letter_reminder: autoDraw = False
47.7471 	EXP 	NL_Pair: pos = array([-0.3 ,  0.25])
47.7471 	EXP 	NL_Pair: text = '1R'
47.7471 	EXP 	number_reminder: text = 'F = Odd        J = Even'
47.7471 	EXP 	letter_reminder: text = ' '
47.7471 	EXP 	NL_Pair: autoDraw = True
47.7471 	EXP 	number_reminder: autoDraw = True
47.7471 	EXP 	letter_reminder: autoDraw = True
47.8351 	EXP 	New trial (rep=0, index=9): OrderedDict([('pair', '2R'), ('allowed', 'fj'), ('correct', 'j'), ('state', 'TopRight'), ('position', [0.3, 0.25]), ('num_reminder', 'F = Odd        J = Even'), ('lett_reminder', ' ')])
47.8428 	DATA 	Keypress: f
47.8471 	EXP 	NL_Pair: autoDraw = False
47.8471 	EXP 	number_reminder: autoDraw = False
47.8471 	EXP 	letter_reminder: autoDraw = False
47.8471 	EXP 	NL_Pair: pos = array([0.3 , 0.25])
47.8471 	EXP 	NL_Pair: text = '2R'
47.8471 	EXP 	number_reminder: text = 'F = Odd        J = Even'
47.8471 	EXP 	letter_reminder: text = ' '
47.8471 	EXP 	NL_Pair: autoDraw = True
47.8471 	EXP 	number_reminder: autoDraw = True
47.8471 	EXP 	letter_reminder: autoDraw = True
47.9518 	EXP 	New trial (rep=0, index=10): OrderedDict([('pair', '9E'), ('allowed', 'fj'), ('correct', 'f'), ('state', 'TopLeft'), ('position', [-0.3, 0.25]), ('num_reminder', 'F = Odd        J = Even'), ('lett_reminder', ' ')])
47.9595 	DATA 	Keypress: j
47.9640 	EXP 	NL_Pair: autoDraw = False
47.9640 	EXP 	number_reminder: autoDraw = False
47.9640 	EXP 	letter_reminder: autoDraw = False
47.9640 	EXP 	NL_Pair: pos = array([-0.3 ,  0.25])
47.9640 	EXP 	NL_Pair: text = '9E'
47.9640 	EXP 	number_reminder: text = 'F = Odd        J = Even'
47.9640 	EXP 	letter_reminder: text = ' '
47.9640 	EXP 	NL_Pair: autoDraw = True
47.9640 	EXP 	number_reminder: autoDraw = True
47.9640 	EXP 	letter_reminder: autoDraw = True
48.0682 	EXP 	New trial (rep=0, index=11): OrderedDict([('pair', '7K'), ('allowed', 'fj'), ('correct', 'f'), ('state', 'TopRight'), ('position', [0.3, 0.25]), ('num_reminder', 'F = Odd        J = Even'), ('lett_reminder', ' ')])
48.0758 	DATA 	Keypress: f
48.0805 	EXP 	NL_Pair: autoDraw = False
48.0805 	EXP 	number_reminder: autoDraw = False
48.0805 	EXP 	letter_reminder: autoDraw = False
48.0805 	EXP 	NL_Pair: pos = array([0.3 , 0.25])
48.0805 	EXP 	NL_Pair: text = '7K'
48.0805 	EXP 	number_reminder: text = 'F = Odd        J = Even'
48.0805 	EXP 	letter_reminder: text = ' '
48.0805 	EXP 	NL_Pair: autoDraw = True
48.0805 	EXP 	number_reminder: autoDraw = True
48.0805 	EXP 	letter_reminder: autoDraw = True
48.2020 	EXP 	New trial (rep=0, index=12): OrderedDict([('pair', '8M'), ('allowed', 'fj'), ('correct', 'j'), ('state', 'TopLeft'), ('position', [-0.3, 0.25]), ('num_reminder', 'F = Odd        J = Even'), ('lett_reminder', ' ')])
48.2124 	DATA 	Keypress: j
48.2306 	EXP 	NL_Pair: autoDraw = False
48.2306 	EXP 	number_reminder: autoDraw = False
48.2306 	EXP 	letter_reminder: autoDraw = False
48.2306 	EXP 	NL_Pair: pos = array([-0.3 ,  0.25])
48.2306 	EXP 	NL_Pair: text = '8M'
48.2306 	EXP 	number_reminder: text = 'F = Odd        J = Even'
48.2306 	EXP 	letter_reminder: text = ' '
48.2306 	EXP 	NL_Pair: autoDraw = True
48.2306 	EXP 	number_reminder: autoDraw = True
48.2306 	EXP 	letter_reminder: autoDraw = True
48.3018 	EXP 	New trial (rep=0, index=13): OrderedDict([('pair', '8K'), ('allowed', 'fj'), ('correct', 'j'), ('state', 'TopRight'), ('position', [0.3, 0.25]), ('num_reminder', 'F = Odd        J = Even'), ('lett_reminder', ' ')])
48.3094 	DATA 	Keypress: f
48.3141 	EXP 	NL_Pair: autoDraw = False
48.3141 	EXP 	number_reminder: autoDraw = False
48.3141 	EXP 	letter_reminder: autoDraw = False
48.3141 	EXP 	NL_Pair: pos = array([0.3 , 0.25])
48.3141 	EXP 	NL_Pair: text = '8K'
48.3141 	EXP 	number_reminder: text = 'F = Odd        J = Even'
48.3141 	EXP 	letter_reminder: text = ' '
48.3141 	EXP 	NL_Pair: autoDraw = True
48.3141 	EXP 	number_reminder: autoDraw = True
48.3141 	EXP 	letter_reminder: autoDraw = True
48.4513 	EXP 	New trial (rep=0, index=14): OrderedDict([('pair', '5G'), ('allowed', 'fj'), ('correct', 'f'), ('state', 'TopLeft'), ('position', [-0.3, 0.25]), ('num_reminder', 'F = Odd        J = Even'), ('lett_reminder', ' ')])
48.4590 	DATA 	Keypress: j
48.4638 	EXP 	NL_Pair: autoDraw = False
48.4638 	EXP 	number_reminder: autoDraw = False
48.4638 	EXP 	letter_reminder: autoDraw = False
48.4638 	EXP 	NL_Pair: pos = array([-0.3 ,  0.25])
48.4638 	EXP 	NL_Pair: text = '5G'
48.4638 	EXP 	number_reminder: text = 'F = Odd        J = Even'
48.4638 	EXP 	letter_reminder: text = ' '
48.4638 	EXP 	NL_Pair: autoDraw = True
48.4638 	EXP 	number_reminder: autoDraw = True
48.4638 	EXP 	letter_reminder: autoDraw = True
48.5688 	EXP 	New trial (rep=0, index=15): OrderedDict([('pair', '9U'), ('allowed', 'fj'), ('correct', 'f'), ('state', 'TopRight'), ('position', [0.3, 0.25]), ('num_reminder', 'F = Odd        J = Even'), ('lett_reminder', ' ')])
48.5798 	DATA 	Keypress: f
48.5972 	EXP 	NL_Pair: autoDraw = False
48.5972 	EXP 	number_reminder: autoDraw = False
48.5972 	EXP 	letter_reminder: autoDraw = False
48.5972 	EXP 	NL_Pair: pos = array([0.3 , 0.25])
48.5972 	EXP 	NL_Pair: text = '9U'
48.5972 	EXP 	number_reminder: text = 'F = Odd        J = Even'
48.5972 	EXP 	letter_reminder: text = ' '
48.5972 	EXP 	NL_Pair: autoDraw = True
48.5972 	EXP 	number_reminder: autoDraw = True
48.5972 	EXP 	letter_reminder: autoDraw = True
48.6849 	EXP 	New trial (rep=0, index=16): OrderedDict([('pair', '1G'), ('allowed', 'fj'), ('correct', 'f'), ('state', 'TopLeft'), ('position', [-0.3, 0.25]), ('num_reminder', 'F = Odd        J = Even'), ('lett_reminder', ' ')])
48.6926 	DATA 	Keypress: j
48.6973 	EXP 	NL_Pair: autoDraw = False
48.6973 	EXP 	number_reminder: autoDraw = False
48.6973 	EXP 	letter_reminder: autoDraw = False
48.6973 	EXP 	NL_Pair: pos = array([-0.3 ,  0.25])
48.6973 	EXP 	NL_Pair: text = '1G'
48.6973 	EXP 	number_reminder: text = 'F = Odd        J = Even'
48.6973 	EXP 	letter_reminder: text = ' '
48.6973 	EXP 	NL_Pair: autoDraw = True
48.6973 	EXP 	number_reminder: autoDraw = True
48.6973 	EXP 	letter_reminder: autoDraw = True
48.8014 	EXP 	New trial (rep=0, index=17): OrderedDict([('pair', '6I'), ('allowed', 'fj'), ('correct', 'j'), ('state', 'TopRight'), ('position', [0.3, 0.25]), ('num_reminder', 'F = Odd        J = Even'), ('lett_reminder', ' ')])
48.8092 	DATA 	Keypress: f
48.8138 	EXP 	NL_Pair: autoDraw = False
48.8138 	EXP 	number_reminder: autoDraw = False
48.8138 	EXP 	letter_reminder: autoDraw = False
48.8138 	EXP 	NL_Pair: pos = array([0.3 , 0.25])
48.8138 	EXP 	NL_Pair: text = '6I'
48.8138 	EXP 	number_reminder: text = 'F = Odd        J = Even'
48.8138 	EXP 	letter_reminder: text = ' '
48.8138 	EXP 	NL_Pair: autoDraw = True
48.8138 	EXP 	number_reminder: autoDraw = True
48.8138 	EXP 	letter_reminder: autoDraw = True
48.9185 	EXP 	New trial (rep=0, index=18): OrderedDict([('pair', '5U'), ('allowed', 'fj'), ('correct', 'f'), ('state', 'TopLeft'), ('position', [-0.3, 0.25]), ('num_reminder', 'F = Odd        J = Even'), ('lett_reminder', ' ')])
48.9261 	DATA 	Keypress: j
48.9307 	EXP 	NL_Pair: autoDraw = False
48.9307 	EXP 	number_reminder: autoDraw = False
48.9307 	EXP 	letter_reminder: autoDraw = False
48.9307 	EXP 	NL_Pair: pos = array([-0.3 ,  0.25])
48.9307 	EXP 	NL_Pair: text = '5U'
48.9307 	EXP 	number_reminder: text = 'F = Odd        J = Even'
48.9307 	EXP 	letter_reminder: text = ' '
48.9307 	EXP 	NL_Pair: autoDraw = True
48.9307 	EXP 	number_reminder: autoDraw = True
48.9307 	EXP 	letter_reminder: autoDraw = True
49.0520 	EXP 	New trial (rep=0, index=19): OrderedDict([('pair', '1M'), ('allowed', 'fj'), ('correct', 'f'), ('state', 'TopRight'), ('position', [0.3, 0.25]), ('num_reminder', 'F = Odd        J = Even'), ('lett_reminder', ' ')])
49.0596 	DATA 	Keypress: f
49.0638 	EXP 	NL_Pair: autoDraw = False
49.0638 	EXP 	number_reminder: autoDraw = False
49.0638 	EXP 	letter_reminder: autoDraw = False
49.0638 	EXP 	NL_Pair: pos = array([0.3 , 0.25])
49.0638 	EXP 	NL_Pair: text = '1M'
49.0638 	EXP 	number_reminder: text = 'F = Odd        J = Even'
49.0638 	EXP 	letter_reminder: text = ' '
49.0638 	EXP 	NL_Pair: autoDraw = True
49.0638 	EXP 	number_reminder: autoDraw = True
49.0638 	EXP 	letter_reminder: autoDraw = True
49.1682 	EXP 	New trial (rep=0, index=20): OrderedDict([('pair', '3M'), ('allowed', 'fj'), ('correct', 'f'), ('state', 'TopLeft'), ('position', [-0.3, 0.25]), ('num_reminder', 'F = Odd        J = Even'), ('lett_reminder', ' ')])
49.1794 	DATA 	Keypress: j
49.1972 	EXP 	NL_Pair: autoDraw = False
49.1972 	EXP 	number_reminder: autoDraw = False
49.1972 	EXP 	letter_reminder: autoDraw = False
49.1972 	EXP 	NL_Pair: pos = array([-0.3 ,  0.25])
49.1972 	EXP 	NL_Pair: text = '3M'
49.1972 	EXP 	number_reminder: text = 'F = Odd        J = Even'
49.1972 	EXP 	letter_reminder: text = ' '
49.1972 	EXP 	NL_Pair: autoDraw = True
49.1972 	EXP 	number_reminder: autoDraw = True
49.1972 	EXP 	letter_reminder: autoDraw = True
49.2858 	DATA 	Keypress: f
49.3017 	EXP 	New trial (rep=0, index=21): OrderedDict([('pair', '3K'), ('allowed', 'fj'), ('correct', 'f'), ('state', 'TopRight'), ('position', [0.3, 0.25]), ('num_reminder', 'F = Odd        J = Even'), ('lett_reminder', ' ')])
49.3140 	EXP 	NL_Pair: autoDraw = False
49.3140 	EXP 	number_reminder: autoDraw = False
49.3140 	EXP 	letter_reminder: autoDraw = False
49.3140 	EXP 	NL_Pair: pos = array([0.3 , 0.25])
49.3140 	EXP 	NL_Pair: text = '3K'
49.3140 	EXP 	number_reminder: text = 'F = Odd        J = Even'
49.3140 	EXP 	letter_reminder: text = ' '
49.3140 	EXP 	NL_Pair: autoDraw = True
49.3140 	EXP 	number_reminder: autoDraw = True
49.3140 	EXP 	letter_reminder: autoDraw = True
49.3851 	EXP 	New trial (rep=0, index=22): OrderedDict([('pair', '6E'), ('allowed', 'fj'), ('correct', 'j'), ('state', 'TopLeft'), ('position', [-0.3, 0.25]), ('num_reminder', 'F = Odd        J = Even'), ('lett_reminder', ' ')])
49.3926 	DATA 	Keypress: j
49.3969 	EXP 	NL_Pair: autoDraw = False
49.3969 	EXP 	number_reminder: autoDraw = False
49.3969 	EXP 	letter_reminder: autoDraw = False
49.3969 	EXP 	NL_Pair: pos = array([-0.3 ,  0.25])
49.3969 	EXP 	NL_Pair: text = '6E'
49.3969 	EXP 	number_reminder: text = 'F = Odd        J = Even'
49.3969 	EXP 	letter_reminder: text = ' '
49.3969 	EXP 	NL_Pair: autoDraw = True
49.3969 	EXP 	number_reminder: autoDraw = True
49.3969 	EXP 	letter_reminder: autoDraw = True
49.5017 	EXP 	New trial (rep=0, index=23): OrderedDict([('pair', '7I'), ('allowed', 'fj'), ('correct', 'f'), ('state', 'TopRight'), ('position', [0.3, 0.25]), ('num_reminder', 'F = Odd        J = Even'), ('lett_reminder', ' ')])
49.5093 	DATA 	Keypress: f
49.5138 	EXP 	NL_Pair: autoDraw = False
49.5138 	EXP 	number_reminder: autoDraw = False
49.5138 	EXP 	letter_reminder: autoDraw = False
49.5138 	EXP 	NL_Pair: pos = array([0.3 , 0.25])
49.5138 	EXP 	NL_Pair: text = '7I'
49.5138 	EXP 	number_reminder: text = 'F = Odd        J = Even'
49.5138 	EXP 	letter_reminder: text = ' '
49.5138 	EXP 	NL_Pair: autoDraw = True
49.5138 	EXP 	number_reminder: autoDraw = True
49.5138 	EXP 	letter_reminder: autoDraw = True
49.6176 	EXP 	New trial (rep=0, index=24): OrderedDict([('pair', '8E'), ('allowed', 'fj'), ('correct', 'j'), ('state', 'TopLeft'), ('position', [-0.3, 0.25]), ('num_reminder', 'F = Odd        J = Even'), ('lett_reminder', ' ')])
49.6253 	DATA 	Keypress: j
49.6308 	EXP 	NL_Pair: autoDraw = False
49.6308 	EXP 	number_reminder: autoDraw = False
49.6308 	EXP 	letter_reminder: autoDraw = False
49.6308 	EXP 	NL_Pair: pos = array([-0.3 ,  0.25])
49.6308 	EXP 	NL_Pair: text = '8E'
49.6308 	EXP 	number_reminder: text = 'F = Odd        J = Even'
49.6308 	EXP 	letter_reminder: text = ' '
49.6308 	EXP 	NL_Pair: autoDraw = True
49.6308 	EXP 	number_reminder: autoDraw = True
49.6308 	EXP 	letter_reminder: autoDraw = True
49.7351 	EXP 	New trial (rep=0, index=25): OrderedDict([('pair', '6A'), ('allowed', 'fj'), ('correct', 'j'), ('state', 'TopRight'), ('position', [0.3, 0.25]), ('num_reminder', 'F = Odd        J = Even'), ('lett_reminder', ' ')])
49.7427 	DATA 	Keypress: f
49.7473 	EXP 	NL_Pair: autoDraw = False
49.7473 	EXP 	number_reminder: autoDraw = False
49.7473 	EXP 	letter_reminder: autoDraw = False
49.7473 	EXP 	NL_Pair: pos = array([0.3 , 0.25])
49.7473 	EXP 	NL_Pair: text = '6A'
49.7473 	EXP 	number_reminder: text = 'F = Odd        J = Even'
49.7473 	EXP 	letter_reminder: text = ' '
49.7473 	EXP 	NL_Pair: autoDraw = True
49.7473 	EXP 	number_reminder: autoDraw = True
49.7473 	EXP 	letter_reminder: autoDraw = True
49.8181 	EXP 	New trial (rep=0, index=26): OrderedDict([('pair', '2U'), ('allowed', 'fj'), ('correct', 'j'), ('state', 'TopLeft'), ('position', [-0.3, 0.25]), ('num_reminder', 'F = Odd        J = Even'), ('lett_reminder', ' ')])
49.8258 	DATA 	Keypress: j
49.8303 	EXP 	NL_Pair: autoDraw = False
49.8303 	EXP 	number_reminder: autoDraw = False
49.8303 	EXP 	letter_reminder: autoDraw = False
49.8303 	EXP 	NL_Pair: pos = array([-0.3 ,  0.25])
49.8303 	EXP 	NL_Pair: text = '2U'
49.8303 	EXP 	number_reminder: text = 'F = Odd        J = Even'
49.8303 	EXP 	letter_reminder: text = ' '
49.8303 	EXP 	NL_Pair: autoDraw = True
49.8303 	EXP 	number_reminder: autoDraw = True
49.8303 	EXP 	letter_reminder: autoDraw = True
49.9687 	EXP 	New trial (rep=0, index=27): OrderedDict([('pair', '8R'), ('allowed', 'fj'), ('correct', 'j'), ('state', 'TopRight'), ('position', [0.3, 0.25]), ('num_reminder', 'F = Odd        J = Even'), ('lett_reminder', ' ')])
49.9773 	DATA 	Keypress: f
49.9972 	EXP 	NL_Pair: autoDraw = False
49.9972 	EXP 	number_reminder: autoDraw = False
49.9972 	EXP 	letter_reminder: autoDraw = False
49.9972 	EXP 	NL_Pair: pos = array([0.3 , 0.25])
49.9972 	EXP 	NL_Pair: text = '8R'
49.9972 	EXP 	number_reminder: text = 'F = Odd        J = Even'
49.9972 	EXP 	letter_reminder: text = ' '
49.9972 	EXP 	NL_Pair: autoDraw = True
49.9972 	EXP 	number_reminder: autoDraw = True
49.9972 	EXP 	letter_reminder: autoDraw = True
50.1185 	EXP 	New trial (rep=0, index=28): OrderedDict([('pair', '4A'), ('allowed', 'fj'), ('correct', 'j'), ('state', 'TopLeft'), ('position', [-0.3, 0.25]), ('num_reminder', 'F = Odd        J = Even'), ('lett_reminder', ' ')])
50.1304 	DATA 	Keypress: j
50.1472 	EXP 	NL_Pair: autoDraw = False
50.1472 	EXP 	number_reminder: autoDraw = False
50.1472 	EXP 	letter_reminder: autoDraw = False
50.1472 	EXP 	NL_Pair: pos = array([-0.3 ,  0.25])
50.1472 	EXP 	NL_Pair: text = '4A'
50.1472 	EXP 	number_reminder: text = 'F = Odd        J = Even'
50.1472 	EXP 	letter_reminder: text = ' '
50.1472 	EXP 	NL_Pair: autoDraw = True
50.1472 	EXP 	number_reminder: autoDraw = True
50.1472 	EXP 	letter_reminder: autoDraw = True
50.2351 	EXP 	New trial (rep=0, index=29): OrderedDict([('pair', '5R'), ('allowed', 'fj'), ('correct', 'f'), ('state', 'TopRight'), ('position', [0.3, 0.25]), ('num_reminder', 'F = Odd        J = Even'), ('lett_reminder', ' ')])
50.2426 	DATA 	Keypress: f
50.2472 	EXP 	NL_Pair: autoDraw = False
50.2472 	EXP 	number_reminder: autoDraw = False
50.2472 	EXP 	letter_reminder: autoDraw = False
50.2472 	EXP 	NL_Pair: pos = array([0.3 , 0.25])
50.2472 	EXP 	NL_Pair: text = '5R'
50.2472 	EXP 	number_reminder: text = 'F = Odd        J = Even'
50.2472 	EXP 	letter_reminder: text = ' '
50.2472 	EXP 	NL_Pair: autoDraw = True
50.2472 	EXP 	number_reminder: autoDraw = True
50.2472 	EXP 	letter_reminder: autoDraw = True
50.3189 	DATA 	Keypress: j
50.3345 	EXP 	New trial (rep=0, index=30): OrderedDict([('pair', '5K'), ('allowed', 'fj'), ('correct', 'f'), ('state', 'TopLeft'), ('position', [-0.3, 0.25]), ('num_reminder', 'F = Odd        J = Even'), ('lett_reminder', ' ')])
50.3472 	EXP 	NL_Pair: autoDraw = False
50.3472 	EXP 	number_reminder: autoDraw = False
50.3472 	EXP 	letter_reminder: autoDraw = False
50.3472 	EXP 	NL_Pair: pos = array([-0.3 ,  0.25])
50.3472 	EXP 	NL_Pair: text = '5K'
50.3472 	EXP 	number_reminder: text = 'F = Odd        J = Even'
50.3472 	EXP 	letter_reminder: text = ' '
50.3472 	EXP 	NL_Pair: autoDraw = True
50.3472 	EXP 	number_reminder: autoDraw = True
50.3472 	EXP 	letter_reminder: autoDraw = True
50.4696 	DATA 	Keypress: f
50.4854 	EXP 	New trial (rep=0, index=31): OrderedDict([('pair', '3U'), ('allowed', 'fj'), ('correct', 'f'), ('state', 'TopRight'), ('position', [0.3, 0.25]), ('num_reminder', 'F = Odd        J = Even'), ('lett_reminder', ' ')])
50.4972 	EXP 	NL_Pair: autoDraw = False
50.4972 	EXP 	number_reminder: autoDraw = False
50.4972 	EXP 	letter_reminder: autoDraw = False
50.4972 	EXP 	NL_Pair: pos = array([0.3 , 0.25])
50.4972 	EXP 	NL_Pair: text = '3U'
50.4972 	EXP 	number_reminder: text = 'F = Odd        J = Even'
50.4972 	EXP 	letter_reminder: text = ' '
50.4972 	EXP 	NL_Pair: autoDraw = True
50.4972 	EXP 	number_reminder: autoDraw = True
50.4972 	EXP 	letter_reminder: autoDraw = True
50.6529 	DATA 	Keypress: j
50.6636 	EXP 	NL_Pair: autoDraw = False
50.6636 	EXP 	number_reminder: autoDraw = False
50.6636 	EXP 	letter_reminder: autoDraw = False
50.6636 	EXP 	fdbk_txt: text = 'Good work! \n\nIn this second part, number-letter pairs will only appear on the bottom half of the screen. \n\nDecide if the letter is a consonant or a vowel. '
50.6636 	EXP 	fdbk_cont: text = 'Press SPACE for more instructions.'
50.6636 	EXP 	fdbk_txt: autoDraw = True
50.6636 	EXP 	fdbk_cont: autoDraw = True
50.7184 	DATA 	Keypress: f
50.8522 	DATA 	Keypress: j
54.1347 	EXP 	New trial (rep=0, index=1): OrderedDict([('block', 2), ('cond_file', 'NLT_Block_2.xlsx'), ('ready_msg', 'Respond by pressing…  \n        D if the letter is a consonant. \n        K if the letter is a vowel.\n\nRemember... \n        Consonants are G, K, M, and R.\n        Vowels are A, E, I, and U.\n\nThere will be a cue at the bottom of the screen.'), ('fdbk_msg', 'Good work! \n\nIn this third and final part, number-letter pairs will appear on the top and bottom of the screen. '), ('fdbk_cont_msg', 'Press SPACE for more instructions.')])
54.2197 	DATA 	Keypress: space
54.2302 	EXP 	fdbk_txt: autoDraw = False
54.2302 	EXP 	fdbk_cont: autoDraw = False
54.2302 	EXP 	rdy_txt: text = 'Respond by pressing…  \n        D if the letter is a consonant. \n        K if the letter is a vowel.\n\nRemember... \n        Consonants are G, K, M, and R.\n        Vowels are A, E, I, and U.\n\nThere will be a cue at the bottom of the screen.'
54.2302 	EXP 	rdy_txt: autoDraw = True
54.2302 	EXP 	rdy_cont: autoDraw = True
56.9348 	DATA 	Keypress: space
56.9601 	EXP 	Imported NLT_Block_2.xlsx as conditions, 32 conditions, 7 params
56.9604 	EXP 	Created sequence: sequential, trialTypes=32, nReps=1, seed=None
56.9607 	EXP 	New trial (rep=0, index=0): OrderedDict([('pair', '3R'), ('allowed', 'dk'), ('correct', 'd'), ('state', 'BottomLeft'), ('position', [-0.3, -0.25]), ('num_reminder', ' '), ('lett_reminder', 'D = Consonant        K = Vowel')])
56.9973 	EXP 	rdy_txt: autoDraw = False
56.9973 	EXP 	rdy_cont: autoDraw = False
56.9973 	EXP 	NL_Pair: pos = array([-0.3 , -0.25])
56.9973 	EXP 	NL_Pair: text = '3R'
56.9973 	EXP 	number_reminder: text = ' '
56.9973 	EXP 	letter_reminder: text = 'D = Consonant        K = Vowel'
56.9973 	EXP 	NL_Pair: autoDraw = True
56.9973 	EXP 	number_reminder: autoDraw = True
56.9973 	EXP 	letter_reminder: autoDraw = True
58.7685 	EXP 	New trial (rep=0, index=1): OrderedDict([('pair', '8I'), ('allowed', 'dk'), ('correct', 'k'), ('state', 'BottomRight'), ('position', [0.3, -0.25]), ('num_reminder', ' '), ('lett_reminder', 'D = Consonant        K = Vowel')])
58.7769 	DATA 	Keypress: d
58.7803 	EXP 	NL_Pair: autoDraw = False
58.7803 	EXP 	number_reminder: autoDraw = False
58.7803 	EXP 	letter_reminder: autoDraw = False
58.7803 	EXP 	NL_Pair: pos = array([ 0.3 , -0.25])
58.7803 	EXP 	NL_Pair: text = '8I'
58.7803 	EXP 	number_reminder: text = ' '
58.7803 	EXP 	letter_reminder: text = 'D = Consonant        K = Vowel'
58.7803 	EXP 	NL_Pair: autoDraw = True
58.7803 	EXP 	number_reminder: autoDraw = True
58.7803 	EXP 	letter_reminder: autoDraw = True
58.9850 	EXP 	New trial (rep=0, index=2): OrderedDict([('pair', '2A'), ('allowed', 'dk'), ('correct', 'k'), ('state', 'BottomLeft'), ('position', [-0.3, -0.25]), ('num_reminder', ' '), ('lett_reminder', 'D = Consonant        K = Vowel')])
58.9925 	DATA 	Keypress: k
58.9970 	EXP 	NL_Pair: autoDraw = False
58.9970 	EXP 	number_reminder: autoDraw = False
58.9970 	EXP 	letter_reminder: autoDraw = False
58.9970 	EXP 	NL_Pair: pos = array([-0.3 , -0.25])
58.9970 	EXP 	NL_Pair: text = '2A'
58.9970 	EXP 	number_reminder: text = ' '
58.9970 	EXP 	letter_reminder: text = 'D = Consonant        K = Vowel'
58.9970 	EXP 	NL_Pair: autoDraw = True
58.9970 	EXP 	number_reminder: autoDraw = True
58.9970 	EXP 	letter_reminder: autoDraw = True
59.1516 	EXP 	New trial (rep=0, index=3): OrderedDict([('pair', '8A'), ('allowed', 'dk'), ('correct', 'k'), ('state', 'BottomRight'), ('position', [0.3, -0.25]), ('num_reminder', ' '), ('lett_reminder', 'D = Consonant        K = Vowel')])
59.1592 	DATA 	Keypress: d
59.1636 	EXP 	NL_Pair: autoDraw = False
59.1636 	EXP 	number_reminder: autoDraw = False
59.1636 	EXP 	letter_reminder: autoDraw = False
59.1636 	EXP 	NL_Pair: pos = array([ 0.3 , -0.25])
59.1636 	EXP 	NL_Pair: text = '8A'
59.1636 	EXP 	number_reminder: text = ' '
59.1636 	EXP 	letter_reminder: text = 'D = Consonant        K = Vowel'
59.1636 	EXP 	NL_Pair: autoDraw = True
59.1636 	EXP 	number_reminder: autoDraw = True
59.1636 	EXP 	letter_reminder: autoDraw = True
59.2675 	EXP 	New trial (rep=0, index=4): OrderedDict([('pair', '9G'), ('allowed', 'dk'), ('correct', 'd'), ('state', 'BottomLeft'), ('position', [-0.3, -0.25]), ('num_reminder', ' '), ('lett_reminder', 'D = Consonant        K = Vowel')])
59.2752 	DATA 	Keypress: k
59.2805 	EXP 	NL_Pair: autoDraw = False
59.2805 	EXP 	number_reminder: autoDraw = False
59.2805 	EXP 	letter_reminder: autoDraw = False
59.2805 	EXP 	NL_Pair: pos = array([-0.3 , -0.25])
59.2805 	EXP 	NL_Pair: text = '9G'
59.2805 	EXP 	number_reminder: text = ' '
59.2805 	EXP 	letter_reminder: text = 'D = Consonant        K = Vowel'
59.2805 	EXP 	NL_Pair: autoDraw = True
59.2805 	EXP 	number_reminder: autoDraw = True
59.2805 	EXP 	letter_reminder: autoDraw = True
59.3848 	EXP 	New trial (rep=0, index=5): OrderedDict([('pair', '4K'), ('allowed', 'dk'), ('correct', 'd'), ('state', 'BottomRight'), ('position', [0.3, -0.25]), ('num_reminder', ' '), ('lett_reminder', 'D = Consonant        K = Vowel')])
59.3925 	DATA 	Keypress: d
59.3970 	EXP 	NL_Pair: autoDraw = False
59.3970 	EXP 	number_reminder: autoDraw = False
59.3970 	EXP 	letter_reminder: autoDraw = False
59.3970 	EXP 	NL_Pair: pos = array([ 0.3 , -0.25])
59.3970 	EXP 	NL_Pair: text = '4K'
59.3970 	EXP 	number_reminder: text = ' '
59.3970 	EXP 	letter_reminder: text = 'D = Consonant        K = Vowel'
59.3970 	EXP 	NL_Pair: autoDraw = True
59.3970 	EXP 	number_reminder: autoDraw = True
59.3970 	EXP 	letter_reminder: autoDraw = True
59.5020 	DATA 	Keypress: k
59.5187 	EXP 	New trial (rep=0, index=6): OrderedDict([('pair', '1U'), ('allowed', 'dk'), ('correct', 'k'), ('state', 'BottomLeft'), ('position', [-0.3, -0.25]), ('num_reminder', ' '), ('lett_reminder', 'D = Consonant        K = Vowel')])
59.5305 	EXP 	NL_Pair: autoDraw = False
59.5305 	EXP 	number_reminder: autoDraw = False
59.5305 	EXP 	letter_reminder: autoDraw = False
59.5305 	EXP 	NL_Pair: pos = array([-0.3 , -0.25])
59.5305 	EXP 	NL_Pair: text = '1U'
59.5305 	EXP 	number_reminder: text = ' '
59.5305 	EXP 	letter_reminder: text = 'D = Consonant        K = Vowel'
59.5305 	EXP 	NL_Pair: autoDraw = True
59.5305 	EXP 	number_reminder: autoDraw = True
59.5305 	EXP 	letter_reminder: autoDraw = True
59.6181 	EXP 	New trial (rep=0, index=7): OrderedDict([('pair', '8G'), ('allowed', 'dk'), ('correct', 'd'), ('state', 'BottomRight'), ('position', [0.3, -0.25]), ('num_reminder', ' '), ('lett_reminder', 'D = Consonant        K = Vowel')])
59.6256 	DATA 	Keypress: d
59.6301 	EXP 	NL_Pair: autoDraw = False
59.6301 	EXP 	number_reminder: autoDraw = False
59.6301 	EXP 	letter_reminder: autoDraw = False
59.6301 	EXP 	NL_Pair: pos = array([ 0.3 , -0.25])
59.6301 	EXP 	NL_Pair: text = '8G'
59.6301 	EXP 	number_reminder: text = ' '
59.6301 	EXP 	letter_reminder: text = 'D = Consonant        K = Vowel'
59.6301 	EXP 	NL_Pair: autoDraw = True
59.6301 	EXP 	number_reminder: autoDraw = True
59.6301 	EXP 	letter_reminder: autoDraw = True
59.7518 	EXP 	New trial (rep=0, index=8): OrderedDict([('pair', '7R'), ('allowed', 'dk'), ('correct', 'd'), ('state', 'BottomLeft'), ('position', [-0.3, -0.25]), ('num_reminder', ' '), ('lett_reminder', 'D = Consonant        K = Vowel')])
59.7594 	DATA 	Keypress: k
59.7636 	EXP 	NL_Pair: autoDraw = False
59.7636 	EXP 	number_reminder: autoDraw = False
59.7636 	EXP 	letter_reminder: autoDraw = False
59.7636 	EXP 	NL_Pair: pos = array([-0.3 , -0.25])
59.7636 	EXP 	NL_Pair: text = '7R'
59.7636 	EXP 	number_reminder: text = ' '
59.7636 	EXP 	letter_reminder: text = 'D = Consonant        K = Vowel'
59.7636 	EXP 	NL_Pair: autoDraw = True
59.7636 	EXP 	number_reminder: autoDraw = True
59.7636 	EXP 	letter_reminder: autoDraw = True
59.8687 	DATA 	Keypress: d
59.8850 	EXP 	New trial (rep=0, index=9): OrderedDict([('pair', '1K'), ('allowed', 'dk'), ('correct', 'd'), ('state', 'BottomRight'), ('position', [0.3, -0.25]), ('num_reminder', ' '), ('lett_reminder', 'D = Consonant        K = Vowel')])
59.9139 	EXP 	NL_Pair: autoDraw = False
59.9139 	EXP 	number_reminder: autoDraw = False
59.9139 	EXP 	letter_reminder: autoDraw = False
59.9139 	EXP 	NL_Pair: pos = array([ 0.3 , -0.25])
59.9139 	EXP 	NL_Pair: text = '1K'
59.9139 	EXP 	number_reminder: text = ' '
59.9139 	EXP 	letter_reminder: text = 'D = Consonant        K = Vowel'
59.9139 	EXP 	NL_Pair: autoDraw = True
59.9139 	EXP 	number_reminder: autoDraw = True
59.9139 	EXP 	letter_reminder: autoDraw = True
59.9683 	EXP 	New trial (rep=0, index=10): OrderedDict([('pair', '5E'), ('allowed', 'dk'), ('correct', 'k'), ('state', 'BottomLeft'), ('position', [-0.3, -0.25]), ('num_reminder', ' '), ('lett_reminder', 'D = Consonant        K = Vowel')])
59.9768 	DATA 	Keypress: k
59.9801 	EXP 	NL_Pair: autoDraw = False
59.9801 	EXP 	number_reminder: autoDraw = False
59.9801 	EXP 	letter_reminder: autoDraw = False
59.9801 	EXP 	NL_Pair: pos = array([-0.3 , -0.25])
59.9801 	EXP 	NL_Pair: text = '5E'
59.9801 	EXP 	number_reminder: text = ' '
59.9801 	EXP 	letter_reminder: text = 'D = Consonant        K = Vowel'
59.9801 	EXP 	NL_Pair: autoDraw = True
59.9801 	EXP 	number_reminder: autoDraw = True
59.9801 	EXP 	letter_reminder: autoDraw = True
60.1008 	EXP 	New trial (rep=0, index=11): OrderedDict([('pair', '7E'), ('allowed', 'dk'), ('correct', 'k'), ('state', 'BottomRight'), ('position', [0.3, -0.25]), ('num_reminder', ' '), ('lett_reminder', 'D = Consonant        K = Vowel')])
60.1094 	DATA 	Keypress: d
60.1136 	EXP 	NL_Pair: autoDraw = False
60.1136 	EXP 	number_reminder: autoDraw = False
60.1136 	EXP 	letter_reminder: autoDraw = False
60.1136 	EXP 	NL_Pair: pos = array([ 0.3 , -0.25])
60.1136 	EXP 	NL_Pair: text = '7E'
60.1136 	EXP 	number_reminder: text = ' '
60.1136 	EXP 	letter_reminder: text = 'D = Consonant        K = Vowel'
60.1136 	EXP 	NL_Pair: autoDraw = True
60.1136 	EXP 	number_reminder: autoDraw = True
60.1136 	EXP 	letter_reminder: autoDraw = True
60.2348 	EXP 	New trial (rep=0, index=12): OrderedDict([('pair', '2M'), ('allowed', 'dk'), ('correct', 'd'), ('state', 'BottomLeft'), ('position', [-0.3, -0.25]), ('num_reminder', ' '), ('lett_reminder', 'D = Consonant        K = Vowel')])
60.2424 	DATA 	Keypress: k
60.2469 	EXP 	NL_Pair: autoDraw = False
60.2469 	EXP 	number_reminder: autoDraw = False
60.2469 	EXP 	letter_reminder: autoDraw = False
60.2469 	EXP 	NL_Pair: pos = array([-0.3 , -0.25])
60.2469 	EXP 	NL_Pair: text = '2M'
60.2469 	EXP 	number_reminder: text = ' '
60.2469 	EXP 	letter_reminder: text = 'D = Consonant        K = Vowel'
60.2469 	EXP 	NL_Pair: autoDraw = True
60.2469 	EXP 	number_reminder: autoDraw = True
60.2469 	EXP 	letter_reminder: autoDraw = True
60.3013 	DATA 	Keypress: d
60.3183 	EXP 	New trial (rep=0, index=13): OrderedDict([('pair', '9A'), ('allowed', 'dk'), ('correct', 'k'), ('state', 'BottomRight'), ('position', [0.3, -0.25]), ('num_reminder', ' '), ('lett_reminder', 'D = Consonant        K = Vowel')])
60.3305 	EXP 	NL_Pair: autoDraw = False
60.3305 	EXP 	number_reminder: autoDraw = False
60.3305 	EXP 	letter_reminder: autoDraw = False
60.3305 	EXP 	NL_Pair: pos = array([ 0.3 , -0.25])
60.3305 	EXP 	NL_Pair: text = '9A'
60.3305 	EXP 	number_reminder: text = ' '
60.3305 	EXP 	letter_reminder: text = 'D = Consonant        K = Vowel'
60.3305 	EXP 	NL_Pair: autoDraw = True
60.3305 	EXP 	number_reminder: autoDraw = True
60.3305 	EXP 	letter_reminder: autoDraw = True
60.4346 	EXP 	New trial (rep=0, index=14): OrderedDict([('pair', '4G'), ('allowed', 'dk'), ('correct', 'd'), ('state', 'BottomLeft'), ('position', [-0.3, -0.25]), ('num_reminder', ' '), ('lett_reminder', 'D = Consonant        K = Vowel')])
60.4422 	DATA 	Keypress: k
60.4469 	EXP 	NL_Pair: autoDraw = False
60.4469 	EXP 	number_reminder: autoDraw = False
60.4469 	EXP 	letter_reminder: autoDraw = False
60.4469 	EXP 	NL_Pair: pos = array([-0.3 , -0.25])
60.4469 	EXP 	NL_Pair: text = '4G'
60.4469 	EXP 	number_reminder: text = ' '
60.4469 	EXP 	letter_reminder: text = 'D = Consonant        K = Vowel'
60.4469 	EXP 	NL_Pair: autoDraw = True
60.4469 	EXP 	number_reminder: autoDraw = True
60.4469 	EXP 	letter_reminder: autoDraw = True
60.5684 	EXP 	New trial (rep=0, index=15): OrderedDict([('pair', '4U'), ('allowed', 'dk'), ('correct', 'k'), ('state', 'BottomRight'), ('position', [0.3, -0.25]), ('num_reminder', ' '), ('lett_reminder', 'D = Consonant        K = Vowel')])
60.5761 	DATA 	Keypress: d
60.5805 	EXP 	NL_Pair: autoDraw = False
60.5805 	EXP 	number_reminder: autoDraw = False
60.5805 	EXP 	letter_reminder: autoDraw = False
60.5805 	EXP 	NL_Pair: pos = array([ 0.3 , -0.25])
60.5805 	EXP 	NL_Pair: text = '4U'
60.5805 	EXP 	number_reminder: text = ' '
60.5805 	EXP 	letter_reminder: text = 'D = Consonant        K = Vowel'
60.5805 	EXP 	NL_Pair: autoDraw = True
60.5805 	EXP 	number_reminder: autoDraw = True
60.5805 	EXP 	letter_reminder: autoDraw = True
60.6678 	EXP 	New trial (rep=0, index=16): OrderedDict([('pair', '9M'), ('allowed', 'dk'), ('correct', 'd'), ('state', 'BottomLeft'), ('position', [-0.3, -0.25]), ('num_reminder', ' '), ('lett_reminder', 'D = Consonant        K = Vowel')])
60.6755 	DATA 	Keypress: k
60.6800 	EXP 	NL_Pair: autoDraw = False
60.6800 	EXP 	number_reminder: autoDraw = False
60.6800 	EXP 	letter_reminder: autoDraw = False
60.6800 	EXP 	NL_Pair: pos = array([-0.3 , -0.25])
60.6800 	EXP 	NL_Pair: text = '9M'
60.6800 	EXP 	number_reminder: text = ' '
60.6800 	EXP 	letter_reminder: text = 'D = Consonant        K = Vowel'
60.6800 	EXP 	NL_Pair: autoDraw = True
60.6800 	EXP 	number_reminder: autoDraw = True
60.6800 	EXP 	letter_reminder: autoDraw = True
60.7678 	EXP 	New trial (rep=0, index=17): OrderedDict([('pair', '6U'), ('allowed', 'dk'), ('correct', 'k'), ('state', 'BottomRight'), ('position', [0.3, -0.25]), ('num_reminder', ' '), ('lett_reminder', 'D = Consonant        K = Vowel')])
60.7755 	DATA 	Keypress: d
60.7803 	EXP 	NL_Pair: autoDraw = False
60.7803 	EXP 	number_reminder: autoDraw = False
60.7803 	EXP 	letter_reminder: autoDraw = False
60.7803 	EXP 	NL_Pair: pos = array([ 0.3 , -0.25])
60.7803 	EXP 	NL_Pair: text = '6U'
60.7803 	EXP 	number_reminder: text = ' '
60.7803 	EXP 	letter_reminder: text = 'D = Consonant        K = Vowel'
60.7803 	EXP 	NL_Pair: autoDraw = True
60.7803 	EXP 	number_reminder: autoDraw = True
60.7803 	EXP 	letter_reminder: autoDraw = True
60.8849 	EXP 	New trial (rep=0, index=18): OrderedDict([('pair', '9R'), ('allowed', 'dk'), ('correct', 'd'), ('state', 'BottomLeft'), ('position', [-0.3, -0.25]), ('num_reminder', ' '), ('lett_reminder', 'D = Consonant        K = Vowel')])
60.8924 	DATA 	Keypress: k
60.8972 	EXP 	NL_Pair: autoDraw = False
60.8972 	EXP 	number_reminder: autoDraw = False
60.8972 	EXP 	letter_reminder: autoDraw = False
60.8972 	EXP 	NL_Pair: pos = array([-0.3 , -0.25])
60.8972 	EXP 	NL_Pair: text = '9R'
60.8972 	EXP 	number_reminder: text = ' '
60.8972 	EXP 	letter_reminder: text = 'D = Consonant        K = Vowel'
60.8972 	EXP 	NL_Pair: autoDraw = True
60.8972 	EXP 	number_reminder: autoDraw = True
60.8972 	EXP 	letter_reminder: autoDraw = True
61.0185 	EXP 	New trial (rep=0, index=19): OrderedDict([('pair', '7U'), ('allowed', 'dk'), ('correct', 'k'), ('state', 'BottomRight'), ('position', [0.3, -0.25]), ('num_reminder', ' '), ('lett_reminder', 'D = Consonant        K = Vowel')])
61.0262 	DATA 	Keypress: d
61.0305 	EXP 	NL_Pair: autoDraw = False
61.0305 	EXP 	number_reminder: autoDraw = False
61.0305 	EXP 	letter_reminder: autoDraw = False
61.0305 	EXP 	NL_Pair: pos = array([ 0.3 , -0.25])
61.0305 	EXP 	NL_Pair: text = '7U'
61.0305 	EXP 	number_reminder: text = ' '
61.0305 	EXP 	letter_reminder: text = 'D = Consonant        K = Vowel'
61.0305 	EXP 	NL_Pair: autoDraw = True
61.0305 	EXP 	number_reminder: autoDraw = True
61.0305 	EXP 	letter_reminder: autoDraw = True
61.1185 	DATA 	Keypress: k
61.1347 	EXP 	New trial (rep=0, index=20): OrderedDict([('pair', '1I'), ('allowed', 'dk'), ('correct', 'k'), ('state', 'BottomLeft'), ('position', [-0.3, -0.25]), ('num_reminder', ' '), ('lett_reminder', 'D = Consonant        K = Vowel')])
61.1468 	EXP 	NL_Pair: autoDraw = False
61.1468 	EXP 	number_reminder: autoDraw = False
61.1468 	EXP 	letter_reminder: autoDraw = False
61.1468 	EXP 	NL_Pair: pos = array([-0.3 , -0.25])
61.1468 	EXP 	NL_Pair: text = '1I'
61.1468 	EXP 	number_reminder: text = ' '
61.1468 	EXP 	letter_reminder: text = 'D = Consonant        K = Vowel'
61.1468 	EXP 	NL_Pair: autoDraw = True
61.1468 	EXP 	number_reminder: autoDraw = True
61.1468 	EXP 	letter_reminder: autoDraw = True
61.2181 	EXP 	New trial (rep=0, index=21): OrderedDict([('pair', '9K'), ('allowed', 'dk'), ('correct', 'd'), ('state', 'BottomRight'), ('position', [0.3, -0.25]), ('num_reminder', ' '), ('lett_reminder', 'D = Consonant        K = Vowel')])
61.2257 	DATA 	Keypress: d
61.2301 	EXP 	NL_Pair: autoDraw = False
61.2301 	EXP 	number_reminder: autoDraw = False
61.2301 	EXP 	letter_reminder: autoDraw = False
61.2301 	EXP 	NL_Pair: pos = array([ 0.3 , -0.25])
61.2301 	EXP 	NL_Pair: text = '9K'
61.2301 	EXP 	number_reminder: text = ' '
61.2301 	EXP 	letter_reminder: text = 'D = Consonant        K = Vowel'
61.2301 	EXP 	NL_Pair: autoDraw = True
61.2301 	EXP 	number_reminder: autoDraw = True
61.2301 	EXP 	letter_reminder: autoDraw = True
61.3349 	EXP 	New trial (rep=0, index=22): OrderedDict([('pair', '4M'), ('allowed', 'dk'), ('correct', 'd'), ('state', 'BottomLeft'), ('position', [-0.3, -0.25]), ('num_reminder', ' '), ('lett_reminder', 'D = Consonant        K = Vowel')])
61.3424 	DATA 	Keypress: k
61.3470 	EXP 	NL_Pair: autoDraw = False
61.3470 	EXP 	number_reminder: autoDraw = False
61.3470 	EXP 	letter_reminder: autoDraw = False
61.3470 	EXP 	NL_Pair: pos = array([-0.3 , -0.25])
61.3470 	EXP 	NL_Pair: text = '4M'
61.3470 	EXP 	number_reminder: text = ' '
61.3470 	EXP 	letter_reminder: text = 'D = Consonant        K = Vowel'
61.3470 	EXP 	NL_Pair: autoDraw = True
61.3470 	EXP 	number_reminder: autoDraw = True
61.3470 	EXP 	letter_reminder: autoDraw = True
61.4682 	EXP 	New trial (rep=0, index=23): OrderedDict([('pair', '6K'), ('allowed', 'dk'), ('correct', 'd'), ('state', 'BottomRight'), ('position', [0.3, -0.25]), ('num_reminder', ' '), ('lett_reminder', 'D = Consonant        K = Vowel')])
61.4757 	DATA 	Keypress: d
61.4803 	EXP 	NL_Pair: autoDraw = False
61.4803 	EXP 	number_reminder: autoDraw = False
61.4803 	EXP 	letter_reminder: autoDraw = False
61.4803 	EXP 	NL_Pair: pos = array([ 0.3 , -0.25])
61.4803 	EXP 	NL_Pair: text = '6K'
61.4803 	EXP 	number_reminder: text = ' '
61.4803 	EXP 	letter_reminder: text = 'D = Consonant        K = Vowel'
61.4803 	EXP 	NL_Pair: autoDraw = True
61.4803 	EXP 	number_reminder: autoDraw = True
61.4803 	EXP 	letter_reminder: autoDraw = True
61.5840 	EXP 	New trial (rep=0, index=24): OrderedDict([('pair', '3A'), ('allowed', 'dk'), ('correct', 'k'), ('state', 'BottomLeft'), ('position', [-0.3, -0.25]), ('num_reminder', ' '), ('lett_reminder', 'D = Consonant        K = Vowel')])
61.5916 	DATA 	Keypress: k
61.5969 	EXP 	NL_Pair: autoDraw = False
61.5969 	EXP 	number_reminder: autoDraw = False
61.5969 	EXP 	letter_reminder: autoDraw = False
61.5969 	EXP 	NL_Pair: pos = array([-0.3 , -0.25])
61.5969 	EXP 	NL_Pair: text = '3A'
61.5969 	EXP 	number_reminder: text = ' '
61.5969 	EXP 	letter_reminder: text = 'D = Consonant        K = Vowel'
61.5969 	EXP 	NL_Pair: autoDraw = True
61.5969 	EXP 	number_reminder: autoDraw = True
61.5969 	EXP 	letter_reminder: autoDraw = True
61.6841 	EXP 	New trial (rep=0, index=25): OrderedDict([('pair', '6G'), ('allowed', 'dk'), ('correct', 'd'), ('state', 'BottomRight'), ('position', [0.3, -0.25]), ('num_reminder', ' '), ('lett_reminder', 'D = Consonant        K = Vowel')])
61.6918 	DATA 	Keypress: d
61.6969 	EXP 	NL_Pair: autoDraw = False
61.6969 	EXP 	number_reminder: autoDraw = False
61.6969 	EXP 	letter_reminder: autoDraw = False
61.6969 	EXP 	NL_Pair: pos = array([ 0.3 , -0.25])
61.6969 	EXP 	NL_Pair: text = '6G'
61.6969 	EXP 	number_reminder: text = ' '
61.6969 	EXP 	letter_reminder: text = 'D = Consonant        K = Vowel'
61.6969 	EXP 	NL_Pair: autoDraw = True
61.6969 	EXP 	number_reminder: autoDraw = True
61.6969 	EXP 	letter_reminder: autoDraw = True
61.8015 	EXP 	New trial (rep=0, index=26): OrderedDict([('pair', '7G'), ('allowed', 'dk'), ('correct', 'd'), ('state', 'BottomLeft'), ('position', [-0.3, -0.25]), ('num_reminder', ' '), ('lett_reminder', 'D = Consonant        K = Vowel')])
61.8091 	DATA 	Keypress: k
61.8135 	EXP 	NL_Pair: autoDraw = False
61.8135 	EXP 	number_reminder: autoDraw = False
61.8135 	EXP 	letter_reminder: autoDraw = False
61.8135 	EXP 	NL_Pair: pos = array([-0.3 , -0.25])
61.8135 	EXP 	NL_Pair: text = '7G'
61.8135 	EXP 	number_reminder: text = ' '
61.8135 	EXP 	letter_reminder: text = 'D = Consonant        K = Vowel'
61.8135 	EXP 	NL_Pair: autoDraw = True
61.8135 	EXP 	number_reminder: autoDraw = True
61.8135 	EXP 	letter_reminder: autoDraw = True
61.9342 	EXP 	New trial (rep=0, index=27): OrderedDict([('pair', '2I'), ('allowed', 'dk'), ('correct', 'k'), ('state', 'BottomRight'), ('position', [0.3, -0.25]), ('num_reminder', ' '), ('lett_reminder', 'D = Consonant        K = Vowel')])
61.9418 	DATA 	Keypress: d
61.9468 	EXP 	NL_Pair: autoDraw = False
61.9468 	EXP 	number_reminder: autoDraw = False
61.9468 	EXP 	letter_reminder: autoDraw = False
61.9468 	EXP 	NL_Pair: pos = array([ 0.3 , -0.25])
61.9468 	EXP 	NL_Pair: text = '2I'
61.9468 	EXP 	number_reminder: text = ' '
61.9468 	EXP 	letter_reminder: text = 'D = Consonant        K = Vowel'
61.9468 	EXP 	NL_Pair: autoDraw = True
61.9468 	EXP 	number_reminder: autoDraw = True
61.9468 	EXP 	letter_reminder: autoDraw = True
62.0515 	EXP 	New trial (rep=0, index=28): OrderedDict([('pair', '5I'), ('allowed', 'dk'), ('correct', 'k'), ('state', 'BottomLeft'), ('position', [-0.3, -0.25]), ('num_reminder', ' '), ('lett_reminder', 'D = Consonant        K = Vowel')])
62.0590 	DATA 	Keypress: k
62.0635 	EXP 	NL_Pair: autoDraw = False
62.0635 	EXP 	number_reminder: autoDraw = False
62.0635 	EXP 	letter_reminder: autoDraw = False
62.0635 	EXP 	NL_Pair: pos = array([-0.3 , -0.25])
62.0635 	EXP 	NL_Pair: text = '5I'
62.0635 	EXP 	number_reminder: text = ' '
62.0635 	EXP 	letter_reminder: text = 'D = Consonant        K = Vowel'
62.0635 	EXP 	NL_Pair: autoDraw = True
62.0635 	EXP 	number_reminder: autoDraw = True
62.0635 	EXP 	letter_reminder: autoDraw = True
62.1348 	DATA 	Keypress: d
62.1514 	EXP 	New trial (rep=0, index=29): OrderedDict([('pair', '4R'), ('allowed', 'dk'), ('correct', 'd'), ('state', 'BottomRight'), ('position', [0.3, -0.25]), ('num_reminder', ' '), ('lett_reminder', 'D = Consonant        K = Vowel')])
62.1634 	EXP 	NL_Pair: autoDraw = False
62.1634 	EXP 	number_reminder: autoDraw = False
62.1634 	EXP 	letter_reminder: autoDraw = False
62.1634 	EXP 	NL_Pair: pos = array([ 0.3 , -0.25])
62.1634 	EXP 	NL_Pair: text = '4R'
62.1634 	EXP 	number_reminder: text = ' '
62.1634 	EXP 	letter_reminder: text = 'D = Consonant        K = Vowel'
62.1634 	EXP 	NL_Pair: autoDraw = True
62.1634 	EXP 	number_reminder: autoDraw = True
62.1634 	EXP 	letter_reminder: autoDraw = True
62.2697 	DATA 	Keypress: k
62.2848 	EXP 	New trial (rep=0, index=30): OrderedDict([('pair', '8U'), ('allowed', 'dk'), ('correct', 'k'), ('state', 'BottomLeft'), ('position', [-0.3, -0.25]), ('num_reminder', ' '), ('lett_reminder', 'D = Consonant        K = Vowel')])
62.2968 	EXP 	NL_Pair: autoDraw = False
62.2968 	EXP 	number_reminder: autoDraw = False
62.2968 	EXP 	letter_reminder: autoDraw = False
62.2968 	EXP 	NL_Pair: pos = array([-0.3 , -0.25])
62.2968 	EXP 	NL_Pair: text = '8U'
62.2968 	EXP 	number_reminder: text = ' '
62.2968 	EXP 	letter_reminder: text = 'D = Consonant        K = Vowel'
62.2968 	EXP 	NL_Pair: autoDraw = True
62.2968 	EXP 	number_reminder: autoDraw = True
62.2968 	EXP 	letter_reminder: autoDraw = True
62.3679 	EXP 	New trial (rep=0, index=31): OrderedDict([('pair', '5A'), ('allowed', 'dk'), ('correct', 'k'), ('state', 'BottomRight'), ('position', [0.3, -0.25]), ('num_reminder', ' '), ('lett_reminder', 'D = Consonant        K = Vowel')])
62.3755 	DATA 	Keypress: d
62.3800 	EXP 	NL_Pair: autoDraw = False
62.3800 	EXP 	number_reminder: autoDraw = False
62.3800 	EXP 	letter_reminder: autoDraw = False
62.3800 	EXP 	NL_Pair: pos = array([ 0.3 , -0.25])
62.3800 	EXP 	NL_Pair: text = '5A'
62.3800 	EXP 	number_reminder: text = ' '
62.3800 	EXP 	letter_reminder: text = 'D = Consonant        K = Vowel'
62.3800 	EXP 	NL_Pair: autoDraw = True
62.3800 	EXP 	number_reminder: autoDraw = True
62.3800 	EXP 	letter_reminder: autoDraw = True
62.4859 	DATA 	Keypress: k
62.5471 	EXP 	NL_Pair: autoDraw = False
62.5471 	EXP 	number_reminder: autoDraw = False
62.5471 	EXP 	letter_reminder: autoDraw = False
62.5471 	EXP 	fdbk_txt: text = 'Good work! \n\nIn this third and final part, number-letter pairs will appear on the top and bottom of the screen. '
62.5471 	EXP 	fdbk_cont: text = 'Press SPACE for more instructions.'
62.5471 	EXP 	fdbk_txt: autoDraw = True
62.5471 	EXP 	fdbk_cont: autoDraw = True
62.6351 	DATA 	Keypress: d
62.7352 	DATA 	Keypress: k
66.7351 	DATA 	Keypress: space
66.7504 	EXP 	New trial (rep=0, index=2): OrderedDict([('block', 3), ('cond_file', 'NLT_Block_3.xlsx'), ('ready_msg', 'If the pair appears in the top half…\n        Decide if the number is odd or even.\n\nIf the pair appears in the bottom half…\n        Decide if the letter is a consonant or a vowel. \n\nRespond by pressing \n        F if the number is odd\n        J if the number is even\n        D if the letter is a consonant \n        K if the letter is a vowel\n\nThere will be cues at the top and bottom of the screen.'), ('fdbk_msg', 'Good work! \n\nYou’ve finished this task.'), ('fdbk_cont_msg', 'Press SPACE to end.')])
67.0464 	EXP 	fdbk_txt: autoDraw = False
67.0464 	EXP 	fdbk_cont: autoDraw = False
67.0464 	EXP 	rdy_txt: text = 'If the pair appears in the top half…\n        Decide if the number is odd or even.\n\nIf the pair appears in the bottom half…\n        Decide if the letter is a consonant or a vowel. \n\nRespond by pressing \n        F if the number is odd\n        J if the number is even\n        D if the letter is a consonant \n        K if the letter is a vowel\n\nThere will be cues at the top and bottom of the screen.'
67.0464 	EXP 	rdy_txt: autoDraw = True
67.0464 	EXP 	rdy_cont: autoDraw = True
126.5665 	DATA 	Keypress: escape
126.7894 	EXP 	window1: mouseVisible = True
