5.9691 	WARNING 	Monitor specification not found. Creating a temporary one...
5.9713 	WARNING 	User requested fullscreen with size [1680 1050], but screen is actually [2880, 1800]. Using actual size
7.0731 	EXP 	Created window1 = Window(allowGUI=False, allowStencil=False, args=UNKNOWN, autoLog=True, bitsMode=UNKNOWN, blendMode='avg', color=array([0., 0., 0.]), colorSpace='rgb', fullscr=<method-wrapper '__getattribute__' of attributeSetter object at 0x000002A0808451D0>, gamma=None, kwargs=UNKNOWN, lms=UNKNOWN, monitor=<psychopy.monitors.calibTools.Monitor object at 0x000002A080809EB8>, multiSample=False, name='window1', numSamples=2, pos=[0.0, 0.0], screen=0, size=array([2880, 1800]), stereo=False, units='height', useFBO=True, useRetina=False, viewOri=0.0, viewPos=None, viewScale=None, waitBlanking=True, winType='pyglet')
7.0731 	EXP 	window1: recordFrameIntervals = False
7.2394 	EXP 	window1: recordFrameIntervals = True
7.4227 	EXP 	window1: recordFrameIntervals = False
8.9727 	EXP 	Created gen_instr_txt = TextStim(__class__=<class 'psychopy.visual.text.TextStim'>, alignHoriz='center', alignVert='center', antialias=True, autoLog=True, bold=False, color='white', colorSpace='named', contrast=1.0, depth=0.0, flipHoriz=False, flipVert=False, font='Arial', fontFiles=[], height=0.05, italic=False, languageStyle='LTR', name='gen_instr_txt', opacity=1.0, ori=0, pos=array([0., 0.]), rgb=array([255., 255., 255.]), text=str(...), units='height', win=Window(...), wrapWidth=1)
8.9866 	EXP 	Created instr_cont = TextStim(__class__=<class 'psychopy.visual.text.TextStim'>, alignHoriz='center', alignVert='center', antialias=True, autoLog=True, bold=False, color='white', colorSpace='named', contrast=1.0, depth=-2.0, flipHoriz=False, flipVert=False, font='Arial', fontFiles=[], height=0.05, italic=False, languageStyle='LTR', name='instr_cont', opacity=1.0, ori=0, pos=array([ 0. , -0.4]), rgb=array([255., 255., 255.]), text='Press SPACE to continue.', units='height', win=Window(...), wrapWidth=1)
9.0239 	EXP 	Created gen_instr_2_txt = TextStim(__class__=<class 'psychopy.visual.text.TextStim'>, alignHoriz='center', alignVert='center', antialias=True, autoLog=True, bold=False, color='white', colorSpace='named', contrast=1.0, depth=0.0, flipHoriz=False, flipVert=False, font='Arial', fontFiles=[], height=0.05, italic=False, languageStyle='LTR', name='gen_instr_2_txt', opacity=1.0, ori=0, pos=array([0., 0.]), rgb=array([255., 255., 255.]), text=str(...), units='height', win=Window(...), wrapWidth=1)
9.0332 	EXP 	Created instr_2_cont = TextStim(__class__=<class 'psychopy.visual.text.TextStim'>, alignHoriz='center', alignVert='center', antialias=True, autoLog=True, bold=False, color='white', colorSpace='named', contrast=1.0, depth=-2.0, flipHoriz=False, flipVert=False, font='Arial', fontFiles=[], height=0.05, italic=False, languageStyle='LTR', name='instr_2_cont', opacity=1.0, ori=0, pos=array([ 0. , -0.4]), rgb=array([255., 255., 255.]), text='Press SPACE to continue.', units='height', win=Window(...), wrapWidth=1)
9.0412 	EXP 	Created rdy_txt = TextStim(__class__=<class 'psychopy.visual.text.TextStim'>, alignHoriz='center', alignVert='center', antialias=True, autoLog=True, bold=False, color='white', colorSpace='named', contrast=1.0, depth=0.0, flipHoriz=False, flipVert=False, font='Arial', fontFiles=[], height=0.05, italic=False, languageStyle='LTR', name='rdy_txt', opacity=1.0, ori=0, pos=array([0., 0.]), rgb=array([255., 255., 255.]), text='default text', units='height', win=Window(...), wrapWidth=1)
9.0497 	EXP 	Created rdy_cont = TextStim(__class__=<class 'psychopy.visual.text.TextStim'>, alignHoriz='center', alignVert='center', antialias=True, autoLog=True, bold=False, color='white', colorSpace='named', contrast=1.0, depth=-2.0, flipHoriz=False, flipVert=False, font='Arial', fontFiles=[], height=0.05, italic=False, languageStyle='LTR', name='rdy_cont', opacity=1.0, ori=0, pos=array([ 0. , -0.4]), rgb=array([255., 255., 255.]), text='Press SPACE to begin.', units='height', win=Window(...), wrapWidth=1)
9.0846 	EXP 	Created NL_Pair = TextStim(__class__=<class 'psychopy.visual.text.TextStim'>, alignHoriz='center', alignVert='center', antialias=True, autoLog=True, bold=False, color='white', colorSpace='named', contrast=1.0, depth=0.0, flipHoriz=False, flipVert=False, font='Arial', fontFiles=[], height=0.1, italic=False, languageStyle='LTR', name='NL_Pair', opacity=1.0, ori=0, pos=array([0., 0.]), rgb=array([255., 255., 255.]), text='default text', units='height', win=Window(...), wrapWidth=1)
9.0907 	EXP 	Created number_reminder = TextStim(__class__=<class 'psychopy.visual.text.TextStim'>, alignHoriz='center', alignVert='center', antialias=True, autoLog=True, bold=False, color='white', colorSpace='named', contrast=1.0, depth=-2.0, flipHoriz=False, flipVert=False, font='Arial', fontFiles=[], height=0.05, italic=False, languageStyle='LTR', name='number_reminder', opacity=1.0, ori=0, pos=array([0.  , 0.45]), rgb=array([255., 255., 255.]), text='default text', units='height', win=Window(...), wrapWidth=1)
9.0967 	EXP 	Created letter_reminder = TextStim(__class__=<class 'psychopy.visual.text.TextStim'>, alignHoriz='center', alignVert='center', antialias=True, autoLog=True, bold=False, color='white', colorSpace='named', contrast=1.0, depth=-3.0, flipHoriz=False, flipVert=False, font='Arial', fontFiles=[], height=0.05, italic=False, languageStyle='LTR', name='letter_reminder', opacity=1.0, ori=0, pos=array([ 0.  , -0.45]), rgb=array([255., 255., 255.]), text='default text', units='height', win=Window(...), wrapWidth=1)
9.1035 	EXP 	Created fdbk_txt = TextStim(__class__=<class 'psychopy.visual.text.TextStim'>, alignHoriz='center', alignVert='center', antialias=True, autoLog=True, bold=False, color='white', colorSpace='named', contrast=1.0, depth=0.0, flipHoriz=False, flipVert=False, font='Arial', fontFiles=[], height=0.05, italic=False, languageStyle='LTR', name='fdbk_txt', opacity=1.0, ori=0, pos=array([0., 0.]), rgb=array([255., 255., 255.]), text='default text', units='height', win=Window(...), wrapWidth=1)
9.1133 	EXP 	Created fdbk_cont = TextStim(__class__=<class 'psychopy.visual.text.TextStim'>, alignHoriz='center', alignVert='center', antialias=True, autoLog=True, bold=False, color='white', colorSpace='named', contrast=1.0, depth=-2.0, flipHoriz=False, flipVert=False, font='Arial', fontFiles=[], height=0.05, italic=False, languageStyle='LTR', name='fdbk_cont', opacity=1.0, ori=0, pos=array([ 0. , -0.4]), rgb=array([255., 255., 255.]), text='Press SPACE to continue.', units='height', win=Window(...), wrapWidth=1)
9.1894 	EXP 	gen_instr_txt: autoDraw = True
9.1894 	EXP 	instr_cont: autoDraw = True
10.4827 	DATA 	Keypress: space
10.4897 	EXP 	gen_instr_txt: autoDraw = False
10.4897 	EXP 	instr_cont: autoDraw = False
10.4897 	EXP 	gen_instr_2_txt: autoDraw = True
10.4897 	EXP 	instr_2_cont: autoDraw = True
10.9971 	DATA 	Keypress: space
11.0430 	EXP 	Imported NLT_Blocks.xlsx as conditions, 3 conditions, 4 params
11.0432 	EXP 	Created sequence: sequential, trialTypes=3, nReps=1, seed=None
11.0436 	EXP 	New trial (rep=0, index=0): OrderedDict([('block', 1), ('cond_file', 'NLT_Block_1.xlsx'), ('ready_msg', 'Respond by pressing:\n        F if the number is odd\n        J if the number is even\n\nRemember...\n        Odd numbers are 1, 3, 5, 7, and 9\n        Even numbers are 2, 4, 6, and 8'), ('fdbk_msg', 'Good work! \n\nIn this second block, number-letter pairs will only appear on the bottom half of the screen. \n\nDecide if the letter is a consonant or a vowel. ')])
11.1394 	EXP 	gen_instr_2_txt: autoDraw = False
11.1394 	EXP 	instr_2_cont: autoDraw = False
11.1394 	EXP 	rdy_txt: text = 'Respond by pressing:\n        F if the number is odd\n        J if the number is even\n\nRemember...\n        Odd numbers are 1, 3, 5, 7, and 9\n        Even numbers are 2, 4, 6, and 8'
11.1394 	EXP 	rdy_txt: autoDraw = True
11.1394 	EXP 	rdy_cont: autoDraw = True
11.9941 	DATA 	Keypress: space
12.0196 	EXP 	Imported NLT_Block_1.xlsx as conditions, 32 conditions, 7 params
12.0199 	EXP 	Created sequence: sequential, trialTypes=32, nReps=1, seed=None
12.0201 	EXP 	New trial (rep=0, index=0): OrderedDict([('pair', '2G'), ('allowed', 'fj'), ('correct', 'j'), ('state', 'TopLeft'), ('position', [-0.3, 0.3]), ('num_reminder', 'F = Odd        J = Even'), ('lett_reminder', ' ')])
12.0563 	EXP 	rdy_txt: autoDraw = False
12.0563 	EXP 	rdy_cont: autoDraw = False
12.0563 	EXP 	NL_Pair: pos = array([-0.3,  0.3])
12.0563 	EXP 	NL_Pair: text = '2G'
12.0563 	EXP 	number_reminder: text = 'F = Odd        J = Even'
12.0563 	EXP 	letter_reminder: text = ' '
12.0563 	EXP 	NL_Pair: autoDraw = True
12.0563 	EXP 	number_reminder: autoDraw = True
12.0563 	EXP 	letter_reminder: autoDraw = True
14.8267 	EXP 	New trial (rep=0, index=1): OrderedDict([('pair', '5I'), ('allowed', 'fj'), ('correct', 'f'), ('state', 'TopRight'), ('position', [0.3, 0.3]), ('num_reminder', 'F = Odd        J = Even'), ('lett_reminder', ' ')])
14.8396 	DATA 	Keypress: f
14.8560 	EXP 	NL_Pair: autoDraw = False
14.8560 	EXP 	number_reminder: autoDraw = False
14.8560 	EXP 	letter_reminder: autoDraw = False
14.8560 	EXP 	NL_Pair: pos = array([0.3, 0.3])
14.8560 	EXP 	NL_Pair: text = '5I'
14.8560 	EXP 	number_reminder: text = 'F = Odd        J = Even'
14.8560 	EXP 	letter_reminder: text = ' '
14.8560 	EXP 	NL_Pair: autoDraw = True
14.8560 	EXP 	number_reminder: autoDraw = True
14.8560 	EXP 	letter_reminder: autoDraw = True
15.1952 	DATA 	Keypress: j
15.2109 	EXP 	New trial (rep=0, index=2): OrderedDict([('pair', '2K'), ('allowed', 'fj'), ('correct', 'j'), ('state', 'TopLeft'), ('position', [-0.3, 0.3]), ('num_reminder', 'F = Odd        J = Even'), ('lett_reminder', ' ')])
15.2398 	EXP 	NL_Pair: autoDraw = False
15.2398 	EXP 	number_reminder: autoDraw = False
15.2398 	EXP 	letter_reminder: autoDraw = False
15.2398 	EXP 	NL_Pair: pos = array([-0.3,  0.3])
15.2398 	EXP 	NL_Pair: text = '2K'
15.2398 	EXP 	number_reminder: text = 'F = Odd        J = Even'
15.2398 	EXP 	letter_reminder: text = ' '
15.2398 	EXP 	NL_Pair: autoDraw = True
15.2398 	EXP 	number_reminder: autoDraw = True
15.2398 	EXP 	letter_reminder: autoDraw = True
16.0779 	DATA 	Keypress: escape
16.2450 	EXP 	window1: mouseVisible = True
7.8396 	WARNING 	Monitor specification not found. Creating a temporary one...
7.8417 	WARNING 	User requested fullscreen with size [1680 1050], but screen is actually [2880, 1800]. Using actual size
8.7881 	EXP 	Created window1 = Window(allowGUI=False, allowStencil=False, args=UNKNOWN, autoLog=True, bitsMode=UNKNOWN, blendMode='avg', color=array([0., 0., 0.]), colorSpace='rgb', fullscr=<method-wrapper '__getattribute__' of attributeSetter object at 0x00000199D5676160>, gamma=None, kwargs=UNKNOWN, lms=UNKNOWN, monitor=<psychopy.monitors.calibTools.Monitor object at 0x00000199D563BE48>, multiSample=False, name='window1', numSamples=2, pos=[0.0, 0.0], screen=0, size=array([2880, 1800]), stereo=False, units='height', useFBO=True, useRetina=False, viewOri=0.0, viewPos=None, viewScale=None, waitBlanking=True, winType='pyglet')
8.7881 	EXP 	window1: recordFrameIntervals = False
8.9542 	EXP 	window1: recordFrameIntervals = True
9.1379 	EXP 	window1: recordFrameIntervals = False
9.5038 	EXP 	Created gen_instr_txt = TextStim(__class__=<class 'psychopy.visual.text.TextStim'>, alignHoriz='center', alignVert='center', antialias=True, autoLog=True, bold=False, color='white', colorSpace='named', contrast=1.0, depth=0.0, flipHoriz=False, flipVert=False, font='Arial', fontFiles=[], height=0.05, italic=False, languageStyle='LTR', name='gen_instr_txt', opacity=1.0, ori=0, pos=array([0., 0.]), rgb=array([255., 255., 255.]), text=str(...), units='height', win=Window(...), wrapWidth=1)
9.5173 	EXP 	Created instr_cont = TextStim(__class__=<class 'psychopy.visual.text.TextStim'>, alignHoriz='center', alignVert='center', antialias=True, autoLog=True, bold=False, color='white', colorSpace='named', contrast=1.0, depth=-2.0, flipHoriz=False, flipVert=False, font='Arial', fontFiles=[], height=0.05, italic=False, languageStyle='LTR', name='instr_cont', opacity=1.0, ori=0, pos=array([ 0. , -0.4]), rgb=array([255., 255., 255.]), text='Press SPACE to continue.', units='height', win=Window(...), wrapWidth=1)
9.5539 	EXP 	Created gen_instr_2_txt = TextStim(__class__=<class 'psychopy.visual.text.TextStim'>, alignHoriz='center', alignVert='center', antialias=True, autoLog=True, bold=False, color='white', colorSpace='named', contrast=1.0, depth=0.0, flipHoriz=False, flipVert=False, font='Arial', fontFiles=[], height=0.05, italic=False, languageStyle='LTR', name='gen_instr_2_txt', opacity=1.0, ori=0, pos=array([0., 0.]), rgb=array([255., 255., 255.]), text=str(...), units='height', win=Window(...), wrapWidth=1)
9.5630 	EXP 	Created instr_2_cont = TextStim(__class__=<class 'psychopy.visual.text.TextStim'>, alignHoriz='center', alignVert='center', antialias=True, autoLog=True, bold=False, color='white', colorSpace='named', contrast=1.0, depth=-2.0, flipHoriz=False, flipVert=False, font='Arial', fontFiles=[], height=0.05, italic=False, languageStyle='LTR', name='instr_2_cont', opacity=1.0, ori=0, pos=array([ 0. , -0.4]), rgb=array([255., 255., 255.]), text='Press SPACE to continue.', units='height', win=Window(...), wrapWidth=1)
9.5711 	EXP 	Created rdy_txt = TextStim(__class__=<class 'psychopy.visual.text.TextStim'>, alignHoriz='center', alignVert='center', antialias=True, autoLog=True, bold=False, color='white', colorSpace='named', contrast=1.0, depth=0.0, flipHoriz=False, flipVert=False, font='Arial', fontFiles=[], height=0.05, italic=False, languageStyle='LTR', name='rdy_txt', opacity=1.0, ori=0, pos=array([0., 0.]), rgb=array([255., 255., 255.]), text='default text', units='height', win=Window(...), wrapWidth=1)
9.5804 	EXP 	Created rdy_cont = TextStim(__class__=<class 'psychopy.visual.text.TextStim'>, alignHoriz='center', alignVert='center', antialias=True, autoLog=True, bold=False, color='white', colorSpace='named', contrast=1.0, depth=-2.0, flipHoriz=False, flipVert=False, font='Arial', fontFiles=[], height=0.05, italic=False, languageStyle='LTR', name='rdy_cont', opacity=1.0, ori=0, pos=array([ 0. , -0.4]), rgb=array([255., 255., 255.]), text='Press SPACE to begin.', units='height', win=Window(...), wrapWidth=1)
9.6102 	EXP 	Created NL_Pair = TextStim(__class__=<class 'psychopy.visual.text.TextStim'>, alignHoriz='center', alignVert='center', antialias=True, autoLog=True, bold=False, color='white', colorSpace='named', contrast=1.0, depth=0.0, flipHoriz=False, flipVert=False, font='Arial', fontFiles=[], height=0.1, italic=False, languageStyle='LTR', name='NL_Pair', opacity=1.0, ori=0, pos=array([0., 0.]), rgb=array([255., 255., 255.]), text='default text', units='height', win=Window(...), wrapWidth=1)
9.6161 	EXP 	Created number_reminder = TextStim(__class__=<class 'psychopy.visual.text.TextStim'>, alignHoriz='center', alignVert='center', antialias=True, autoLog=True, bold=False, color='white', colorSpace='named', contrast=1.0, depth=-2.0, flipHoriz=False, flipVert=False, font='Arial', fontFiles=[], height=0.05, italic=False, languageStyle='LTR', name='number_reminder', opacity=1.0, ori=0, pos=array([0.  , 0.45]), rgb=array([255., 255., 255.]), text='default text', units='height', win=Window(...), wrapWidth=1)
9.6218 	EXP 	Created letter_reminder = TextStim(__class__=<class 'psychopy.visual.text.TextStim'>, alignHoriz='center', alignVert='center', antialias=True, autoLog=True, bold=False, color='white', colorSpace='named', contrast=1.0, depth=-3.0, flipHoriz=False, flipVert=False, font='Arial', fontFiles=[], height=0.05, italic=False, languageStyle='LTR', name='letter_reminder', opacity=1.0, ori=0, pos=array([ 0.  , -0.45]), rgb=array([255., 255., 255.]), text='default text', units='height', win=Window(...), wrapWidth=1)
9.6276 	EXP 	Created fdbk_txt = TextStim(__class__=<class 'psychopy.visual.text.TextStim'>, alignHoriz='center', alignVert='center', antialias=True, autoLog=True, bold=False, color='white', colorSpace='named', contrast=1.0, depth=0.0, flipHoriz=False, flipVert=False, font='Arial', fontFiles=[], height=0.05, italic=False, languageStyle='LTR', name='fdbk_txt', opacity=1.0, ori=0, pos=array([0., 0.]), rgb=array([255., 255., 255.]), text='default text', units='height', win=Window(...), wrapWidth=1)
9.6370 	EXP 	Created fdbk_cont = TextStim(__class__=<class 'psychopy.visual.text.TextStim'>, alignHoriz='center', alignVert='center', antialias=True, autoLog=True, bold=False, color='white', colorSpace='named', contrast=1.0, depth=-2.0, flipHoriz=False, flipVert=False, font='Arial', fontFiles=[], height=0.05, italic=False, languageStyle='LTR', name='fdbk_cont', opacity=1.0, ori=0, pos=array([ 0. , -0.4]), rgb=array([255., 255., 255.]), text='Press SPACE to continue.', units='height', win=Window(...), wrapWidth=1)
9.7046 	EXP 	gen_instr_txt: autoDraw = True
9.7046 	EXP 	instr_cont: autoDraw = True
12.1124 	DATA 	Keypress: space
12.1224 	EXP 	gen_instr_txt: autoDraw = False
12.1224 	EXP 	instr_cont: autoDraw = False
12.1224 	EXP 	gen_instr_2_txt: autoDraw = True
12.1224 	EXP 	instr_2_cont: autoDraw = True
13.3303 	EXP 	Imported NLT_Blocks.xlsx as conditions, 3 conditions, 4 params
13.3305 	EXP 	Created sequence: sequential, trialTypes=3, nReps=1, seed=None
13.3308 	EXP 	New trial (rep=0, index=0): OrderedDict([('block', 1), ('cond_file', 'NLT_Block_1.xlsx'), ('ready_msg', 'Respond by pressing:\n        F if the number is odd\n        J if the number is even\n\nRemember...\n        Odd numbers are 1, 3, 5, 7, and 9\n        Even numbers are 2, 4, 6, and 8'), ('fdbk_msg', 'Good work! \n\nIn this second block, number-letter pairs will only appear on the bottom half of the screen. \n\nDecide if the letter is a consonant or a vowel. ')])
13.4301 	DATA 	Keypress: space
13.4538 	EXP 	gen_instr_2_txt: autoDraw = False
13.4538 	EXP 	instr_2_cont: autoDraw = False
13.4538 	EXP 	rdy_txt: text = 'Respond by pressing:\n        F if the number is odd\n        J if the number is even\n\nRemember...\n        Odd numbers are 1, 3, 5, 7, and 9\n        Even numbers are 2, 4, 6, and 8'
13.4538 	EXP 	rdy_txt: autoDraw = True
13.4538 	EXP 	rdy_cont: autoDraw = True
14.5511 	EXP 	Imported NLT_Block_1.xlsx as conditions, 32 conditions, 7 params
14.5514 	EXP 	Created sequence: sequential, trialTypes=32, nReps=1, seed=None
14.5517 	EXP 	New trial (rep=0, index=0): OrderedDict([('pair', '2G'), ('allowed', 'fj'), ('correct', 'j'), ('state', 'TopLeft'), ('position', [-0.3, 0.3]), ('num_reminder', 'F = Odd        J = Even'), ('lett_reminder', ' ')])
14.5794 	DATA 	Keypress: space
14.5874 	EXP 	rdy_txt: autoDraw = False
14.5874 	EXP 	rdy_cont: autoDraw = False
14.5874 	EXP 	NL_Pair: pos = array([-0.3,  0.3])
14.5874 	EXP 	NL_Pair: text = '2G'
14.5874 	EXP 	number_reminder: text = 'F = Odd        J = Even'
14.5874 	EXP 	letter_reminder: text = ' '
14.5874 	EXP 	NL_Pair: autoDraw = True
14.5874 	EXP 	number_reminder: autoDraw = True
14.5874 	EXP 	letter_reminder: autoDraw = True
16.8579 	EXP 	New trial (rep=0, index=1): OrderedDict([('pair', '5I'), ('allowed', 'fj'), ('correct', 'f'), ('state', 'TopRight'), ('position', [0.3, 0.3]), ('num_reminder', 'F = Odd        J = Even'), ('lett_reminder', ' ')])
16.8696 	DATA 	Keypress: j
16.8877 	EXP 	NL_Pair: autoDraw = False
16.8877 	EXP 	number_reminder: autoDraw = False
16.8877 	EXP 	letter_reminder: autoDraw = False
16.8877 	EXP 	NL_Pair: pos = array([0.3, 0.3])
16.8877 	EXP 	NL_Pair: text = '5I'
16.8877 	EXP 	number_reminder: text = 'F = Odd        J = Even'
16.8877 	EXP 	letter_reminder: text = ' '
16.8877 	EXP 	NL_Pair: autoDraw = True
16.8877 	EXP 	number_reminder: autoDraw = True
16.8877 	EXP 	letter_reminder: autoDraw = True
17.5085 	DATA 	Keypress: f
17.5250 	EXP 	New trial (rep=0, index=2): OrderedDict([('pair', '2K'), ('allowed', 'fj'), ('correct', 'j'), ('state', 'TopLeft'), ('position', [-0.3, 0.3]), ('num_reminder', 'F = Odd        J = Even'), ('lett_reminder', ' ')])
17.5541 	EXP 	NL_Pair: autoDraw = False
17.5541 	EXP 	number_reminder: autoDraw = False
17.5541 	EXP 	letter_reminder: autoDraw = False
17.5541 	EXP 	NL_Pair: pos = array([-0.3,  0.3])
17.5541 	EXP 	NL_Pair: text = '2K'
17.5541 	EXP 	number_reminder: text = 'F = Odd        J = Even'
17.5541 	EXP 	letter_reminder: text = ' '
17.5541 	EXP 	NL_Pair: autoDraw = True
17.5541 	EXP 	number_reminder: autoDraw = True
17.5541 	EXP 	letter_reminder: autoDraw = True
18.8079 	EXP 	New trial (rep=0, index=3): OrderedDict([('pair', '7A'), ('allowed', 'fj'), ('correct', 'f'), ('state', 'TopRight'), ('position', [0.3, 0.3]), ('num_reminder', 'F = Odd        J = Even'), ('lett_reminder', ' ')])
18.8197 	DATA 	Keypress: j
18.8374 	EXP 	NL_Pair: autoDraw = False
18.8374 	EXP 	number_reminder: autoDraw = False
18.8374 	EXP 	letter_reminder: autoDraw = False
18.8374 	EXP 	NL_Pair: pos = array([0.3, 0.3])
18.8374 	EXP 	NL_Pair: text = '7A'
18.8374 	EXP 	number_reminder: text = 'F = Odd        J = Even'
18.8374 	EXP 	letter_reminder: text = ' '
18.8374 	EXP 	NL_Pair: autoDraw = True
18.8374 	EXP 	number_reminder: autoDraw = True
18.8374 	EXP 	letter_reminder: autoDraw = True
19.4083 	EXP 	New trial (rep=0, index=4): OrderedDict([('pair', '1E'), ('allowed', 'fj'), ('correct', 'f'), ('state', 'TopLeft'), ('position', [-0.3, 0.3]), ('num_reminder', 'F = Odd        J = Even'), ('lett_reminder', ' ')])
19.4213 	DATA 	Keypress: f
19.4374 	EXP 	NL_Pair: autoDraw = False
19.4374 	EXP 	number_reminder: autoDraw = False
19.4374 	EXP 	letter_reminder: autoDraw = False
19.4374 	EXP 	NL_Pair: pos = array([-0.3,  0.3])
19.4374 	EXP 	NL_Pair: text = '1E'
19.4374 	EXP 	number_reminder: text = 'F = Odd        J = Even'
19.4374 	EXP 	letter_reminder: text = ' '
19.4374 	EXP 	NL_Pair: autoDraw = True
19.4374 	EXP 	number_reminder: autoDraw = True
19.4374 	EXP 	letter_reminder: autoDraw = True
21.0913 	EXP 	New trial (rep=0, index=5): OrderedDict([('pair', '6R'), ('allowed', 'fj'), ('correct', 'j'), ('state', 'TopRight'), ('position', [0.3, 0.3]), ('num_reminder', 'F = Odd        J = Even'), ('lett_reminder', ' ')])
21.1043 	DATA 	Keypress: f
21.1206 	EXP 	NL_Pair: autoDraw = False
21.1206 	EXP 	number_reminder: autoDraw = False
21.1206 	EXP 	letter_reminder: autoDraw = False
21.1206 	EXP 	NL_Pair: pos = array([0.3, 0.3])
21.1206 	EXP 	NL_Pair: text = '6R'
21.1206 	EXP 	number_reminder: text = 'F = Odd        J = Even'
21.1206 	EXP 	letter_reminder: text = ' '
21.1206 	EXP 	NL_Pair: autoDraw = True
21.1206 	EXP 	number_reminder: autoDraw = True
21.1206 	EXP 	letter_reminder: autoDraw = True
22.3248 	DATA 	Keypress: j
22.3413 	EXP 	New trial (rep=0, index=6): OrderedDict([('pair', '9I'), ('allowed', 'fj'), ('correct', 'f'), ('state', 'TopLeft'), ('position', [-0.3, 0.3]), ('num_reminder', 'F = Odd        J = Even'), ('lett_reminder', ' ')])
22.3540 	EXP 	NL_Pair: autoDraw = False
22.3540 	EXP 	number_reminder: autoDraw = False
22.3540 	EXP 	letter_reminder: autoDraw = False
22.3540 	EXP 	NL_Pair: pos = array([-0.3,  0.3])
22.3540 	EXP 	NL_Pair: text = '9I'
22.3540 	EXP 	number_reminder: text = 'F = Odd        J = Even'
22.3540 	EXP 	letter_reminder: text = ' '
22.3540 	EXP 	NL_Pair: autoDraw = True
22.3540 	EXP 	number_reminder: autoDraw = True
22.3540 	EXP 	letter_reminder: autoDraw = True
23.1577 	EXP 	New trial (rep=0, index=7): OrderedDict([('pair', '6M'), ('allowed', 'fj'), ('correct', 'j'), ('state', 'TopRight'), ('position', [0.3, 0.3]), ('num_reminder', 'F = Odd        J = Even'), ('lett_reminder', ' ')])
23.1686 	DATA 	Keypress: f
23.1873 	EXP 	NL_Pair: autoDraw = False
23.1873 	EXP 	number_reminder: autoDraw = False
23.1873 	EXP 	letter_reminder: autoDraw = False
23.1873 	EXP 	NL_Pair: pos = array([0.3, 0.3])
23.1873 	EXP 	NL_Pair: text = '6M'
23.1873 	EXP 	number_reminder: text = 'F = Odd        J = Even'
23.1873 	EXP 	letter_reminder: text = ' '
23.1873 	EXP 	NL_Pair: autoDraw = True
23.1873 	EXP 	number_reminder: autoDraw = True
23.1873 	EXP 	letter_reminder: autoDraw = True
23.8582 	EXP 	New trial (rep=0, index=8): OrderedDict([('pair', '1R'), ('allowed', 'fj'), ('correct', 'f'), ('state', 'TopLeft'), ('position', [-0.3, 0.3]), ('num_reminder', 'F = Odd        J = Even'), ('lett_reminder', ' ')])
23.8657 	DATA 	Keypress: j
23.8706 	EXP 	NL_Pair: autoDraw = False
23.8706 	EXP 	number_reminder: autoDraw = False
23.8706 	EXP 	letter_reminder: autoDraw = False
23.8706 	EXP 	NL_Pair: pos = array([-0.3,  0.3])
23.8706 	EXP 	NL_Pair: text = '1R'
23.8706 	EXP 	number_reminder: text = 'F = Odd        J = Even'
23.8706 	EXP 	letter_reminder: text = ' '
23.8706 	EXP 	NL_Pair: autoDraw = True
23.8706 	EXP 	number_reminder: autoDraw = True
23.8706 	EXP 	letter_reminder: autoDraw = True
24.4587 	EXP 	New trial (rep=0, index=9): OrderedDict([('pair', '2R'), ('allowed', 'fj'), ('correct', 'j'), ('state', 'TopRight'), ('position', [0.3, 0.3]), ('num_reminder', 'F = Odd        J = Even'), ('lett_reminder', ' ')])
24.4664 	DATA 	Keypress: f
24.4708 	EXP 	NL_Pair: autoDraw = False
24.4708 	EXP 	number_reminder: autoDraw = False
24.4708 	EXP 	letter_reminder: autoDraw = False
24.4708 	EXP 	NL_Pair: pos = array([0.3, 0.3])
24.4708 	EXP 	NL_Pair: text = '2R'
24.4708 	EXP 	number_reminder: text = 'F = Odd        J = Even'
24.4708 	EXP 	letter_reminder: text = ' '
24.4708 	EXP 	NL_Pair: autoDraw = True
24.4708 	EXP 	number_reminder: autoDraw = True
24.4708 	EXP 	letter_reminder: autoDraw = True
25.1255 	DATA 	Keypress: j
25.1420 	EXP 	New trial (rep=0, index=10): OrderedDict([('pair', '9E'), ('allowed', 'fj'), ('correct', 'f'), ('state', 'TopLeft'), ('position', [-0.3, 0.3]), ('num_reminder', 'F = Odd        J = Even'), ('lett_reminder', ' ')])
25.1541 	EXP 	NL_Pair: autoDraw = False
25.1541 	EXP 	number_reminder: autoDraw = False
25.1541 	EXP 	letter_reminder: autoDraw = False
25.1541 	EXP 	NL_Pair: pos = array([-0.3,  0.3])
25.1541 	EXP 	NL_Pair: text = '9E'
25.1541 	EXP 	number_reminder: text = 'F = Odd        J = Even'
25.1541 	EXP 	letter_reminder: text = ' '
25.1541 	EXP 	NL_Pair: autoDraw = True
25.1541 	EXP 	number_reminder: autoDraw = True
25.1541 	EXP 	letter_reminder: autoDraw = True
26.1087 	EXP 	New trial (rep=0, index=11): OrderedDict([('pair', '7K'), ('allowed', 'fj'), ('correct', 'f'), ('state', 'TopRight'), ('position', [0.3, 0.3]), ('num_reminder', 'F = Odd        J = Even'), ('lett_reminder', ' ')])
26.1163 	DATA 	Keypress: f
26.1209 	EXP 	NL_Pair: autoDraw = False
26.1209 	EXP 	number_reminder: autoDraw = False
26.1209 	EXP 	letter_reminder: autoDraw = False
26.1209 	EXP 	NL_Pair: pos = array([0.3, 0.3])
26.1209 	EXP 	NL_Pair: text = '7K'
26.1209 	EXP 	number_reminder: text = 'F = Odd        J = Even'
26.1209 	EXP 	letter_reminder: text = ' '
26.1209 	EXP 	NL_Pair: autoDraw = True
26.1209 	EXP 	number_reminder: autoDraw = True
26.1209 	EXP 	letter_reminder: autoDraw = True
26.7247 	EXP 	New trial (rep=0, index=12): OrderedDict([('pair', '8M'), ('allowed', 'fj'), ('correct', 'j'), ('state', 'TopLeft'), ('position', [-0.3, 0.3]), ('num_reminder', 'F = Odd        J = Even'), ('lett_reminder', ' ')])
26.7354 	DATA 	Keypress: j
26.7539 	EXP 	NL_Pair: autoDraw = False
26.7539 	EXP 	number_reminder: autoDraw = False
26.7539 	EXP 	letter_reminder: autoDraw = False
26.7539 	EXP 	NL_Pair: pos = array([-0.3,  0.3])
26.7539 	EXP 	NL_Pair: text = '8M'
26.7539 	EXP 	number_reminder: text = 'F = Odd        J = Even'
26.7539 	EXP 	letter_reminder: text = ' '
26.7539 	EXP 	NL_Pair: autoDraw = True
26.7539 	EXP 	number_reminder: autoDraw = True
26.7539 	EXP 	letter_reminder: autoDraw = True
28.1093 	DATA 	Keypress: j
28.1249 	EXP 	New trial (rep=0, index=13): OrderedDict([('pair', '8K'), ('allowed', 'fj'), ('correct', 'j'), ('state', 'TopRight'), ('position', [0.3, 0.3]), ('num_reminder', 'F = Odd        J = Even'), ('lett_reminder', ' ')])
28.1377 	EXP 	NL_Pair: autoDraw = False
28.1377 	EXP 	number_reminder: autoDraw = False
28.1377 	EXP 	letter_reminder: autoDraw = False
28.1377 	EXP 	NL_Pair: pos = array([0.3, 0.3])
28.1377 	EXP 	NL_Pair: text = '8K'
28.1377 	EXP 	number_reminder: text = 'F = Odd        J = Even'
28.1377 	EXP 	letter_reminder: text = ' '
28.1377 	EXP 	NL_Pair: autoDraw = True
28.1377 	EXP 	number_reminder: autoDraw = True
28.1377 	EXP 	letter_reminder: autoDraw = True
29.2250 	EXP 	New trial (rep=0, index=14): OrderedDict([('pair', '5G'), ('allowed', 'fj'), ('correct', 'f'), ('state', 'TopLeft'), ('position', [-0.3, 0.3]), ('num_reminder', 'F = Odd        J = Even'), ('lett_reminder', ' ')])
29.2328 	DATA 	Keypress: j
29.2371 	EXP 	NL_Pair: autoDraw = False
29.2371 	EXP 	number_reminder: autoDraw = False
29.2371 	EXP 	letter_reminder: autoDraw = False
29.2371 	EXP 	NL_Pair: pos = array([-0.3,  0.3])
29.2371 	EXP 	NL_Pair: text = '5G'
29.2371 	EXP 	number_reminder: text = 'F = Odd        J = Even'
29.2371 	EXP 	letter_reminder: text = ' '
29.2371 	EXP 	NL_Pair: autoDraw = True
29.2371 	EXP 	number_reminder: autoDraw = True
29.2371 	EXP 	letter_reminder: autoDraw = True
30.1586 	DATA 	Keypress: escape
30.3595 	EXP 	window1: mouseVisible = True
